TimeQuest Timing Analyzer report for part4
Thu Oct 03 16:18:35 2019
Quartus II 64-Bit Version 13.0.1 Build 232 06/12/2013 Service Pack 1 SJ Full Version


---------------------
; Table of Contents ;
---------------------
  1. Legal Notice
  2. TimeQuest Timing Analyzer Summary
  3. Parallel Compilation
  4. Clocks
  5. Slow Model Fmax Summary
  6. Slow Model Setup Summary
  7. Slow Model Hold Summary
  8. Slow Model Recovery Summary
  9. Slow Model Removal Summary
 10. Slow Model Minimum Pulse Width Summary
 11. Propagation Delay
 12. Minimum Propagation Delay
 13. Fast Model Setup Summary
 14. Fast Model Hold Summary
 15. Fast Model Recovery Summary
 16. Fast Model Removal Summary
 17. Fast Model Minimum Pulse Width Summary
 18. Propagation Delay
 19. Minimum Propagation Delay
 20. Multicorner Timing Analysis Summary
 21. Progagation Delay
 22. Minimum Progagation Delay
 23. Clock Transfers
 24. Report TCCS
 25. Report RSKM
 26. Unconstrained Paths
 27. TimeQuest Timing Analyzer Messages



----------------
; Legal Notice ;
----------------
Copyright (C) 1991-2013 Altera Corporation
Your use of Altera Corporation's design tools, logic functions 
and other software and tools, and its AMPP partner logic 
functions, and any output files from any of the foregoing 
(including device programming or simulation files), and any 
associated documentation or information are expressly subject 
to the terms and conditions of the Altera Program License 
Subscription Agreement, Altera MegaCore Function License 
Agreement, or other applicable license agreement, including, 
without limitation, that your use is for the sole purpose of 
programming logic devices manufactured by Altera and sold by 
Altera or its authorized distributors.  Please refer to the 
applicable agreement for further details.



+-----------------------------------------------------------------------------------------+
; TimeQuest Timing Analyzer Summary                                                       ;
+--------------------+--------------------------------------------------------------------+
; Quartus II Version ; Version 13.0.1 Build 232 06/12/2013 Service Pack 1 SJ Full Version ;
; Revision Name      ; part4                                                              ;
; Device Family      ; Cyclone II                                                         ;
; Device Name        ; EP2C20F484C7                                                       ;
; Timing Models      ; Final                                                              ;
; Delay Model        ; Combined                                                           ;
; Rise/Fall Delays   ; Unavailable                                                        ;
+--------------------+--------------------------------------------------------------------+


+------------------------------------------+
; Parallel Compilation                     ;
+----------------------------+-------------+
; Processors                 ; Number      ;
+----------------------------+-------------+
; Number detected on machine ; 8           ;
; Maximum allowed            ; 4           ;
;                            ;             ;
; Average used               ; 1.00        ;
; Maximum used               ; 1           ;
;                            ;             ;
; Usage by Processor         ; % Time Used ;
;     Processor 1            ; 100.0%      ;
;     Processors 2-8         ;   0.0%      ;
+----------------------------+-------------+


----------
; Clocks ;
----------
No clocks to report.


---------------------------
; Slow Model Fmax Summary ;
---------------------------
No paths to report.


----------------------------
; Slow Model Setup Summary ;
----------------------------
No paths to report.


---------------------------
; Slow Model Hold Summary ;
---------------------------
No paths to report.


-------------------------------
; Slow Model Recovery Summary ;
-------------------------------
No paths to report.


------------------------------
; Slow Model Removal Summary ;
------------------------------
No paths to report.


------------------------------------------
; Slow Model Minimum Pulse Width Summary ;
------------------------------------------
No paths to report.


+--------------------------------------------------------------+
; Propagation Delay                                            ;
+------------+-------------+--------+--------+--------+--------+
; Input Port ; Output Port ; RR     ; RF     ; FR     ; FF     ;
+------------+-------------+--------+--------+--------+--------+
; SW[0]      ; HEX0[0]     ; 10.854 ; 10.854 ; 10.854 ; 10.854 ;
; SW[0]      ; HEX0[1]     ; 11.808 ; 11.808 ; 11.808 ; 11.808 ;
; SW[0]      ; HEX0[2]     ; 11.601 ; 11.601 ; 11.601 ; 11.601 ;
; SW[0]      ; HEX0[3]     ; 11.793 ; 11.793 ; 11.793 ; 11.793 ;
; SW[0]      ; HEX0[4]     ; 11.471 ; 11.471 ; 11.471 ; 11.471 ;
; SW[0]      ; HEX0[5]     ; 11.446 ; 11.446 ; 11.446 ; 11.446 ;
; SW[0]      ; HEX0[6]     ; 11.445 ; 11.445 ; 11.445 ; 11.445 ;
; SW[0]      ; HEX1[0]     ; 10.647 ; 10.647 ; 10.647 ; 10.647 ;
; SW[0]      ; HEX1[3]     ; 10.958 ; 10.958 ; 10.958 ; 10.958 ;
; SW[0]      ; HEX1[4]     ; 10.968 ; 10.968 ; 10.968 ; 10.968 ;
; SW[0]      ; HEX1[5]     ; 11.002 ; 11.002 ; 11.002 ; 11.002 ;
; SW[0]      ; HEX2[0]     ; 7.681  ; 7.681  ; 7.681  ; 7.681  ;
; SW[0]      ; HEX2[1]     ; 7.465  ; 7.465  ; 7.465  ; 7.465  ;
; SW[0]      ; HEX2[2]     ;        ; 7.505  ; 7.505  ;        ;
; SW[0]      ; HEX2[3]     ; 7.502  ; 7.502  ; 7.502  ; 7.502  ;
; SW[0]      ; HEX2[4]     ; 7.713  ;        ;        ; 7.713  ;
; SW[0]      ; HEX2[5]     ; 7.818  ;        ;        ; 7.818  ;
; SW[0]      ; HEX2[6]     ; 7.839  ;        ;        ; 7.839  ;
; SW[0]      ; LEDG[7]     ; 13.282 ; 13.282 ; 13.282 ; 13.282 ;
; SW[1]      ; HEX0[0]     ; 10.153 ; 10.153 ; 10.153 ; 10.153 ;
; SW[1]      ; HEX0[1]     ; 10.868 ; 10.868 ; 10.868 ; 10.868 ;
; SW[1]      ; HEX0[2]     ; 10.661 ; 10.661 ; 10.661 ; 10.661 ;
; SW[1]      ; HEX0[3]     ; 10.853 ; 10.853 ; 10.853 ; 10.853 ;
; SW[1]      ; HEX0[4]     ; 10.531 ; 10.531 ; 10.531 ; 10.531 ;
; SW[1]      ; HEX0[5]     ; 10.506 ; 10.506 ; 10.506 ; 10.506 ;
; SW[1]      ; HEX0[6]     ; 10.505 ; 10.505 ; 10.505 ; 10.505 ;
; SW[1]      ; HEX1[0]     ; 9.707  ; 9.707  ; 9.707  ; 9.707  ;
; SW[1]      ; HEX1[3]     ; 10.018 ; 10.018 ; 10.018 ; 10.018 ;
; SW[1]      ; HEX1[4]     ; 10.028 ; 10.028 ; 10.028 ; 10.028 ;
; SW[1]      ; HEX1[5]     ; 10.062 ; 10.062 ; 10.062 ; 10.062 ;
; SW[1]      ; HEX2[0]     ;        ; 7.933  ; 7.933  ;        ;
; SW[1]      ; HEX2[1]     ; 7.709  ; 7.709  ; 7.709  ; 7.709  ;
; SW[1]      ; HEX2[2]     ; 7.748  ;        ;        ; 7.748  ;
; SW[1]      ; HEX2[3]     ; 7.717  ; 7.717  ; 7.717  ; 7.717  ;
; SW[1]      ; HEX2[4]     ;        ; 7.948  ; 7.948  ;        ;
; SW[1]      ; HEX2[5]     ; 8.054  ;        ;        ; 8.054  ;
; SW[1]      ; HEX2[6]     ; 8.042  ; 8.042  ; 8.042  ; 8.042  ;
; SW[1]      ; LEDG[7]     ; 12.342 ; 12.342 ; 12.342 ; 12.342 ;
; SW[2]      ; HEX0[0]     ; 11.200 ; 11.200 ; 11.200 ; 11.200 ;
; SW[2]      ; HEX0[1]     ; 11.883 ; 11.883 ; 11.883 ; 11.883 ;
; SW[2]      ; HEX0[2]     ; 11.676 ; 11.676 ; 11.676 ; 11.676 ;
; SW[2]      ; HEX0[3]     ; 11.868 ; 11.868 ; 11.868 ; 11.868 ;
; SW[2]      ; HEX0[4]     ; 11.546 ; 11.546 ; 11.546 ; 11.546 ;
; SW[2]      ; HEX0[5]     ; 11.521 ; 11.521 ; 11.521 ; 11.521 ;
; SW[2]      ; HEX0[6]     ; 11.520 ; 11.520 ; 11.520 ; 11.520 ;
; SW[2]      ; HEX1[0]     ; 10.722 ; 10.722 ; 10.722 ; 10.722 ;
; SW[2]      ; HEX1[3]     ; 11.033 ; 11.033 ; 11.033 ; 11.033 ;
; SW[2]      ; HEX1[4]     ; 11.043 ; 11.043 ; 11.043 ; 11.043 ;
; SW[2]      ; HEX1[5]     ; 11.077 ; 11.077 ; 11.077 ; 11.077 ;
; SW[2]      ; HEX2[0]     ; 7.484  ; 7.484  ; 7.484  ; 7.484  ;
; SW[2]      ; HEX2[1]     ; 7.261  ;        ;        ; 7.261  ;
; SW[2]      ; HEX2[2]     ;        ; 7.300  ; 7.300  ;        ;
; SW[2]      ; HEX2[3]     ; 7.302  ; 7.302  ; 7.302  ; 7.302  ;
; SW[2]      ; HEX2[4]     ; 7.502  ; 7.502  ; 7.502  ; 7.502  ;
; SW[2]      ; HEX2[5]     ;        ; 7.608  ; 7.608  ;        ;
; SW[2]      ; HEX2[6]     ; 7.628  ; 7.628  ; 7.628  ; 7.628  ;
; SW[2]      ; LEDG[7]     ; 13.357 ; 13.357 ; 13.357 ; 13.357 ;
; SW[3]      ; HEX0[0]     ; 8.613  ; 8.613  ; 8.613  ; 8.613  ;
; SW[3]      ; HEX0[1]     ; 9.719  ; 9.719  ; 9.719  ; 9.719  ;
; SW[3]      ; HEX0[2]     ; 9.512  ; 9.512  ; 9.512  ; 9.512  ;
; SW[3]      ; HEX0[3]     ; 9.704  ; 9.704  ; 9.704  ; 9.704  ;
; SW[3]      ; HEX0[4]     ; 9.382  ; 9.382  ; 9.382  ; 9.382  ;
; SW[3]      ; HEX0[5]     ; 9.357  ; 9.357  ; 9.357  ; 9.357  ;
; SW[3]      ; HEX0[6]     ; 9.356  ; 9.356  ; 9.356  ; 9.356  ;
; SW[3]      ; HEX1[0]     ; 8.558  ; 8.558  ; 8.558  ; 8.558  ;
; SW[3]      ; HEX1[3]     ; 8.869  ; 8.869  ; 8.869  ; 8.869  ;
; SW[3]      ; HEX1[4]     ; 8.879  ; 8.879  ; 8.879  ; 8.879  ;
; SW[3]      ; HEX1[5]     ; 8.913  ; 8.913  ; 8.913  ; 8.913  ;
; SW[3]      ; HEX2[0]     ;        ; 7.523  ; 7.523  ;        ;
; SW[3]      ; HEX2[1]     ;        ; 7.305  ; 7.305  ;        ;
; SW[3]      ; HEX2[2]     ;        ; 7.282  ; 7.282  ;        ;
; SW[3]      ; HEX2[3]     ;        ; 7.272  ; 7.272  ;        ;
; SW[3]      ; HEX2[4]     ;        ; 7.545  ; 7.545  ;        ;
; SW[3]      ; HEX2[5]     ;        ; 7.595  ; 7.595  ;        ;
; SW[3]      ; HEX2[6]     ;        ; 7.606  ; 7.606  ;        ;
; SW[3]      ; LEDG[7]     ; 11.193 ; 11.193 ; 11.193 ; 11.193 ;
; SW[4]      ; HEX0[0]     ; 10.636 ; 10.636 ; 10.636 ; 10.636 ;
; SW[4]      ; HEX0[1]     ; 11.590 ; 11.590 ; 11.590 ; 11.590 ;
; SW[4]      ; HEX0[2]     ; 11.383 ; 11.383 ; 11.383 ; 11.383 ;
; SW[4]      ; HEX0[3]     ; 11.575 ; 11.575 ; 11.575 ; 11.575 ;
; SW[4]      ; HEX0[4]     ; 11.253 ; 11.253 ; 11.253 ; 11.253 ;
; SW[4]      ; HEX0[5]     ; 11.228 ; 11.228 ; 11.228 ; 11.228 ;
; SW[4]      ; HEX0[6]     ; 11.227 ; 11.227 ; 11.227 ; 11.227 ;
; SW[4]      ; HEX1[0]     ; 10.429 ; 10.429 ; 10.429 ; 10.429 ;
; SW[4]      ; HEX1[3]     ; 10.740 ; 10.740 ; 10.740 ; 10.740 ;
; SW[4]      ; HEX1[4]     ; 10.750 ; 10.750 ; 10.750 ; 10.750 ;
; SW[4]      ; HEX1[5]     ; 10.784 ; 10.784 ; 10.784 ; 10.784 ;
; SW[4]      ; HEX3[0]     ; 7.479  ; 7.479  ; 7.479  ; 7.479  ;
; SW[4]      ; HEX3[1]     ; 7.677  ; 7.677  ; 7.677  ; 7.677  ;
; SW[4]      ; HEX3[2]     ;        ; 7.676  ; 7.676  ;        ;
; SW[4]      ; HEX3[3]     ; 7.501  ; 7.501  ; 7.501  ; 7.501  ;
; SW[4]      ; HEX3[4]     ; 7.469  ;        ;        ; 7.469  ;
; SW[4]      ; HEX3[5]     ; 7.485  ;        ;        ; 7.485  ;
; SW[4]      ; HEX3[6]     ; 7.511  ;        ;        ; 7.511  ;
; SW[4]      ; LEDG[7]     ; 13.064 ; 13.064 ; 13.064 ; 13.064 ;
; SW[5]      ; HEX0[0]     ; 9.582  ; 9.582  ; 9.582  ; 9.582  ;
; SW[5]      ; HEX0[1]     ; 10.688 ; 10.688 ; 10.688 ; 10.688 ;
; SW[5]      ; HEX0[2]     ; 10.481 ; 10.481 ; 10.481 ; 10.481 ;
; SW[5]      ; HEX0[3]     ; 10.673 ; 10.673 ; 10.673 ; 10.673 ;
; SW[5]      ; HEX0[4]     ; 10.351 ; 10.351 ; 10.351 ; 10.351 ;
; SW[5]      ; HEX0[5]     ; 10.326 ; 10.326 ; 10.326 ; 10.326 ;
; SW[5]      ; HEX0[6]     ; 10.325 ; 10.325 ; 10.325 ; 10.325 ;
; SW[5]      ; HEX1[0]     ; 9.527  ; 9.527  ; 9.527  ; 9.527  ;
; SW[5]      ; HEX1[3]     ; 9.838  ; 9.838  ; 9.838  ; 9.838  ;
; SW[5]      ; HEX1[4]     ; 9.848  ; 9.848  ; 9.848  ; 9.848  ;
; SW[5]      ; HEX1[5]     ; 9.882  ; 9.882  ; 9.882  ; 9.882  ;
; SW[5]      ; HEX3[0]     ;        ; 7.616  ; 7.616  ;        ;
; SW[5]      ; HEX3[1]     ; 7.811  ; 7.811  ; 7.811  ; 7.811  ;
; SW[5]      ; HEX3[2]     ; 7.806  ;        ;        ; 7.806  ;
; SW[5]      ; HEX3[3]     ; 7.602  ; 7.602  ; 7.602  ; 7.602  ;
; SW[5]      ; HEX3[4]     ;        ; 7.602  ; 7.602  ;        ;
; SW[5]      ; HEX3[5]     ; 7.618  ;        ;        ; 7.618  ;
; SW[5]      ; HEX3[6]     ; 7.611  ; 7.611  ; 7.611  ; 7.611  ;
; SW[5]      ; LEDG[7]     ; 12.162 ; 12.162 ; 12.162 ; 12.162 ;
; SW[6]      ; HEX0[0]     ; 10.804 ; 10.804 ; 10.804 ; 10.804 ;
; SW[6]      ; HEX0[1]     ; 11.533 ; 11.533 ; 11.533 ; 11.533 ;
; SW[6]      ; HEX0[2]     ; 11.326 ; 11.326 ; 11.326 ; 11.326 ;
; SW[6]      ; HEX0[3]     ; 11.518 ; 11.518 ; 11.518 ; 11.518 ;
; SW[6]      ; HEX0[4]     ; 11.196 ; 11.196 ; 11.196 ; 11.196 ;
; SW[6]      ; HEX0[5]     ; 11.171 ; 11.171 ; 11.171 ; 11.171 ;
; SW[6]      ; HEX0[6]     ; 11.170 ; 11.170 ; 11.170 ; 11.170 ;
; SW[6]      ; HEX1[0]     ; 10.372 ; 10.372 ; 10.372 ; 10.372 ;
; SW[6]      ; HEX1[3]     ; 10.683 ; 10.683 ; 10.683 ; 10.683 ;
; SW[6]      ; HEX1[4]     ; 10.693 ; 10.693 ; 10.693 ; 10.693 ;
; SW[6]      ; HEX1[5]     ; 10.727 ; 10.727 ; 10.727 ; 10.727 ;
; SW[6]      ; HEX3[0]     ; 7.297  ; 7.297  ; 7.297  ; 7.297  ;
; SW[6]      ; HEX3[1]     ; 7.492  ;        ;        ; 7.492  ;
; SW[6]      ; HEX3[2]     ;        ; 7.489  ; 7.489  ;        ;
; SW[6]      ; HEX3[3]     ; 7.316  ; 7.316  ; 7.316  ; 7.316  ;
; SW[6]      ; HEX3[4]     ; 7.284  ; 7.284  ; 7.284  ; 7.284  ;
; SW[6]      ; HEX3[5]     ;        ; 7.300  ; 7.300  ;        ;
; SW[6]      ; HEX3[6]     ; 7.325  ; 7.325  ; 7.325  ; 7.325  ;
; SW[6]      ; LEDG[7]     ; 13.007 ; 13.007 ; 13.007 ; 13.007 ;
; SW[7]      ; HEX0[0]     ; 7.654  ; 7.654  ; 7.654  ; 7.654  ;
; SW[7]      ; HEX0[1]     ; 8.760  ; 8.760  ; 8.760  ; 8.760  ;
; SW[7]      ; HEX0[2]     ; 8.553  ; 8.553  ; 8.553  ; 8.553  ;
; SW[7]      ; HEX0[3]     ; 8.745  ; 8.745  ; 8.745  ; 8.745  ;
; SW[7]      ; HEX0[4]     ; 8.423  ; 8.423  ; 8.423  ; 8.423  ;
; SW[7]      ; HEX0[5]     ; 8.398  ; 8.398  ; 8.398  ; 8.398  ;
; SW[7]      ; HEX0[6]     ; 8.397  ; 8.397  ; 8.397  ; 8.397  ;
; SW[7]      ; HEX1[0]     ; 7.599  ; 7.599  ; 7.599  ; 7.599  ;
; SW[7]      ; HEX1[3]     ; 7.910  ; 7.910  ; 7.910  ; 7.910  ;
; SW[7]      ; HEX1[4]     ; 7.920  ; 7.920  ; 7.920  ; 7.920  ;
; SW[7]      ; HEX1[5]     ; 7.954  ; 7.954  ; 7.954  ; 7.954  ;
; SW[7]      ; HEX3[0]     ;        ; 6.451  ; 6.451  ;        ;
; SW[7]      ; HEX3[1]     ;        ; 6.646  ; 6.646  ;        ;
; SW[7]      ; HEX3[2]     ;        ; 6.581  ; 6.581  ;        ;
; SW[7]      ; HEX3[3]     ;        ; 6.400  ; 6.400  ;        ;
; SW[7]      ; HEX3[4]     ;        ; 6.432  ; 6.432  ;        ;
; SW[7]      ; HEX3[5]     ;        ; 6.394  ; 6.394  ;        ;
; SW[7]      ; HEX3[6]     ;        ; 6.405  ; 6.405  ;        ;
; SW[7]      ; LEDG[7]     ; 10.234 ; 10.234 ; 10.234 ; 10.234 ;
; SW[8]      ; HEX0[0]     ; 9.587  ; 9.587  ; 9.587  ; 9.587  ;
; SW[8]      ; HEX0[1]     ; 10.541 ; 10.541 ; 10.541 ; 10.541 ;
; SW[8]      ; HEX0[2]     ; 10.334 ; 10.334 ; 10.334 ; 10.334 ;
; SW[8]      ; HEX0[3]     ; 10.526 ; 10.526 ; 10.526 ; 10.526 ;
; SW[8]      ; HEX0[4]     ; 10.204 ; 10.204 ; 10.204 ; 10.204 ;
; SW[8]      ; HEX0[5]     ; 10.179 ; 10.179 ; 10.179 ; 10.179 ;
; SW[8]      ; HEX0[6]     ; 10.178 ; 10.178 ; 10.178 ; 10.178 ;
; SW[8]      ; HEX1[0]     ; 9.380  ; 9.380  ; 9.380  ; 9.380  ;
; SW[8]      ; HEX1[3]     ; 9.691  ; 9.691  ; 9.691  ; 9.691  ;
; SW[8]      ; HEX1[4]     ; 9.701  ; 9.701  ; 9.701  ; 9.701  ;
; SW[8]      ; HEX1[5]     ; 9.735  ; 9.735  ; 9.735  ; 9.735  ;
; SW[8]      ; LEDG[7]     ; 12.015 ; 12.015 ; 12.015 ; 12.015 ;
+------------+-------------+--------+--------+--------+--------+


+--------------------------------------------------------------+
; Minimum Propagation Delay                                    ;
+------------+-------------+--------+--------+--------+--------+
; Input Port ; Output Port ; RR     ; RF     ; FR     ; FF     ;
+------------+-------------+--------+--------+--------+--------+
; SW[0]      ; HEX0[0]     ; 9.100  ; 9.100  ; 9.100  ; 9.100  ;
; SW[0]      ; HEX0[1]     ; 8.572  ; 8.572  ; 8.572  ; 8.572  ;
; SW[0]      ; HEX0[2]     ; 8.347  ; 8.347  ; 8.347  ; 8.347  ;
; SW[0]      ; HEX0[3]     ; 8.557  ; 8.557  ; 8.557  ; 8.557  ;
; SW[0]      ; HEX0[4]     ; 8.235  ; 8.235  ; 8.235  ; 8.235  ;
; SW[0]      ; HEX0[5]     ; 8.240  ; 8.240  ; 8.240  ; 8.240  ;
; SW[0]      ; HEX0[6]     ; 8.239  ; 8.239  ; 8.239  ; 8.239  ;
; SW[0]      ; HEX1[0]     ; 9.640  ; 9.640  ; 9.640  ; 9.640  ;
; SW[0]      ; HEX1[3]     ; 9.951  ; 9.951  ; 9.951  ; 9.951  ;
; SW[0]      ; HEX1[4]     ; 9.961  ; 9.961  ; 9.961  ; 9.961  ;
; SW[0]      ; HEX1[5]     ; 9.995  ; 9.995  ; 9.995  ; 9.995  ;
; SW[0]      ; HEX2[0]     ; 7.681  ; 7.681  ; 7.681  ; 7.681  ;
; SW[0]      ; HEX2[1]     ; 7.465  ; 7.465  ; 7.465  ; 7.465  ;
; SW[0]      ; HEX2[2]     ;        ; 7.505  ; 7.505  ;        ;
; SW[0]      ; HEX2[3]     ; 7.502  ; 7.502  ; 7.502  ; 7.502  ;
; SW[0]      ; HEX2[4]     ; 7.713  ;        ;        ; 7.713  ;
; SW[0]      ; HEX2[5]     ; 7.818  ;        ;        ; 7.818  ;
; SW[0]      ; HEX2[6]     ; 7.839  ;        ;        ; 7.839  ;
; SW[0]      ; LEDG[7]     ; 12.689 ; 12.689 ; 12.689 ; 12.689 ;
; SW[1]      ; HEX0[0]     ; 9.244  ; 9.244  ; 9.244  ; 9.244  ;
; SW[1]      ; HEX0[1]     ; 9.673  ; 9.673  ; 9.673  ; 9.673  ;
; SW[1]      ; HEX0[2]     ; 9.548  ; 9.548  ; 9.548  ; 9.548  ;
; SW[1]      ; HEX0[3]     ; 9.661  ; 9.661  ; 9.661  ; 9.661  ;
; SW[1]      ; HEX0[4]     ; 9.334  ; 9.334  ; 9.334  ; 9.334  ;
; SW[1]      ; HEX0[5]     ; 9.329  ; 9.329  ; 9.329  ; 9.329  ;
; SW[1]      ; HEX0[6]     ; 9.329  ; 9.329  ; 9.329  ; 9.329  ;
; SW[1]      ; HEX1[0]     ; 8.702  ; 8.702  ; 8.702  ; 8.702  ;
; SW[1]      ; HEX1[3]     ; 9.013  ; 9.013  ; 9.013  ; 9.013  ;
; SW[1]      ; HEX1[4]     ; 9.023  ; 9.023  ; 9.023  ; 9.023  ;
; SW[1]      ; HEX1[5]     ; 9.057  ; 9.057  ; 9.057  ; 9.057  ;
; SW[1]      ; HEX2[0]     ;        ; 7.933  ; 7.933  ;        ;
; SW[1]      ; HEX2[1]     ; 7.709  ; 7.709  ; 7.709  ; 7.709  ;
; SW[1]      ; HEX2[2]     ; 7.748  ;        ;        ; 7.748  ;
; SW[1]      ; HEX2[3]     ; 7.717  ; 7.717  ; 7.717  ; 7.717  ;
; SW[1]      ; HEX2[4]     ;        ; 7.948  ; 7.948  ;        ;
; SW[1]      ; HEX2[5]     ; 8.054  ;        ;        ; 8.054  ;
; SW[1]      ; HEX2[6]     ; 8.042  ; 8.042  ; 8.042  ; 8.042  ;
; SW[1]      ; LEDG[7]     ; 11.988 ; 11.988 ; 11.988 ; 11.988 ;
; SW[2]      ; HEX0[0]     ; 10.104 ; 9.966  ; 9.966  ; 10.104 ;
; SW[2]      ; HEX0[1]     ; 10.635 ; 10.635 ; 10.635 ; 10.635 ;
; SW[2]      ; HEX0[2]     ; 10.510 ; 10.510 ; 10.510 ; 10.510 ;
; SW[2]      ; HEX0[3]     ; 10.619 ; 10.619 ; 10.619 ; 10.619 ;
; SW[2]      ; HEX0[4]     ; 10.296 ; 10.296 ; 10.296 ; 10.296 ;
; SW[2]      ; HEX0[5]     ; 10.291 ; 10.291 ; 10.291 ; 10.291 ;
; SW[2]      ; HEX0[6]     ; 10.291 ; 10.291 ; 10.291 ; 10.291 ;
; SW[2]      ; HEX1[0]     ; 9.667  ; 10.049 ; 10.049 ; 9.667  ;
; SW[2]      ; HEX1[3]     ; 9.978  ; 10.360 ; 10.360 ; 9.978  ;
; SW[2]      ; HEX1[4]     ; 9.988  ; 10.370 ; 10.370 ; 9.988  ;
; SW[2]      ; HEX1[5]     ; 10.022 ; 10.404 ; 10.404 ; 10.022 ;
; SW[2]      ; HEX2[0]     ; 7.484  ; 7.484  ; 7.484  ; 7.484  ;
; SW[2]      ; HEX2[1]     ; 7.261  ;        ;        ; 7.261  ;
; SW[2]      ; HEX2[2]     ;        ; 7.300  ; 7.300  ;        ;
; SW[2]      ; HEX2[3]     ; 7.302  ; 7.302  ; 7.302  ; 7.302  ;
; SW[2]      ; HEX2[4]     ; 7.502  ; 7.502  ; 7.502  ; 7.502  ;
; SW[2]      ; HEX2[5]     ;        ; 7.608  ; 7.608  ;        ;
; SW[2]      ; HEX2[6]     ; 7.628  ; 7.628  ; 7.628  ; 7.628  ;
; SW[2]      ; LEDG[7]     ; 12.542 ; 12.684 ; 12.684 ; 12.542 ;
; SW[3]      ; HEX0[0]     ; 8.613  ; 8.475  ; 8.475  ; 8.613  ;
; SW[3]      ; HEX0[1]     ; 9.144  ; 9.144  ; 9.144  ; 9.144  ;
; SW[3]      ; HEX0[2]     ; 9.019  ; 9.019  ; 9.019  ; 9.019  ;
; SW[3]      ; HEX0[3]     ; 9.128  ; 9.128  ; 9.128  ; 9.128  ;
; SW[3]      ; HEX0[4]     ; 8.805  ; 8.805  ; 8.805  ; 8.805  ;
; SW[3]      ; HEX0[5]     ; 8.800  ; 8.800  ; 8.800  ; 8.800  ;
; SW[3]      ; HEX0[6]     ; 8.800  ; 8.800  ; 8.800  ; 8.800  ;
; SW[3]      ; HEX1[0]     ; 8.176  ; 8.558  ; 8.558  ; 8.176  ;
; SW[3]      ; HEX1[3]     ; 8.487  ; 8.869  ; 8.869  ; 8.487  ;
; SW[3]      ; HEX1[4]     ; 8.497  ; 8.879  ; 8.879  ; 8.497  ;
; SW[3]      ; HEX1[5]     ; 8.531  ; 8.913  ; 8.913  ; 8.531  ;
; SW[3]      ; HEX2[0]     ;        ; 7.523  ; 7.523  ;        ;
; SW[3]      ; HEX2[1]     ;        ; 7.305  ; 7.305  ;        ;
; SW[3]      ; HEX2[2]     ;        ; 7.282  ; 7.282  ;        ;
; SW[3]      ; HEX2[3]     ;        ; 7.272  ; 7.272  ;        ;
; SW[3]      ; HEX2[4]     ;        ; 7.545  ; 7.545  ;        ;
; SW[3]      ; HEX2[5]     ;        ; 7.595  ; 7.595  ;        ;
; SW[3]      ; HEX2[6]     ;        ; 7.606  ; 7.606  ;        ;
; SW[3]      ; LEDG[7]     ; 11.051 ; 11.193 ; 11.193 ; 11.051 ;
; SW[4]      ; HEX0[0]     ; 8.499  ; 8.499  ; 8.499  ; 8.499  ;
; SW[4]      ; HEX0[1]     ; 8.358  ; 8.358  ; 8.358  ; 8.358  ;
; SW[4]      ; HEX0[2]     ; 8.133  ; 8.133  ; 8.133  ; 8.133  ;
; SW[4]      ; HEX0[3]     ; 8.343  ; 8.343  ; 8.343  ; 8.343  ;
; SW[4]      ; HEX0[4]     ; 8.021  ; 8.021  ; 8.021  ; 8.021  ;
; SW[4]      ; HEX0[5]     ; 8.026  ; 8.026  ; 8.026  ; 8.026  ;
; SW[4]      ; HEX0[6]     ; 8.025  ; 8.025  ; 8.025  ; 8.025  ;
; SW[4]      ; HEX1[0]     ; 9.422  ; 9.422  ; 9.422  ; 9.422  ;
; SW[4]      ; HEX1[3]     ; 9.733  ; 9.733  ; 9.733  ; 9.733  ;
; SW[4]      ; HEX1[4]     ; 9.743  ; 9.743  ; 9.743  ; 9.743  ;
; SW[4]      ; HEX1[5]     ; 9.777  ; 9.777  ; 9.777  ; 9.777  ;
; SW[4]      ; HEX3[0]     ; 7.479  ; 7.479  ; 7.479  ; 7.479  ;
; SW[4]      ; HEX3[1]     ; 7.677  ; 7.677  ; 7.677  ; 7.677  ;
; SW[4]      ; HEX3[2]     ;        ; 7.676  ; 7.676  ;        ;
; SW[4]      ; HEX3[3]     ; 7.501  ; 7.501  ; 7.501  ; 7.501  ;
; SW[4]      ; HEX3[4]     ; 7.469  ;        ;        ; 7.469  ;
; SW[4]      ; HEX3[5]     ; 7.485  ;        ;        ; 7.485  ;
; SW[4]      ; HEX3[6]     ; 7.511  ;        ;        ; 7.511  ;
; SW[4]      ; LEDG[7]     ; 12.471 ; 12.471 ; 12.471 ; 12.471 ;
; SW[5]      ; HEX0[0]     ; 9.067  ; 9.067  ; 9.067  ; 9.067  ;
; SW[5]      ; HEX0[1]     ; 9.452  ; 9.452  ; 9.452  ; 9.452  ;
; SW[5]      ; HEX0[2]     ; 9.327  ; 9.327  ; 9.327  ; 9.327  ;
; SW[5]      ; HEX0[3]     ; 9.428  ; 9.428  ; 9.428  ; 9.428  ;
; SW[5]      ; HEX0[4]     ; 9.113  ; 9.113  ; 9.113  ; 9.113  ;
; SW[5]      ; HEX0[5]     ; 9.108  ; 9.108  ; 9.108  ; 9.108  ;
; SW[5]      ; HEX0[6]     ; 9.108  ; 9.108  ; 9.108  ; 9.108  ;
; SW[5]      ; HEX1[0]     ; 8.481  ; 8.481  ; 8.481  ; 8.481  ;
; SW[5]      ; HEX1[3]     ; 8.792  ; 8.792  ; 8.792  ; 8.792  ;
; SW[5]      ; HEX1[4]     ; 8.802  ; 8.802  ; 8.802  ; 8.802  ;
; SW[5]      ; HEX1[5]     ; 8.836  ; 8.836  ; 8.836  ; 8.836  ;
; SW[5]      ; HEX3[0]     ;        ; 7.616  ; 7.616  ;        ;
; SW[5]      ; HEX3[1]     ; 7.811  ; 7.811  ; 7.811  ; 7.811  ;
; SW[5]      ; HEX3[2]     ; 7.806  ;        ;        ; 7.806  ;
; SW[5]      ; HEX3[3]     ; 7.602  ; 7.602  ; 7.602  ; 7.602  ;
; SW[5]      ; HEX3[4]     ;        ; 7.602  ; 7.602  ;        ;
; SW[5]      ; HEX3[5]     ; 7.618  ;        ;        ; 7.618  ;
; SW[5]      ; HEX3[6]     ; 7.611  ; 7.611  ; 7.611  ; 7.611  ;
; SW[5]      ; LEDG[7]     ; 11.329 ; 11.329 ; 11.329 ; 11.329 ;
; SW[6]      ; HEX0[0]     ; 9.704  ; 9.566  ; 9.566  ; 9.704  ;
; SW[6]      ; HEX0[1]     ; 10.235 ; 10.235 ; 10.235 ; 10.235 ;
; SW[6]      ; HEX0[2]     ; 10.110 ; 10.110 ; 10.110 ; 10.110 ;
; SW[6]      ; HEX0[3]     ; 10.219 ; 10.219 ; 10.219 ; 10.219 ;
; SW[6]      ; HEX0[4]     ; 9.896  ; 9.896  ; 9.896  ; 9.896  ;
; SW[6]      ; HEX0[5]     ; 9.891  ; 9.891  ; 9.891  ; 9.891  ;
; SW[6]      ; HEX0[6]     ; 9.891  ; 9.891  ; 9.891  ; 9.891  ;
; SW[6]      ; HEX1[0]     ; 9.267  ; 9.649  ; 9.649  ; 9.267  ;
; SW[6]      ; HEX1[3]     ; 9.578  ; 9.960  ; 9.960  ; 9.578  ;
; SW[6]      ; HEX1[4]     ; 9.588  ; 9.970  ; 9.970  ; 9.588  ;
; SW[6]      ; HEX1[5]     ; 9.622  ; 10.004 ; 10.004 ; 9.622  ;
; SW[6]      ; HEX3[0]     ; 7.297  ; 7.297  ; 7.297  ; 7.297  ;
; SW[6]      ; HEX3[1]     ; 7.492  ;        ;        ; 7.492  ;
; SW[6]      ; HEX3[2]     ;        ; 7.489  ; 7.489  ;        ;
; SW[6]      ; HEX3[3]     ; 7.316  ; 7.316  ; 7.316  ; 7.316  ;
; SW[6]      ; HEX3[4]     ; 7.284  ; 7.284  ; 7.284  ; 7.284  ;
; SW[6]      ; HEX3[5]     ;        ; 7.300  ; 7.300  ;        ;
; SW[6]      ; HEX3[6]     ; 7.325  ; 7.325  ; 7.325  ; 7.325  ;
; SW[6]      ; LEDG[7]     ; 12.142 ; 12.284 ; 12.284 ; 12.142 ;
; SW[7]      ; HEX0[0]     ; 7.654  ; 7.512  ; 7.512  ; 7.654  ;
; SW[7]      ; HEX0[1]     ; 8.181  ; 8.181  ; 8.181  ; 8.181  ;
; SW[7]      ; HEX0[2]     ; 8.056  ; 8.056  ; 8.056  ; 8.056  ;
; SW[7]      ; HEX0[3]     ; 8.165  ; 8.165  ; 8.165  ; 8.165  ;
; SW[7]      ; HEX0[4]     ; 7.842  ; 7.842  ; 7.842  ; 7.842  ;
; SW[7]      ; HEX0[5]     ; 7.837  ; 7.837  ; 7.837  ; 7.837  ;
; SW[7]      ; HEX0[6]     ; 7.837  ; 7.837  ; 7.837  ; 7.837  ;
; SW[7]      ; HEX1[0]     ; 7.213  ; 7.599  ; 7.599  ; 7.213  ;
; SW[7]      ; HEX1[3]     ; 7.524  ; 7.910  ; 7.910  ; 7.524  ;
; SW[7]      ; HEX1[4]     ; 7.534  ; 7.920  ; 7.920  ; 7.534  ;
; SW[7]      ; HEX1[5]     ; 7.568  ; 7.954  ; 7.954  ; 7.568  ;
; SW[7]      ; HEX3[0]     ;        ; 6.451  ; 6.451  ;        ;
; SW[7]      ; HEX3[1]     ;        ; 6.646  ; 6.646  ;        ;
; SW[7]      ; HEX3[2]     ;        ; 6.581  ; 6.581  ;        ;
; SW[7]      ; HEX3[3]     ;        ; 6.400  ; 6.400  ;        ;
; SW[7]      ; HEX3[4]     ;        ; 6.432  ; 6.432  ;        ;
; SW[7]      ; HEX3[5]     ;        ; 6.394  ; 6.394  ;        ;
; SW[7]      ; HEX3[6]     ;        ; 6.405  ; 6.405  ;        ;
; SW[7]      ; LEDG[7]     ; 10.088 ; 10.234 ; 10.234 ; 10.088 ;
; SW[8]      ; HEX0[0]     ; 7.444  ; 7.444  ; 7.444  ; 7.444  ;
; SW[8]      ; HEX0[1]     ; 7.299  ; 7.299  ; 7.299  ; 7.299  ;
; SW[8]      ; HEX0[2]     ; 7.074  ; 7.074  ; 7.074  ; 7.074  ;
; SW[8]      ; HEX0[3]     ; 7.284  ; 7.284  ; 7.284  ; 7.284  ;
; SW[8]      ; HEX0[4]     ; 6.962  ; 6.962  ; 6.962  ; 6.962  ;
; SW[8]      ; HEX0[5]     ; 6.967  ; 6.967  ; 6.967  ; 6.967  ;
; SW[8]      ; HEX0[6]     ; 6.966  ; 6.966  ; 6.966  ; 6.966  ;
; SW[8]      ; HEX1[0]     ; 8.373  ; 8.373  ; 8.373  ; 8.373  ;
; SW[8]      ; HEX1[3]     ; 8.684  ; 8.684  ; 8.684  ; 8.684  ;
; SW[8]      ; HEX1[4]     ; 8.694  ; 8.694  ; 8.694  ; 8.694  ;
; SW[8]      ; HEX1[5]     ; 8.728  ; 8.728  ; 8.728  ; 8.728  ;
; SW[8]      ; LEDG[7]     ; 11.422 ; 11.422 ; 11.422 ; 11.422 ;
+------------+-------------+--------+--------+--------+--------+


----------------------------
; Fast Model Setup Summary ;
----------------------------
No paths to report.


---------------------------
; Fast Model Hold Summary ;
---------------------------
No paths to report.


-------------------------------
; Fast Model Recovery Summary ;
-------------------------------
No paths to report.


------------------------------
; Fast Model Removal Summary ;
------------------------------
No paths to report.


------------------------------------------
; Fast Model Minimum Pulse Width Summary ;
------------------------------------------
No paths to report.


+----------------------------------------------------------+
; Propagation Delay                                        ;
+------------+-------------+-------+-------+-------+-------+
; Input Port ; Output Port ; RR    ; RF    ; FR    ; FF    ;
+------------+-------------+-------+-------+-------+-------+
; SW[0]      ; HEX0[0]     ; 4.697 ; 4.697 ; 4.697 ; 4.697 ;
; SW[0]      ; HEX0[1]     ; 5.061 ; 5.061 ; 5.061 ; 5.061 ;
; SW[0]      ; HEX0[2]     ; 4.999 ; 4.999 ; 4.999 ; 4.999 ;
; SW[0]      ; HEX0[3]     ; 5.054 ; 5.054 ; 5.054 ; 5.054 ;
; SW[0]      ; HEX0[4]     ; 4.940 ; 4.940 ; 4.940 ; 4.940 ;
; SW[0]      ; HEX0[5]     ; 4.942 ; 4.942 ; 4.942 ; 4.942 ;
; SW[0]      ; HEX0[6]     ; 4.946 ; 4.946 ; 4.946 ; 4.946 ;
; SW[0]      ; HEX1[0]     ; 4.657 ; 4.657 ; 4.657 ; 4.657 ;
; SW[0]      ; HEX1[3]     ; 4.756 ; 4.756 ; 4.756 ; 4.756 ;
; SW[0]      ; HEX1[4]     ; 4.766 ; 4.766 ; 4.766 ; 4.766 ;
; SW[0]      ; HEX1[5]     ; 4.798 ; 4.798 ; 4.798 ; 4.798 ;
; SW[0]      ; HEX2[0]     ; 3.545 ; 3.545 ; 3.545 ; 3.545 ;
; SW[0]      ; HEX2[1]     ; 3.473 ; 3.473 ; 3.473 ; 3.473 ;
; SW[0]      ; HEX2[2]     ;       ; 3.516 ; 3.516 ;       ;
; SW[0]      ; HEX2[3]     ; 3.511 ; 3.511 ; 3.511 ; 3.511 ;
; SW[0]      ; HEX2[4]     ; 3.573 ;       ;       ; 3.573 ;
; SW[0]      ; HEX2[5]     ; 3.615 ;       ;       ; 3.615 ;
; SW[0]      ; HEX2[6]     ; 3.636 ;       ;       ; 3.636 ;
; SW[0]      ; LEDG[7]     ; 5.886 ; 5.886 ; 5.886 ; 5.886 ;
; SW[1]      ; HEX0[0]     ; 4.422 ; 4.422 ; 4.422 ; 4.422 ;
; SW[1]      ; HEX0[1]     ; 4.706 ; 4.706 ; 4.706 ; 4.706 ;
; SW[1]      ; HEX0[2]     ; 4.644 ; 4.644 ; 4.644 ; 4.644 ;
; SW[1]      ; HEX0[3]     ; 4.699 ; 4.699 ; 4.699 ; 4.699 ;
; SW[1]      ; HEX0[4]     ; 4.585 ; 4.585 ; 4.585 ; 4.585 ;
; SW[1]      ; HEX0[5]     ; 4.587 ; 4.587 ; 4.587 ; 4.587 ;
; SW[1]      ; HEX0[6]     ; 4.591 ; 4.591 ; 4.591 ; 4.591 ;
; SW[1]      ; HEX1[0]     ; 4.302 ; 4.302 ; 4.302 ; 4.302 ;
; SW[1]      ; HEX1[3]     ; 4.401 ; 4.401 ; 4.401 ; 4.401 ;
; SW[1]      ; HEX1[4]     ; 4.411 ; 4.411 ; 4.411 ; 4.411 ;
; SW[1]      ; HEX1[5]     ; 4.443 ; 4.443 ; 4.443 ; 4.443 ;
; SW[1]      ; HEX2[0]     ;       ; 3.621 ; 3.621 ;       ;
; SW[1]      ; HEX2[1]     ; 3.546 ; 3.546 ; 3.546 ; 3.546 ;
; SW[1]      ; HEX2[2]     ; 3.593 ;       ;       ; 3.593 ;
; SW[1]      ; HEX2[3]     ; 3.586 ; 3.586 ; 3.586 ; 3.586 ;
; SW[1]      ; HEX2[4]     ;       ; 3.638 ; 3.638 ;       ;
; SW[1]      ; HEX2[5]     ; 3.684 ;       ;       ; 3.684 ;
; SW[1]      ; HEX2[6]     ; 3.705 ; 3.705 ; 3.705 ; 3.705 ;
; SW[1]      ; LEDG[7]     ; 5.531 ; 5.531 ; 5.531 ; 5.531 ;
; SW[2]      ; HEX0[0]     ; 4.797 ; 4.797 ; 4.797 ; 4.797 ;
; SW[2]      ; HEX0[1]     ; 5.086 ; 5.086 ; 5.086 ; 5.086 ;
; SW[2]      ; HEX0[2]     ; 5.024 ; 5.024 ; 5.024 ; 5.024 ;
; SW[2]      ; HEX0[3]     ; 5.079 ; 5.079 ; 5.079 ; 5.079 ;
; SW[2]      ; HEX0[4]     ; 4.965 ; 4.965 ; 4.965 ; 4.965 ;
; SW[2]      ; HEX0[5]     ; 4.967 ; 4.967 ; 4.967 ; 4.967 ;
; SW[2]      ; HEX0[6]     ; 4.971 ; 4.971 ; 4.971 ; 4.971 ;
; SW[2]      ; HEX1[0]     ; 4.682 ; 4.682 ; 4.682 ; 4.682 ;
; SW[2]      ; HEX1[3]     ; 4.781 ; 4.781 ; 4.781 ; 4.781 ;
; SW[2]      ; HEX1[4]     ; 4.791 ; 4.791 ; 4.791 ; 4.791 ;
; SW[2]      ; HEX1[5]     ; 4.823 ; 4.823 ; 4.823 ; 4.823 ;
; SW[2]      ; HEX2[0]     ; 3.489 ; 3.489 ; 3.489 ; 3.489 ;
; SW[2]      ; HEX2[1]     ; 3.433 ;       ;       ; 3.433 ;
; SW[2]      ; HEX2[2]     ;       ; 3.453 ; 3.453 ;       ;
; SW[2]      ; HEX2[3]     ; 3.454 ; 3.454 ; 3.454 ; 3.454 ;
; SW[2]      ; HEX2[4]     ; 3.507 ; 3.507 ; 3.507 ; 3.507 ;
; SW[2]      ; HEX2[5]     ;       ; 3.547 ; 3.547 ;       ;
; SW[2]      ; HEX2[6]     ; 3.567 ; 3.567 ; 3.567 ; 3.567 ;
; SW[2]      ; LEDG[7]     ; 5.911 ; 5.911 ; 5.911 ; 5.911 ;
; SW[3]      ; HEX0[0]     ; 3.905 ; 3.905 ; 3.905 ; 3.905 ;
; SW[3]      ; HEX0[1]     ; 4.304 ; 4.304 ; 4.304 ; 4.304 ;
; SW[3]      ; HEX0[2]     ; 4.242 ; 4.242 ; 4.242 ; 4.242 ;
; SW[3]      ; HEX0[3]     ; 4.297 ; 4.297 ; 4.297 ; 4.297 ;
; SW[3]      ; HEX0[4]     ; 4.183 ; 4.183 ; 4.183 ; 4.183 ;
; SW[3]      ; HEX0[5]     ; 4.185 ; 4.185 ; 4.185 ; 4.185 ;
; SW[3]      ; HEX0[6]     ; 4.189 ; 4.189 ; 4.189 ; 4.189 ;
; SW[3]      ; HEX1[0]     ; 3.900 ; 3.900 ; 3.900 ; 3.900 ;
; SW[3]      ; HEX1[3]     ; 3.999 ; 3.999 ; 3.999 ; 3.999 ;
; SW[3]      ; HEX1[4]     ; 4.009 ; 4.009 ; 4.009 ; 4.009 ;
; SW[3]      ; HEX1[5]     ; 4.041 ; 4.041 ; 4.041 ; 4.041 ;
; SW[3]      ; HEX2[0]     ;       ; 3.503 ; 3.503 ;       ;
; SW[3]      ; HEX2[1]     ;       ; 3.430 ; 3.430 ;       ;
; SW[3]      ; HEX2[2]     ;       ; 3.475 ; 3.475 ;       ;
; SW[3]      ; HEX2[3]     ;       ; 3.469 ; 3.469 ;       ;
; SW[3]      ; HEX2[4]     ;       ; 3.528 ; 3.528 ;       ;
; SW[3]      ; HEX2[5]     ;       ; 3.571 ; 3.571 ;       ;
; SW[3]      ; HEX2[6]     ;       ; 3.592 ; 3.592 ;       ;
; SW[3]      ; LEDG[7]     ; 5.129 ; 5.129 ; 5.129 ; 5.129 ;
; SW[4]      ; HEX0[0]     ; 4.618 ; 4.618 ; 4.618 ; 4.618 ;
; SW[4]      ; HEX0[1]     ; 4.982 ; 4.982 ; 4.982 ; 4.982 ;
; SW[4]      ; HEX0[2]     ; 4.920 ; 4.920 ; 4.920 ; 4.920 ;
; SW[4]      ; HEX0[3]     ; 4.975 ; 4.975 ; 4.975 ; 4.975 ;
; SW[4]      ; HEX0[4]     ; 4.861 ; 4.861 ; 4.861 ; 4.861 ;
; SW[4]      ; HEX0[5]     ; 4.863 ; 4.863 ; 4.863 ; 4.863 ;
; SW[4]      ; HEX0[6]     ; 4.867 ; 4.867 ; 4.867 ; 4.867 ;
; SW[4]      ; HEX1[0]     ; 4.578 ; 4.578 ; 4.578 ; 4.578 ;
; SW[4]      ; HEX1[3]     ; 4.677 ; 4.677 ; 4.677 ; 4.677 ;
; SW[4]      ; HEX1[4]     ; 4.687 ; 4.687 ; 4.687 ; 4.687 ;
; SW[4]      ; HEX1[5]     ; 4.719 ; 4.719 ; 4.719 ; 4.719 ;
; SW[4]      ; HEX3[0]     ; 3.501 ; 3.501 ; 3.501 ; 3.501 ;
; SW[4]      ; HEX3[1]     ; 3.651 ; 3.651 ; 3.651 ; 3.651 ;
; SW[4]      ; HEX3[2]     ;       ; 3.653 ; 3.653 ;       ;
; SW[4]      ; HEX3[3]     ; 3.515 ; 3.515 ; 3.515 ; 3.515 ;
; SW[4]      ; HEX3[4]     ; 3.489 ;       ;       ; 3.489 ;
; SW[4]      ; HEX3[5]     ; 3.506 ;       ;       ; 3.506 ;
; SW[4]      ; HEX3[6]     ; 3.525 ;       ;       ; 3.525 ;
; SW[4]      ; LEDG[7]     ; 5.807 ; 5.807 ; 5.807 ; 5.807 ;
; SW[5]      ; HEX0[0]     ; 4.223 ; 4.223 ; 4.223 ; 4.223 ;
; SW[5]      ; HEX0[1]     ; 4.622 ; 4.622 ; 4.622 ; 4.622 ;
; SW[5]      ; HEX0[2]     ; 4.560 ; 4.560 ; 4.560 ; 4.560 ;
; SW[5]      ; HEX0[3]     ; 4.615 ; 4.615 ; 4.615 ; 4.615 ;
; SW[5]      ; HEX0[4]     ; 4.501 ; 4.501 ; 4.501 ; 4.501 ;
; SW[5]      ; HEX0[5]     ; 4.503 ; 4.503 ; 4.503 ; 4.503 ;
; SW[5]      ; HEX0[6]     ; 4.507 ; 4.507 ; 4.507 ; 4.507 ;
; SW[5]      ; HEX1[0]     ; 4.218 ; 4.218 ; 4.218 ; 4.218 ;
; SW[5]      ; HEX1[3]     ; 4.317 ; 4.317 ; 4.317 ; 4.317 ;
; SW[5]      ; HEX1[4]     ; 4.327 ; 4.327 ; 4.327 ; 4.327 ;
; SW[5]      ; HEX1[5]     ; 4.359 ; 4.359 ; 4.359 ; 4.359 ;
; SW[5]      ; HEX3[0]     ;       ; 3.518 ; 3.518 ;       ;
; SW[5]      ; HEX3[1]     ; 3.667 ; 3.667 ; 3.667 ; 3.667 ;
; SW[5]      ; HEX3[2]     ; 3.674 ;       ;       ; 3.674 ;
; SW[5]      ; HEX3[3]     ; 3.532 ; 3.532 ; 3.532 ; 3.532 ;
; SW[5]      ; HEX3[4]     ;       ; 3.506 ; 3.506 ;       ;
; SW[5]      ; HEX3[5]     ; 3.527 ;       ;       ; 3.527 ;
; SW[5]      ; HEX3[6]     ; 3.548 ; 3.548 ; 3.548 ; 3.548 ;
; SW[5]      ; LEDG[7]     ; 5.447 ; 5.447 ; 5.447 ; 5.447 ;
; SW[6]      ; HEX0[0]     ; 4.645 ; 4.645 ; 4.645 ; 4.645 ;
; SW[6]      ; HEX0[1]     ; 4.936 ; 4.936 ; 4.936 ; 4.936 ;
; SW[6]      ; HEX0[2]     ; 4.874 ; 4.874 ; 4.874 ; 4.874 ;
; SW[6]      ; HEX0[3]     ; 4.929 ; 4.929 ; 4.929 ; 4.929 ;
; SW[6]      ; HEX0[4]     ; 4.815 ; 4.815 ; 4.815 ; 4.815 ;
; SW[6]      ; HEX0[5]     ; 4.817 ; 4.817 ; 4.817 ; 4.817 ;
; SW[6]      ; HEX0[6]     ; 4.821 ; 4.821 ; 4.821 ; 4.821 ;
; SW[6]      ; HEX1[0]     ; 4.532 ; 4.532 ; 4.532 ; 4.532 ;
; SW[6]      ; HEX1[3]     ; 4.631 ; 4.631 ; 4.631 ; 4.631 ;
; SW[6]      ; HEX1[4]     ; 4.641 ; 4.641 ; 4.641 ; 4.641 ;
; SW[6]      ; HEX1[5]     ; 4.673 ; 4.673 ; 4.673 ; 4.673 ;
; SW[6]      ; HEX3[0]     ; 3.425 ; 3.425 ; 3.425 ; 3.425 ;
; SW[6]      ; HEX3[1]     ; 3.595 ;       ;       ; 3.595 ;
; SW[6]      ; HEX3[2]     ;       ; 3.574 ; 3.574 ;       ;
; SW[6]      ; HEX3[3]     ; 3.439 ; 3.439 ; 3.439 ; 3.439 ;
; SW[6]      ; HEX3[4]     ; 3.412 ; 3.412 ; 3.412 ; 3.412 ;
; SW[6]      ; HEX3[5]     ;       ; 3.426 ; 3.426 ;       ;
; SW[6]      ; HEX3[6]     ; 3.449 ; 3.449 ; 3.449 ; 3.449 ;
; SW[6]      ; LEDG[7]     ; 5.761 ; 5.761 ; 5.761 ; 5.761 ;
; SW[7]      ; HEX0[0]     ; 3.460 ; 3.460 ; 3.460 ; 3.460 ;
; SW[7]      ; HEX0[1]     ; 3.859 ; 3.859 ; 3.859 ; 3.859 ;
; SW[7]      ; HEX0[2]     ; 3.797 ; 3.797 ; 3.797 ; 3.797 ;
; SW[7]      ; HEX0[3]     ; 3.852 ; 3.852 ; 3.852 ; 3.852 ;
; SW[7]      ; HEX0[4]     ; 3.738 ; 3.738 ; 3.738 ; 3.738 ;
; SW[7]      ; HEX0[5]     ; 3.740 ; 3.740 ; 3.740 ; 3.740 ;
; SW[7]      ; HEX0[6]     ; 3.744 ; 3.744 ; 3.744 ; 3.744 ;
; SW[7]      ; HEX1[0]     ; 3.455 ; 3.455 ; 3.455 ; 3.455 ;
; SW[7]      ; HEX1[3]     ; 3.554 ; 3.554 ; 3.554 ; 3.554 ;
; SW[7]      ; HEX1[4]     ; 3.564 ; 3.564 ; 3.564 ; 3.564 ;
; SW[7]      ; HEX1[5]     ; 3.596 ; 3.596 ; 3.596 ; 3.596 ;
; SW[7]      ; HEX3[0]     ;       ; 3.032 ; 3.032 ;       ;
; SW[7]      ; HEX3[1]     ;       ; 3.182 ; 3.182 ;       ;
; SW[7]      ; HEX3[2]     ;       ; 3.187 ; 3.187 ;       ;
; SW[7]      ; HEX3[3]     ;       ; 3.047 ; 3.047 ;       ;
; SW[7]      ; HEX3[4]     ;       ; 3.021 ; 3.021 ;       ;
; SW[7]      ; HEX3[5]     ;       ; 3.038 ; 3.038 ;       ;
; SW[7]      ; HEX3[6]     ;       ; 3.057 ; 3.057 ;       ;
; SW[7]      ; LEDG[7]     ; 4.684 ; 4.684 ; 4.684 ; 4.684 ;
; SW[8]      ; HEX0[0]     ; 4.136 ; 4.136 ; 4.136 ; 4.136 ;
; SW[8]      ; HEX0[1]     ; 4.500 ; 4.500 ; 4.500 ; 4.500 ;
; SW[8]      ; HEX0[2]     ; 4.438 ; 4.438 ; 4.438 ; 4.438 ;
; SW[8]      ; HEX0[3]     ; 4.493 ; 4.493 ; 4.493 ; 4.493 ;
; SW[8]      ; HEX0[4]     ; 4.379 ; 4.379 ; 4.379 ; 4.379 ;
; SW[8]      ; HEX0[5]     ; 4.381 ; 4.381 ; 4.381 ; 4.381 ;
; SW[8]      ; HEX0[6]     ; 4.385 ; 4.385 ; 4.385 ; 4.385 ;
; SW[8]      ; HEX1[0]     ; 4.096 ; 4.096 ; 4.096 ; 4.096 ;
; SW[8]      ; HEX1[3]     ; 4.195 ; 4.195 ; 4.195 ; 4.195 ;
; SW[8]      ; HEX1[4]     ; 4.205 ; 4.205 ; 4.205 ; 4.205 ;
; SW[8]      ; HEX1[5]     ; 4.237 ; 4.237 ; 4.237 ; 4.237 ;
; SW[8]      ; LEDG[7]     ; 5.325 ; 5.325 ; 5.325 ; 5.325 ;
+------------+-------------+-------+-------+-------+-------+


+----------------------------------------------------------+
; Minimum Propagation Delay                                ;
+------------+-------------+-------+-------+-------+-------+
; Input Port ; Output Port ; RR    ; RF    ; FR    ; FF    ;
+------------+-------------+-------+-------+-------+-------+
; SW[0]      ; HEX0[0]     ; 4.044 ; 4.044 ; 4.044 ; 4.044 ;
; SW[0]      ; HEX0[1]     ; 3.885 ; 3.885 ; 3.885 ; 3.885 ;
; SW[0]      ; HEX0[2]     ; 3.823 ; 3.823 ; 3.823 ; 3.823 ;
; SW[0]      ; HEX0[3]     ; 3.881 ; 3.881 ; 3.881 ; 3.881 ;
; SW[0]      ; HEX0[4]     ; 3.769 ; 3.769 ; 3.769 ; 3.769 ;
; SW[0]      ; HEX0[5]     ; 3.767 ; 3.767 ; 3.767 ; 3.767 ;
; SW[0]      ; HEX0[6]     ; 3.773 ; 3.773 ; 3.773 ; 3.773 ;
; SW[0]      ; HEX1[0]     ; 4.292 ; 4.292 ; 4.292 ; 4.292 ;
; SW[0]      ; HEX1[3]     ; 4.391 ; 4.391 ; 4.391 ; 4.391 ;
; SW[0]      ; HEX1[4]     ; 4.401 ; 4.401 ; 4.401 ; 4.401 ;
; SW[0]      ; HEX1[5]     ; 4.433 ; 4.433 ; 4.433 ; 4.433 ;
; SW[0]      ; HEX2[0]     ; 3.545 ; 3.545 ; 3.545 ; 3.545 ;
; SW[0]      ; HEX2[1]     ; 3.473 ; 3.473 ; 3.473 ; 3.473 ;
; SW[0]      ; HEX2[2]     ;       ; 3.516 ; 3.516 ;       ;
; SW[0]      ; HEX2[3]     ; 3.511 ; 3.511 ; 3.511 ; 3.511 ;
; SW[0]      ; HEX2[4]     ; 3.573 ;       ;       ; 3.573 ;
; SW[0]      ; HEX2[5]     ; 3.615 ;       ;       ; 3.615 ;
; SW[0]      ; HEX2[6]     ; 3.636 ;       ;       ; 3.636 ;
; SW[0]      ; LEDG[7]     ; 5.668 ; 5.668 ; 5.668 ; 5.668 ;
; SW[1]      ; HEX0[0]     ; 4.106 ; 4.106 ; 4.106 ; 4.106 ;
; SW[1]      ; HEX0[1]     ; 4.281 ; 4.281 ; 4.281 ; 4.281 ;
; SW[1]      ; HEX0[2]     ; 4.248 ; 4.248 ; 4.248 ; 4.248 ;
; SW[1]      ; HEX0[3]     ; 4.272 ; 4.272 ; 4.272 ; 4.272 ;
; SW[1]      ; HEX0[4]     ; 4.158 ; 4.158 ; 4.158 ; 4.158 ;
; SW[1]      ; HEX0[5]     ; 4.177 ; 4.177 ; 4.177 ; 4.177 ;
; SW[1]      ; HEX0[6]     ; 4.175 ; 4.175 ; 4.175 ; 4.175 ;
; SW[1]      ; HEX1[0]     ; 3.939 ; 3.939 ; 3.939 ; 3.939 ;
; SW[1]      ; HEX1[3]     ; 4.038 ; 4.038 ; 4.038 ; 4.038 ;
; SW[1]      ; HEX1[4]     ; 4.048 ; 4.048 ; 4.048 ; 4.048 ;
; SW[1]      ; HEX1[5]     ; 4.080 ; 4.080 ; 4.080 ; 4.080 ;
; SW[1]      ; HEX2[0]     ;       ; 3.621 ; 3.621 ;       ;
; SW[1]      ; HEX2[1]     ; 3.546 ; 3.546 ; 3.546 ; 3.546 ;
; SW[1]      ; HEX2[2]     ; 3.593 ;       ;       ; 3.593 ;
; SW[1]      ; HEX2[3]     ; 3.586 ; 3.586 ; 3.586 ; 3.586 ;
; SW[1]      ; HEX2[4]     ;       ; 3.638 ; 3.638 ;       ;
; SW[1]      ; HEX2[5]     ; 3.684 ;       ;       ; 3.684 ;
; SW[1]      ; HEX2[6]     ; 3.705 ; 3.705 ; 3.705 ; 3.705 ;
; SW[1]      ; LEDG[7]     ; 5.393 ; 5.393 ; 5.393 ; 5.393 ;
; SW[2]      ; HEX0[0]     ; 4.440 ; 4.387 ; 4.387 ; 4.440 ;
; SW[2]      ; HEX0[1]     ; 4.642 ; 4.642 ; 4.642 ; 4.642 ;
; SW[2]      ; HEX0[2]     ; 4.609 ; 4.609 ; 4.609 ; 4.609 ;
; SW[2]      ; HEX0[3]     ; 4.631 ; 4.631 ; 4.631 ; 4.631 ;
; SW[2]      ; HEX0[4]     ; 4.519 ; 4.519 ; 4.519 ; 4.519 ;
; SW[2]      ; HEX0[5]     ; 4.538 ; 4.538 ; 4.538 ; 4.538 ;
; SW[2]      ; HEX0[6]     ; 4.536 ; 4.536 ; 4.536 ; 4.536 ;
; SW[2]      ; HEX1[0]     ; 4.301 ; 4.435 ; 4.435 ; 4.301 ;
; SW[2]      ; HEX1[3]     ; 4.400 ; 4.534 ; 4.534 ; 4.400 ;
; SW[2]      ; HEX1[4]     ; 4.410 ; 4.544 ; 4.544 ; 4.410 ;
; SW[2]      ; HEX1[5]     ; 4.442 ; 4.576 ; 4.576 ; 4.442 ;
; SW[2]      ; HEX2[0]     ; 3.489 ; 3.489 ; 3.489 ; 3.489 ;
; SW[2]      ; HEX2[1]     ; 3.433 ;       ;       ; 3.433 ;
; SW[2]      ; HEX2[2]     ;       ; 3.453 ; 3.453 ;       ;
; SW[2]      ; HEX2[3]     ; 3.454 ; 3.454 ; 3.454 ; 3.454 ;
; SW[2]      ; HEX2[4]     ; 3.507 ; 3.507 ; 3.507 ; 3.507 ;
; SW[2]      ; HEX2[5]     ;       ; 3.547 ; 3.547 ;       ;
; SW[2]      ; HEX2[6]     ; 3.567 ; 3.567 ; 3.567 ; 3.567 ;
; SW[2]      ; LEDG[7]     ; 5.605 ; 5.664 ; 5.664 ; 5.605 ;
; SW[3]      ; HEX0[0]     ; 3.905 ; 3.855 ; 3.855 ; 3.905 ;
; SW[3]      ; HEX0[1]     ; 4.110 ; 4.110 ; 4.110 ; 4.110 ;
; SW[3]      ; HEX0[2]     ; 4.077 ; 4.077 ; 4.077 ; 4.077 ;
; SW[3]      ; HEX0[3]     ; 4.099 ; 4.099 ; 4.099 ; 4.099 ;
; SW[3]      ; HEX0[4]     ; 3.987 ; 3.987 ; 3.987 ; 3.987 ;
; SW[3]      ; HEX0[5]     ; 4.006 ; 4.006 ; 4.006 ; 4.006 ;
; SW[3]      ; HEX0[6]     ; 4.004 ; 4.004 ; 4.004 ; 4.004 ;
; SW[3]      ; HEX1[0]     ; 3.769 ; 3.900 ; 3.900 ; 3.769 ;
; SW[3]      ; HEX1[3]     ; 3.868 ; 3.999 ; 3.999 ; 3.868 ;
; SW[3]      ; HEX1[4]     ; 3.878 ; 4.009 ; 4.009 ; 3.878 ;
; SW[3]      ; HEX1[5]     ; 3.910 ; 4.041 ; 4.041 ; 3.910 ;
; SW[3]      ; HEX2[0]     ;       ; 3.503 ; 3.503 ;       ;
; SW[3]      ; HEX2[1]     ;       ; 3.430 ; 3.430 ;       ;
; SW[3]      ; HEX2[2]     ;       ; 3.475 ; 3.475 ;       ;
; SW[3]      ; HEX2[3]     ;       ; 3.469 ; 3.469 ;       ;
; SW[3]      ; HEX2[4]     ;       ; 3.528 ; 3.528 ;       ;
; SW[3]      ; HEX2[5]     ;       ; 3.571 ; 3.571 ;       ;
; SW[3]      ; HEX2[6]     ;       ; 3.592 ; 3.592 ;       ;
; SW[3]      ; LEDG[7]     ; 5.073 ; 5.129 ; 5.129 ; 5.073 ;
; SW[4]      ; HEX0[0]     ; 3.838 ; 3.838 ; 3.838 ; 3.838 ;
; SW[4]      ; HEX0[1]     ; 3.807 ; 3.807 ; 3.807 ; 3.807 ;
; SW[4]      ; HEX0[2]     ; 3.745 ; 3.745 ; 3.745 ; 3.745 ;
; SW[4]      ; HEX0[3]     ; 3.803 ; 3.803 ; 3.803 ; 3.803 ;
; SW[4]      ; HEX0[4]     ; 3.691 ; 3.691 ; 3.691 ; 3.691 ;
; SW[4]      ; HEX0[5]     ; 3.689 ; 3.689 ; 3.689 ; 3.689 ;
; SW[4]      ; HEX0[6]     ; 3.695 ; 3.695 ; 3.695 ; 3.695 ;
; SW[4]      ; HEX1[0]     ; 4.213 ; 4.213 ; 4.213 ; 4.213 ;
; SW[4]      ; HEX1[3]     ; 4.312 ; 4.312 ; 4.312 ; 4.312 ;
; SW[4]      ; HEX1[4]     ; 4.322 ; 4.322 ; 4.322 ; 4.322 ;
; SW[4]      ; HEX1[5]     ; 4.354 ; 4.354 ; 4.354 ; 4.354 ;
; SW[4]      ; HEX3[0]     ; 3.501 ; 3.501 ; 3.501 ; 3.501 ;
; SW[4]      ; HEX3[1]     ; 3.651 ; 3.651 ; 3.651 ; 3.651 ;
; SW[4]      ; HEX3[2]     ;       ; 3.653 ; 3.653 ;       ;
; SW[4]      ; HEX3[3]     ; 3.515 ; 3.515 ; 3.515 ; 3.515 ;
; SW[4]      ; HEX3[4]     ; 3.489 ;       ;       ; 3.489 ;
; SW[4]      ; HEX3[5]     ; 3.506 ;       ;       ; 3.506 ;
; SW[4]      ; HEX3[6]     ; 3.525 ;       ;       ; 3.525 ;
; SW[4]      ; LEDG[7]     ; 5.589 ; 5.589 ; 5.589 ; 5.589 ;
; SW[5]      ; HEX0[0]     ; 4.028 ; 4.028 ; 4.028 ; 4.028 ;
; SW[5]      ; HEX0[1]     ; 4.185 ; 4.185 ; 4.185 ; 4.185 ;
; SW[5]      ; HEX0[2]     ; 4.152 ; 4.152 ; 4.152 ; 4.152 ;
; SW[5]      ; HEX0[3]     ; 4.162 ; 4.162 ; 4.162 ; 4.162 ;
; SW[5]      ; HEX0[4]     ; 4.062 ; 4.062 ; 4.062 ; 4.062 ;
; SW[5]      ; HEX0[5]     ; 4.081 ; 4.081 ; 4.081 ; 4.081 ;
; SW[5]      ; HEX0[6]     ; 4.079 ; 4.079 ; 4.079 ; 4.079 ;
; SW[5]      ; HEX1[0]     ; 3.838 ; 3.838 ; 3.838 ; 3.838 ;
; SW[5]      ; HEX1[3]     ; 3.937 ; 3.937 ; 3.937 ; 3.937 ;
; SW[5]      ; HEX1[4]     ; 3.947 ; 3.947 ; 3.947 ; 3.947 ;
; SW[5]      ; HEX1[5]     ; 3.979 ; 3.979 ; 3.979 ; 3.979 ;
; SW[5]      ; HEX3[0]     ;       ; 3.518 ; 3.518 ;       ;
; SW[5]      ; HEX3[1]     ; 3.667 ; 3.667 ; 3.667 ; 3.667 ;
; SW[5]      ; HEX3[2]     ; 3.674 ;       ;       ; 3.674 ;
; SW[5]      ; HEX3[3]     ; 3.532 ; 3.532 ; 3.532 ; 3.532 ;
; SW[5]      ; HEX3[4]     ;       ; 3.506 ; 3.506 ;       ;
; SW[5]      ; HEX3[5]     ; 3.527 ;       ;       ; 3.527 ;
; SW[5]      ; HEX3[6]     ; 3.548 ; 3.548 ; 3.548 ; 3.548 ;
; SW[5]      ; LEDG[7]     ; 5.148 ; 5.148 ; 5.148 ; 5.148 ;
; SW[6]      ; HEX0[0]     ; 4.264 ; 4.211 ; 4.211 ; 4.264 ;
; SW[6]      ; HEX0[1]     ; 4.466 ; 4.466 ; 4.466 ; 4.466 ;
; SW[6]      ; HEX0[2]     ; 4.433 ; 4.433 ; 4.433 ; 4.433 ;
; SW[6]      ; HEX0[3]     ; 4.455 ; 4.455 ; 4.455 ; 4.455 ;
; SW[6]      ; HEX0[4]     ; 4.343 ; 4.343 ; 4.343 ; 4.343 ;
; SW[6]      ; HEX0[5]     ; 4.362 ; 4.362 ; 4.362 ; 4.362 ;
; SW[6]      ; HEX0[6]     ; 4.360 ; 4.360 ; 4.360 ; 4.360 ;
; SW[6]      ; HEX1[0]     ; 4.125 ; 4.259 ; 4.259 ; 4.125 ;
; SW[6]      ; HEX1[3]     ; 4.224 ; 4.358 ; 4.358 ; 4.224 ;
; SW[6]      ; HEX1[4]     ; 4.234 ; 4.368 ; 4.368 ; 4.234 ;
; SW[6]      ; HEX1[5]     ; 4.266 ; 4.400 ; 4.400 ; 4.266 ;
; SW[6]      ; HEX3[0]     ; 3.425 ; 3.425 ; 3.425 ; 3.425 ;
; SW[6]      ; HEX3[1]     ; 3.595 ;       ;       ; 3.595 ;
; SW[6]      ; HEX3[2]     ;       ; 3.574 ; 3.574 ;       ;
; SW[6]      ; HEX3[3]     ; 3.439 ; 3.439 ; 3.439 ; 3.439 ;
; SW[6]      ; HEX3[4]     ; 3.412 ; 3.412 ; 3.412 ; 3.412 ;
; SW[6]      ; HEX3[5]     ;       ; 3.426 ; 3.426 ;       ;
; SW[6]      ; HEX3[6]     ; 3.449 ; 3.449 ; 3.449 ; 3.449 ;
; SW[6]      ; LEDG[7]     ; 5.429 ; 5.488 ; 5.488 ; 5.429 ;
; SW[7]      ; HEX0[0]     ; 3.460 ; 3.405 ; 3.405 ; 3.460 ;
; SW[7]      ; HEX0[1]     ; 3.660 ; 3.660 ; 3.660 ; 3.660 ;
; SW[7]      ; HEX0[2]     ; 3.627 ; 3.627 ; 3.627 ; 3.627 ;
; SW[7]      ; HEX0[3]     ; 3.649 ; 3.649 ; 3.649 ; 3.649 ;
; SW[7]      ; HEX0[4]     ; 3.537 ; 3.537 ; 3.537 ; 3.537 ;
; SW[7]      ; HEX0[5]     ; 3.556 ; 3.556 ; 3.556 ; 3.556 ;
; SW[7]      ; HEX0[6]     ; 3.554 ; 3.554 ; 3.554 ; 3.554 ;
; SW[7]      ; HEX1[0]     ; 3.319 ; 3.455 ; 3.455 ; 3.319 ;
; SW[7]      ; HEX1[3]     ; 3.418 ; 3.554 ; 3.554 ; 3.418 ;
; SW[7]      ; HEX1[4]     ; 3.428 ; 3.564 ; 3.564 ; 3.428 ;
; SW[7]      ; HEX1[5]     ; 3.460 ; 3.596 ; 3.596 ; 3.460 ;
; SW[7]      ; HEX3[0]     ;       ; 3.032 ; 3.032 ;       ;
; SW[7]      ; HEX3[1]     ;       ; 3.182 ; 3.182 ;       ;
; SW[7]      ; HEX3[2]     ;       ; 3.187 ; 3.187 ;       ;
; SW[7]      ; HEX3[3]     ;       ; 3.047 ; 3.047 ;       ;
; SW[7]      ; HEX3[4]     ;       ; 3.021 ; 3.021 ;       ;
; SW[7]      ; HEX3[5]     ;       ; 3.038 ; 3.038 ;       ;
; SW[7]      ; HEX3[6]     ;       ; 3.057 ; 3.057 ;       ;
; SW[7]      ; LEDG[7]     ; 4.623 ; 4.684 ; 4.684 ; 4.623 ;
; SW[8]      ; HEX0[0]     ; 3.353 ; 3.353 ; 3.353 ; 3.353 ;
; SW[8]      ; HEX0[1]     ; 3.319 ; 3.319 ; 3.319 ; 3.319 ;
; SW[8]      ; HEX0[2]     ; 3.257 ; 3.257 ; 3.257 ; 3.257 ;
; SW[8]      ; HEX0[3]     ; 3.315 ; 3.315 ; 3.315 ; 3.315 ;
; SW[8]      ; HEX0[4]     ; 3.203 ; 3.203 ; 3.203 ; 3.203 ;
; SW[8]      ; HEX0[5]     ; 3.201 ; 3.201 ; 3.201 ; 3.201 ;
; SW[8]      ; HEX0[6]     ; 3.207 ; 3.207 ; 3.207 ; 3.207 ;
; SW[8]      ; HEX1[0]     ; 3.731 ; 3.731 ; 3.731 ; 3.731 ;
; SW[8]      ; HEX1[3]     ; 3.830 ; 3.830 ; 3.830 ; 3.830 ;
; SW[8]      ; HEX1[4]     ; 3.840 ; 3.840 ; 3.840 ; 3.840 ;
; SW[8]      ; HEX1[5]     ; 3.872 ; 3.872 ; 3.872 ; 3.872 ;
; SW[8]      ; LEDG[7]     ; 5.107 ; 5.107 ; 5.107 ; 5.107 ;
+------------+-------------+-------+-------+-------+-------+


+----------------------------------------------------------------------------+
; Multicorner Timing Analysis Summary                                        ;
+------------------+-------+------+----------+---------+---------------------+
; Clock            ; Setup ; Hold ; Recovery ; Removal ; Minimum Pulse Width ;
+------------------+-------+------+----------+---------+---------------------+
; Worst-case Slack ; N/A   ; N/A  ; N/A      ; N/A     ; N/A                 ;
; Design-wide TNS  ; 0.0   ; 0.0  ; 0.0      ; 0.0     ; 0.0                 ;
+------------------+-------+------+----------+---------+---------------------+


+--------------------------------------------------------------+
; Progagation Delay                                            ;
+------------+-------------+--------+--------+--------+--------+
; Input Port ; Output Port ; RR     ; RF     ; FR     ; FF     ;
+------------+-------------+--------+--------+--------+--------+
; SW[0]      ; HEX0[0]     ; 10.854 ; 10.854 ; 10.854 ; 10.854 ;
; SW[0]      ; HEX0[1]     ; 11.808 ; 11.808 ; 11.808 ; 11.808 ;
; SW[0]      ; HEX0[2]     ; 11.601 ; 11.601 ; 11.601 ; 11.601 ;
; SW[0]      ; HEX0[3]     ; 11.793 ; 11.793 ; 11.793 ; 11.793 ;
; SW[0]      ; HEX0[4]     ; 11.471 ; 11.471 ; 11.471 ; 11.471 ;
; SW[0]      ; HEX0[5]     ; 11.446 ; 11.446 ; 11.446 ; 11.446 ;
; SW[0]      ; HEX0[6]     ; 11.445 ; 11.445 ; 11.445 ; 11.445 ;
; SW[0]      ; HEX1[0]     ; 10.647 ; 10.647 ; 10.647 ; 10.647 ;
; SW[0]      ; HEX1[3]     ; 10.958 ; 10.958 ; 10.958 ; 10.958 ;
; SW[0]      ; HEX1[4]     ; 10.968 ; 10.968 ; 10.968 ; 10.968 ;
; SW[0]      ; HEX1[5]     ; 11.002 ; 11.002 ; 11.002 ; 11.002 ;
; SW[0]      ; HEX2[0]     ; 7.681  ; 7.681  ; 7.681  ; 7.681  ;
; SW[0]      ; HEX2[1]     ; 7.465  ; 7.465  ; 7.465  ; 7.465  ;
; SW[0]      ; HEX2[2]     ;        ; 7.505  ; 7.505  ;        ;
; SW[0]      ; HEX2[3]     ; 7.502  ; 7.502  ; 7.502  ; 7.502  ;
; SW[0]      ; HEX2[4]     ; 7.713  ;        ;        ; 7.713  ;
; SW[0]      ; HEX2[5]     ; 7.818  ;        ;        ; 7.818  ;
; SW[0]      ; HEX2[6]     ; 7.839  ;        ;        ; 7.839  ;
; SW[0]      ; LEDG[7]     ; 13.282 ; 13.282 ; 13.282 ; 13.282 ;
; SW[1]      ; HEX0[0]     ; 10.153 ; 10.153 ; 10.153 ; 10.153 ;
; SW[1]      ; HEX0[1]     ; 10.868 ; 10.868 ; 10.868 ; 10.868 ;
; SW[1]      ; HEX0[2]     ; 10.661 ; 10.661 ; 10.661 ; 10.661 ;
; SW[1]      ; HEX0[3]     ; 10.853 ; 10.853 ; 10.853 ; 10.853 ;
; SW[1]      ; HEX0[4]     ; 10.531 ; 10.531 ; 10.531 ; 10.531 ;
; SW[1]      ; HEX0[5]     ; 10.506 ; 10.506 ; 10.506 ; 10.506 ;
; SW[1]      ; HEX0[6]     ; 10.505 ; 10.505 ; 10.505 ; 10.505 ;
; SW[1]      ; HEX1[0]     ; 9.707  ; 9.707  ; 9.707  ; 9.707  ;
; SW[1]      ; HEX1[3]     ; 10.018 ; 10.018 ; 10.018 ; 10.018 ;
; SW[1]      ; HEX1[4]     ; 10.028 ; 10.028 ; 10.028 ; 10.028 ;
; SW[1]      ; HEX1[5]     ; 10.062 ; 10.062 ; 10.062 ; 10.062 ;
; SW[1]      ; HEX2[0]     ;        ; 7.933  ; 7.933  ;        ;
; SW[1]      ; HEX2[1]     ; 7.709  ; 7.709  ; 7.709  ; 7.709  ;
; SW[1]      ; HEX2[2]     ; 7.748  ;        ;        ; 7.748  ;
; SW[1]      ; HEX2[3]     ; 7.717  ; 7.717  ; 7.717  ; 7.717  ;
; SW[1]      ; HEX2[4]     ;        ; 7.948  ; 7.948  ;        ;
; SW[1]      ; HEX2[5]     ; 8.054  ;        ;        ; 8.054  ;
; SW[1]      ; HEX2[6]     ; 8.042  ; 8.042  ; 8.042  ; 8.042  ;
; SW[1]      ; LEDG[7]     ; 12.342 ; 12.342 ; 12.342 ; 12.342 ;
; SW[2]      ; HEX0[0]     ; 11.200 ; 11.200 ; 11.200 ; 11.200 ;
; SW[2]      ; HEX0[1]     ; 11.883 ; 11.883 ; 11.883 ; 11.883 ;
; SW[2]      ; HEX0[2]     ; 11.676 ; 11.676 ; 11.676 ; 11.676 ;
; SW[2]      ; HEX0[3]     ; 11.868 ; 11.868 ; 11.868 ; 11.868 ;
; SW[2]      ; HEX0[4]     ; 11.546 ; 11.546 ; 11.546 ; 11.546 ;
; SW[2]      ; HEX0[5]     ; 11.521 ; 11.521 ; 11.521 ; 11.521 ;
; SW[2]      ; HEX0[6]     ; 11.520 ; 11.520 ; 11.520 ; 11.520 ;
; SW[2]      ; HEX1[0]     ; 10.722 ; 10.722 ; 10.722 ; 10.722 ;
; SW[2]      ; HEX1[3]     ; 11.033 ; 11.033 ; 11.033 ; 11.033 ;
; SW[2]      ; HEX1[4]     ; 11.043 ; 11.043 ; 11.043 ; 11.043 ;
; SW[2]      ; HEX1[5]     ; 11.077 ; 11.077 ; 11.077 ; 11.077 ;
; SW[2]      ; HEX2[0]     ; 7.484  ; 7.484  ; 7.484  ; 7.484  ;
; SW[2]      ; HEX2[1]     ; 7.261  ;        ;        ; 7.261  ;
; SW[2]      ; HEX2[2]     ;        ; 7.300  ; 7.300  ;        ;
; SW[2]      ; HEX2[3]     ; 7.302  ; 7.302  ; 7.302  ; 7.302  ;
; SW[2]      ; HEX2[4]     ; 7.502  ; 7.502  ; 7.502  ; 7.502  ;
; SW[2]      ; HEX2[5]     ;        ; 7.608  ; 7.608  ;        ;
; SW[2]      ; HEX2[6]     ; 7.628  ; 7.628  ; 7.628  ; 7.628  ;
; SW[2]      ; LEDG[7]     ; 13.357 ; 13.357 ; 13.357 ; 13.357 ;
; SW[3]      ; HEX0[0]     ; 8.613  ; 8.613  ; 8.613  ; 8.613  ;
; SW[3]      ; HEX0[1]     ; 9.719  ; 9.719  ; 9.719  ; 9.719  ;
; SW[3]      ; HEX0[2]     ; 9.512  ; 9.512  ; 9.512  ; 9.512  ;
; SW[3]      ; HEX0[3]     ; 9.704  ; 9.704  ; 9.704  ; 9.704  ;
; SW[3]      ; HEX0[4]     ; 9.382  ; 9.382  ; 9.382  ; 9.382  ;
; SW[3]      ; HEX0[5]     ; 9.357  ; 9.357  ; 9.357  ; 9.357  ;
; SW[3]      ; HEX0[6]     ; 9.356  ; 9.356  ; 9.356  ; 9.356  ;
; SW[3]      ; HEX1[0]     ; 8.558  ; 8.558  ; 8.558  ; 8.558  ;
; SW[3]      ; HEX1[3]     ; 8.869  ; 8.869  ; 8.869  ; 8.869  ;
; SW[3]      ; HEX1[4]     ; 8.879  ; 8.879  ; 8.879  ; 8.879  ;
; SW[3]      ; HEX1[5]     ; 8.913  ; 8.913  ; 8.913  ; 8.913  ;
; SW[3]      ; HEX2[0]     ;        ; 7.523  ; 7.523  ;        ;
; SW[3]      ; HEX2[1]     ;        ; 7.305  ; 7.305  ;        ;
; SW[3]      ; HEX2[2]     ;        ; 7.282  ; 7.282  ;        ;
; SW[3]      ; HEX2[3]     ;        ; 7.272  ; 7.272  ;        ;
; SW[3]      ; HEX2[4]     ;        ; 7.545  ; 7.545  ;        ;
; SW[3]      ; HEX2[5]     ;        ; 7.595  ; 7.595  ;        ;
; SW[3]      ; HEX2[6]     ;        ; 7.606  ; 7.606  ;        ;
; SW[3]      ; LEDG[7]     ; 11.193 ; 11.193 ; 11.193 ; 11.193 ;
; SW[4]      ; HEX0[0]     ; 10.636 ; 10.636 ; 10.636 ; 10.636 ;
; SW[4]      ; HEX0[1]     ; 11.590 ; 11.590 ; 11.590 ; 11.590 ;
; SW[4]      ; HEX0[2]     ; 11.383 ; 11.383 ; 11.383 ; 11.383 ;
; SW[4]      ; HEX0[3]     ; 11.575 ; 11.575 ; 11.575 ; 11.575 ;
; SW[4]      ; HEX0[4]     ; 11.253 ; 11.253 ; 11.253 ; 11.253 ;
; SW[4]      ; HEX0[5]     ; 11.228 ; 11.228 ; 11.228 ; 11.228 ;
; SW[4]      ; HEX0[6]     ; 11.227 ; 11.227 ; 11.227 ; 11.227 ;
; SW[4]      ; HEX1[0]     ; 10.429 ; 10.429 ; 10.429 ; 10.429 ;
; SW[4]      ; HEX1[3]     ; 10.740 ; 10.740 ; 10.740 ; 10.740 ;
; SW[4]      ; HEX1[4]     ; 10.750 ; 10.750 ; 10.750 ; 10.750 ;
; SW[4]      ; HEX1[5]     ; 10.784 ; 10.784 ; 10.784 ; 10.784 ;
; SW[4]      ; HEX3[0]     ; 7.479  ; 7.479  ; 7.479  ; 7.479  ;
; SW[4]      ; HEX3[1]     ; 7.677  ; 7.677  ; 7.677  ; 7.677  ;
; SW[4]      ; HEX3[2]     ;        ; 7.676  ; 7.676  ;        ;
; SW[4]      ; HEX3[3]     ; 7.501  ; 7.501  ; 7.501  ; 7.501  ;
; SW[4]      ; HEX3[4]     ; 7.469  ;        ;        ; 7.469  ;
; SW[4]      ; HEX3[5]     ; 7.485  ;        ;        ; 7.485  ;
; SW[4]      ; HEX3[6]     ; 7.511  ;        ;        ; 7.511  ;
; SW[4]      ; LEDG[7]     ; 13.064 ; 13.064 ; 13.064 ; 13.064 ;
; SW[5]      ; HEX0[0]     ; 9.582  ; 9.582  ; 9.582  ; 9.582  ;
; SW[5]      ; HEX0[1]     ; 10.688 ; 10.688 ; 10.688 ; 10.688 ;
; SW[5]      ; HEX0[2]     ; 10.481 ; 10.481 ; 10.481 ; 10.481 ;
; SW[5]      ; HEX0[3]     ; 10.673 ; 10.673 ; 10.673 ; 10.673 ;
; SW[5]      ; HEX0[4]     ; 10.351 ; 10.351 ; 10.351 ; 10.351 ;
; SW[5]      ; HEX0[5]     ; 10.326 ; 10.326 ; 10.326 ; 10.326 ;
; SW[5]      ; HEX0[6]     ; 10.325 ; 10.325 ; 10.325 ; 10.325 ;
; SW[5]      ; HEX1[0]     ; 9.527  ; 9.527  ; 9.527  ; 9.527  ;
; SW[5]      ; HEX1[3]     ; 9.838  ; 9.838  ; 9.838  ; 9.838  ;
; SW[5]      ; HEX1[4]     ; 9.848  ; 9.848  ; 9.848  ; 9.848  ;
; SW[5]      ; HEX1[5]     ; 9.882  ; 9.882  ; 9.882  ; 9.882  ;
; SW[5]      ; HEX3[0]     ;        ; 7.616  ; 7.616  ;        ;
; SW[5]      ; HEX3[1]     ; 7.811  ; 7.811  ; 7.811  ; 7.811  ;
; SW[5]      ; HEX3[2]     ; 7.806  ;        ;        ; 7.806  ;
; SW[5]      ; HEX3[3]     ; 7.602  ; 7.602  ; 7.602  ; 7.602  ;
; SW[5]      ; HEX3[4]     ;        ; 7.602  ; 7.602  ;        ;
; SW[5]      ; HEX3[5]     ; 7.618  ;        ;        ; 7.618  ;
; SW[5]      ; HEX3[6]     ; 7.611  ; 7.611  ; 7.611  ; 7.611  ;
; SW[5]      ; LEDG[7]     ; 12.162 ; 12.162 ; 12.162 ; 12.162 ;
; SW[6]      ; HEX0[0]     ; 10.804 ; 10.804 ; 10.804 ; 10.804 ;
; SW[6]      ; HEX0[1]     ; 11.533 ; 11.533 ; 11.533 ; 11.533 ;
; SW[6]      ; HEX0[2]     ; 11.326 ; 11.326 ; 11.326 ; 11.326 ;
; SW[6]      ; HEX0[3]     ; 11.518 ; 11.518 ; 11.518 ; 11.518 ;
; SW[6]      ; HEX0[4]     ; 11.196 ; 11.196 ; 11.196 ; 11.196 ;
; SW[6]      ; HEX0[5]     ; 11.171 ; 11.171 ; 11.171 ; 11.171 ;
; SW[6]      ; HEX0[6]     ; 11.170 ; 11.170 ; 11.170 ; 11.170 ;
; SW[6]      ; HEX1[0]     ; 10.372 ; 10.372 ; 10.372 ; 10.372 ;
; SW[6]      ; HEX1[3]     ; 10.683 ; 10.683 ; 10.683 ; 10.683 ;
; SW[6]      ; HEX1[4]     ; 10.693 ; 10.693 ; 10.693 ; 10.693 ;
; SW[6]      ; HEX1[5]     ; 10.727 ; 10.727 ; 10.727 ; 10.727 ;
; SW[6]      ; HEX3[0]     ; 7.297  ; 7.297  ; 7.297  ; 7.297  ;
; SW[6]      ; HEX3[1]     ; 7.492  ;        ;        ; 7.492  ;
; SW[6]      ; HEX3[2]     ;        ; 7.489  ; 7.489  ;        ;
; SW[6]      ; HEX3[3]     ; 7.316  ; 7.316  ; 7.316  ; 7.316  ;
; SW[6]      ; HEX3[4]     ; 7.284  ; 7.284  ; 7.284  ; 7.284  ;
; SW[6]      ; HEX3[5]     ;        ; 7.300  ; 7.300  ;        ;
; SW[6]      ; HEX3[6]     ; 7.325  ; 7.325  ; 7.325  ; 7.325  ;
; SW[6]      ; LEDG[7]     ; 13.007 ; 13.007 ; 13.007 ; 13.007 ;
; SW[7]      ; HEX0[0]     ; 7.654  ; 7.654  ; 7.654  ; 7.654  ;
; SW[7]      ; HEX0[1]     ; 8.760  ; 8.760  ; 8.760  ; 8.760  ;
; SW[7]      ; HEX0[2]     ; 8.553  ; 8.553  ; 8.553  ; 8.553  ;
; SW[7]      ; HEX0[3]     ; 8.745  ; 8.745  ; 8.745  ; 8.745  ;
; SW[7]      ; HEX0[4]     ; 8.423  ; 8.423  ; 8.423  ; 8.423  ;
; SW[7]      ; HEX0[5]     ; 8.398  ; 8.398  ; 8.398  ; 8.398  ;
; SW[7]      ; HEX0[6]     ; 8.397  ; 8.397  ; 8.397  ; 8.397  ;
; SW[7]      ; HEX1[0]     ; 7.599  ; 7.599  ; 7.599  ; 7.599  ;
; SW[7]      ; HEX1[3]     ; 7.910  ; 7.910  ; 7.910  ; 7.910  ;
; SW[7]      ; HEX1[4]     ; 7.920  ; 7.920  ; 7.920  ; 7.920  ;
; SW[7]      ; HEX1[5]     ; 7.954  ; 7.954  ; 7.954  ; 7.954  ;
; SW[7]      ; HEX3[0]     ;        ; 6.451  ; 6.451  ;        ;
; SW[7]      ; HEX3[1]     ;        ; 6.646  ; 6.646  ;        ;
; SW[7]      ; HEX3[2]     ;        ; 6.581  ; 6.581  ;        ;
; SW[7]      ; HEX3[3]     ;        ; 6.400  ; 6.400  ;        ;
; SW[7]      ; HEX3[4]     ;        ; 6.432  ; 6.432  ;        ;
; SW[7]      ; HEX3[5]     ;        ; 6.394  ; 6.394  ;        ;
; SW[7]      ; HEX3[6]     ;        ; 6.405  ; 6.405  ;        ;
; SW[7]      ; LEDG[7]     ; 10.234 ; 10.234 ; 10.234 ; 10.234 ;
; SW[8]      ; HEX0[0]     ; 9.587  ; 9.587  ; 9.587  ; 9.587  ;
; SW[8]      ; HEX0[1]     ; 10.541 ; 10.541 ; 10.541 ; 10.541 ;
; SW[8]      ; HEX0[2]     ; 10.334 ; 10.334 ; 10.334 ; 10.334 ;
; SW[8]      ; HEX0[3]     ; 10.526 ; 10.526 ; 10.526 ; 10.526 ;
; SW[8]      ; HEX0[4]     ; 10.204 ; 10.204 ; 10.204 ; 10.204 ;
; SW[8]      ; HEX0[5]     ; 10.179 ; 10.179 ; 10.179 ; 10.179 ;
; SW[8]      ; HEX0[6]     ; 10.178 ; 10.178 ; 10.178 ; 10.178 ;
; SW[8]      ; HEX1[0]     ; 9.380  ; 9.380  ; 9.380  ; 9.380  ;
; SW[8]      ; HEX1[3]     ; 9.691  ; 9.691  ; 9.691  ; 9.691  ;
; SW[8]      ; HEX1[4]     ; 9.701  ; 9.701  ; 9.701  ; 9.701  ;
; SW[8]      ; HEX1[5]     ; 9.735  ; 9.735  ; 9.735  ; 9.735  ;
; SW[8]      ; LEDG[7]     ; 12.015 ; 12.015 ; 12.015 ; 12.015 ;
+------------+-------------+--------+--------+--------+--------+


+----------------------------------------------------------+
; Minimum Progagation Delay                                ;
+------------+-------------+-------+-------+-------+-------+
; Input Port ; Output Port ; RR    ; RF    ; FR    ; FF    ;
+------------+-------------+-------+-------+-------+-------+
; SW[0]      ; HEX0[0]     ; 4.044 ; 4.044 ; 4.044 ; 4.044 ;
; SW[0]      ; HEX0[1]     ; 3.885 ; 3.885 ; 3.885 ; 3.885 ;
; SW[0]      ; HEX0[2]     ; 3.823 ; 3.823 ; 3.823 ; 3.823 ;
; SW[0]      ; HEX0[3]     ; 3.881 ; 3.881 ; 3.881 ; 3.881 ;
; SW[0]      ; HEX0[4]     ; 3.769 ; 3.769 ; 3.769 ; 3.769 ;
; SW[0]      ; HEX0[5]     ; 3.767 ; 3.767 ; 3.767 ; 3.767 ;
; SW[0]      ; HEX0[6]     ; 3.773 ; 3.773 ; 3.773 ; 3.773 ;
; SW[0]      ; HEX1[0]     ; 4.292 ; 4.292 ; 4.292 ; 4.292 ;
; SW[0]      ; HEX1[3]     ; 4.391 ; 4.391 ; 4.391 ; 4.391 ;
; SW[0]      ; HEX1[4]     ; 4.401 ; 4.401 ; 4.401 ; 4.401 ;
; SW[0]      ; HEX1[5]     ; 4.433 ; 4.433 ; 4.433 ; 4.433 ;
; SW[0]      ; HEX2[0]     ; 3.545 ; 3.545 ; 3.545 ; 3.545 ;
; SW[0]      ; HEX2[1]     ; 3.473 ; 3.473 ; 3.473 ; 3.473 ;
; SW[0]      ; HEX2[2]     ;       ; 3.516 ; 3.516 ;       ;
; SW[0]      ; HEX2[3]     ; 3.511 ; 3.511 ; 3.511 ; 3.511 ;
; SW[0]      ; HEX2[4]     ; 3.573 ;       ;       ; 3.573 ;
; SW[0]      ; HEX2[5]     ; 3.615 ;       ;       ; 3.615 ;
; SW[0]      ; HEX2[6]     ; 3.636 ;       ;       ; 3.636 ;
; SW[0]      ; LEDG[7]     ; 5.668 ; 5.668 ; 5.668 ; 5.668 ;
; SW[1]      ; HEX0[0]     ; 4.106 ; 4.106 ; 4.106 ; 4.106 ;
; SW[1]      ; HEX0[1]     ; 4.281 ; 4.281 ; 4.281 ; 4.281 ;
; SW[1]      ; HEX0[2]     ; 4.248 ; 4.248 ; 4.248 ; 4.248 ;
; SW[1]      ; HEX0[3]     ; 4.272 ; 4.272 ; 4.272 ; 4.272 ;
; SW[1]      ; HEX0[4]     ; 4.158 ; 4.158 ; 4.158 ; 4.158 ;
; SW[1]      ; HEX0[5]     ; 4.177 ; 4.177 ; 4.177 ; 4.177 ;
; SW[1]      ; HEX0[6]     ; 4.175 ; 4.175 ; 4.175 ; 4.175 ;
; SW[1]      ; HEX1[0]     ; 3.939 ; 3.939 ; 3.939 ; 3.939 ;
; SW[1]      ; HEX1[3]     ; 4.038 ; 4.038 ; 4.038 ; 4.038 ;
; SW[1]      ; HEX1[4]     ; 4.048 ; 4.048 ; 4.048 ; 4.048 ;
; SW[1]      ; HEX1[5]     ; 4.080 ; 4.080 ; 4.080 ; 4.080 ;
; SW[1]      ; HEX2[0]     ;       ; 3.621 ; 3.621 ;       ;
; SW[1]      ; HEX2[1]     ; 3.546 ; 3.546 ; 3.546 ; 3.546 ;
; SW[1]      ; HEX2[2]     ; 3.593 ;       ;       ; 3.593 ;
; SW[1]      ; HEX2[3]     ; 3.586 ; 3.586 ; 3.586 ; 3.586 ;
; SW[1]      ; HEX2[4]     ;       ; 3.638 ; 3.638 ;       ;
; SW[1]      ; HEX2[5]     ; 3.684 ;       ;       ; 3.684 ;
; SW[1]      ; HEX2[6]     ; 3.705 ; 3.705 ; 3.705 ; 3.705 ;
; SW[1]      ; LEDG[7]     ; 5.393 ; 5.393 ; 5.393 ; 5.393 ;
; SW[2]      ; HEX0[0]     ; 4.440 ; 4.387 ; 4.387 ; 4.440 ;
; SW[2]      ; HEX0[1]     ; 4.642 ; 4.642 ; 4.642 ; 4.642 ;
; SW[2]      ; HEX0[2]     ; 4.609 ; 4.609 ; 4.609 ; 4.609 ;
; SW[2]      ; HEX0[3]     ; 4.631 ; 4.631 ; 4.631 ; 4.631 ;
; SW[2]      ; HEX0[4]     ; 4.519 ; 4.519 ; 4.519 ; 4.519 ;
; SW[2]      ; HEX0[5]     ; 4.538 ; 4.538 ; 4.538 ; 4.538 ;
; SW[2]      ; HEX0[6]     ; 4.536 ; 4.536 ; 4.536 ; 4.536 ;
; SW[2]      ; HEX1[0]     ; 4.301 ; 4.435 ; 4.435 ; 4.301 ;
; SW[2]      ; HEX1[3]     ; 4.400 ; 4.534 ; 4.534 ; 4.400 ;
; SW[2]      ; HEX1[4]     ; 4.410 ; 4.544 ; 4.544 ; 4.410 ;
; SW[2]      ; HEX1[5]     ; 4.442 ; 4.576 ; 4.576 ; 4.442 ;
; SW[2]      ; HEX2[0]     ; 3.489 ; 3.489 ; 3.489 ; 3.489 ;
; SW[2]      ; HEX2[1]     ; 3.433 ;       ;       ; 3.433 ;
; SW[2]      ; HEX2[2]     ;       ; 3.453 ; 3.453 ;       ;
; SW[2]      ; HEX2[3]     ; 3.454 ; 3.454 ; 3.454 ; 3.454 ;
; SW[2]      ; HEX2[4]     ; 3.507 ; 3.507 ; 3.507 ; 3.507 ;
; SW[2]      ; HEX2[5]     ;       ; 3.547 ; 3.547 ;       ;
; SW[2]      ; HEX2[6]     ; 3.567 ; 3.567 ; 3.567 ; 3.567 ;
; SW[2]      ; LEDG[7]     ; 5.605 ; 5.664 ; 5.664 ; 5.605 ;
; SW[3]      ; HEX0[0]     ; 3.905 ; 3.855 ; 3.855 ; 3.905 ;
; SW[3]      ; HEX0[1]     ; 4.110 ; 4.110 ; 4.110 ; 4.110 ;
; SW[3]      ; HEX0[2]     ; 4.077 ; 4.077 ; 4.077 ; 4.077 ;
; SW[3]      ; HEX0[3]     ; 4.099 ; 4.099 ; 4.099 ; 4.099 ;
; SW[3]      ; HEX0[4]     ; 3.987 ; 3.987 ; 3.987 ; 3.987 ;
; SW[3]      ; HEX0[5]     ; 4.006 ; 4.006 ; 4.006 ; 4.006 ;
; SW[3]      ; HEX0[6]     ; 4.004 ; 4.004 ; 4.004 ; 4.004 ;
; SW[3]      ; HEX1[0]     ; 3.769 ; 3.900 ; 3.900 ; 3.769 ;
; SW[3]      ; HEX1[3]     ; 3.868 ; 3.999 ; 3.999 ; 3.868 ;
; SW[3]      ; HEX1[4]     ; 3.878 ; 4.009 ; 4.009 ; 3.878 ;
; SW[3]      ; HEX1[5]     ; 3.910 ; 4.041 ; 4.041 ; 3.910 ;
; SW[3]      ; HEX2[0]     ;       ; 3.503 ; 3.503 ;       ;
; SW[3]      ; HEX2[1]     ;       ; 3.430 ; 3.430 ;       ;
; SW[3]      ; HEX2[2]     ;       ; 3.475 ; 3.475 ;       ;
; SW[3]      ; HEX2[3]     ;       ; 3.469 ; 3.469 ;       ;
; SW[3]      ; HEX2[4]     ;       ; 3.528 ; 3.528 ;       ;
; SW[3]      ; HEX2[5]     ;       ; 3.571 ; 3.571 ;       ;
; SW[3]      ; HEX2[6]     ;       ; 3.592 ; 3.592 ;       ;
; SW[3]      ; LEDG[7]     ; 5.073 ; 5.129 ; 5.129 ; 5.073 ;
; SW[4]      ; HEX0[0]     ; 3.838 ; 3.838 ; 3.838 ; 3.838 ;
; SW[4]      ; HEX0[1]     ; 3.807 ; 3.807 ; 3.807 ; 3.807 ;
; SW[4]      ; HEX0[2]     ; 3.745 ; 3.745 ; 3.745 ; 3.745 ;
; SW[4]      ; HEX0[3]     ; 3.803 ; 3.803 ; 3.803 ; 3.803 ;
; SW[4]      ; HEX0[4]     ; 3.691 ; 3.691 ; 3.691 ; 3.691 ;
; SW[4]      ; HEX0[5]     ; 3.689 ; 3.689 ; 3.689 ; 3.689 ;
; SW[4]      ; HEX0[6]     ; 3.695 ; 3.695 ; 3.695 ; 3.695 ;
; SW[4]      ; HEX1[0]     ; 4.213 ; 4.213 ; 4.213 ; 4.213 ;
; SW[4]      ; HEX1[3]     ; 4.312 ; 4.312 ; 4.312 ; 4.312 ;
; SW[4]      ; HEX1[4]     ; 4.322 ; 4.322 ; 4.322 ; 4.322 ;
; SW[4]      ; HEX1[5]     ; 4.354 ; 4.354 ; 4.354 ; 4.354 ;
; SW[4]      ; HEX3[0]     ; 3.501 ; 3.501 ; 3.501 ; 3.501 ;
; SW[4]      ; HEX3[1]     ; 3.651 ; 3.651 ; 3.651 ; 3.651 ;
; SW[4]      ; HEX3[2]     ;       ; 3.653 ; 3.653 ;       ;
; SW[4]      ; HEX3[3]     ; 3.515 ; 3.515 ; 3.515 ; 3.515 ;
; SW[4]      ; HEX3[4]     ; 3.489 ;       ;       ; 3.489 ;
; SW[4]      ; HEX3[5]     ; 3.506 ;       ;       ; 3.506 ;
; SW[4]      ; HEX3[6]     ; 3.525 ;       ;       ; 3.525 ;
; SW[4]      ; LEDG[7]     ; 5.589 ; 5.589 ; 5.589 ; 5.589 ;
; SW[5]      ; HEX0[0]     ; 4.028 ; 4.028 ; 4.028 ; 4.028 ;
; SW[5]      ; HEX0[1]     ; 4.185 ; 4.185 ; 4.185 ; 4.185 ;
; SW[5]      ; HEX0[2]     ; 4.152 ; 4.152 ; 4.152 ; 4.152 ;
; SW[5]      ; HEX0[3]     ; 4.162 ; 4.162 ; 4.162 ; 4.162 ;
; SW[5]      ; HEX0[4]     ; 4.062 ; 4.062 ; 4.062 ; 4.062 ;
; SW[5]      ; HEX0[5]     ; 4.081 ; 4.081 ; 4.081 ; 4.081 ;
; SW[5]      ; HEX0[6]     ; 4.079 ; 4.079 ; 4.079 ; 4.079 ;
; SW[5]      ; HEX1[0]     ; 3.838 ; 3.838 ; 3.838 ; 3.838 ;
; SW[5]      ; HEX1[3]     ; 3.937 ; 3.937 ; 3.937 ; 3.937 ;
; SW[5]      ; HEX1[4]     ; 3.947 ; 3.947 ; 3.947 ; 3.947 ;
; SW[5]      ; HEX1[5]     ; 3.979 ; 3.979 ; 3.979 ; 3.979 ;
; SW[5]      ; HEX3[0]     ;       ; 3.518 ; 3.518 ;       ;
; SW[5]      ; HEX3[1]     ; 3.667 ; 3.667 ; 3.667 ; 3.667 ;
; SW[5]      ; HEX3[2]     ; 3.674 ;       ;       ; 3.674 ;
; SW[5]      ; HEX3[3]     ; 3.532 ; 3.532 ; 3.532 ; 3.532 ;
; SW[5]      ; HEX3[4]     ;       ; 3.506 ; 3.506 ;       ;
; SW[5]      ; HEX3[5]     ; 3.527 ;       ;       ; 3.527 ;
; SW[5]      ; HEX3[6]     ; 3.548 ; 3.548 ; 3.548 ; 3.548 ;
; SW[5]      ; LEDG[7]     ; 5.148 ; 5.148 ; 5.148 ; 5.148 ;
; SW[6]      ; HEX0[0]     ; 4.264 ; 4.211 ; 4.211 ; 4.264 ;
; SW[6]      ; HEX0[1]     ; 4.466 ; 4.466 ; 4.466 ; 4.466 ;
; SW[6]      ; HEX0[2]     ; 4.433 ; 4.433 ; 4.433 ; 4.433 ;
; SW[6]      ; HEX0[3]     ; 4.455 ; 4.455 ; 4.455 ; 4.455 ;
; SW[6]      ; HEX0[4]     ; 4.343 ; 4.343 ; 4.343 ; 4.343 ;
; SW[6]      ; HEX0[5]     ; 4.362 ; 4.362 ; 4.362 ; 4.362 ;
; SW[6]      ; HEX0[6]     ; 4.360 ; 4.360 ; 4.360 ; 4.360 ;
; SW[6]      ; HEX1[0]     ; 4.125 ; 4.259 ; 4.259 ; 4.125 ;
; SW[6]      ; HEX1[3]     ; 4.224 ; 4.358 ; 4.358 ; 4.224 ;
; SW[6]      ; HEX1[4]     ; 4.234 ; 4.368 ; 4.368 ; 4.234 ;
; SW[6]      ; HEX1[5]     ; 4.266 ; 4.400 ; 4.400 ; 4.266 ;
; SW[6]      ; HEX3[0]     ; 3.425 ; 3.425 ; 3.425 ; 3.425 ;
; SW[6]      ; HEX3[1]     ; 3.595 ;       ;       ; 3.595 ;
; SW[6]      ; HEX3[2]     ;       ; 3.574 ; 3.574 ;       ;
; SW[6]      ; HEX3[3]     ; 3.439 ; 3.439 ; 3.439 ; 3.439 ;
; SW[6]      ; HEX3[4]     ; 3.412 ; 3.412 ; 3.412 ; 3.412 ;
; SW[6]      ; HEX3[5]     ;       ; 3.426 ; 3.426 ;       ;
; SW[6]      ; HEX3[6]     ; 3.449 ; 3.449 ; 3.449 ; 3.449 ;
; SW[6]      ; LEDG[7]     ; 5.429 ; 5.488 ; 5.488 ; 5.429 ;
; SW[7]      ; HEX0[0]     ; 3.460 ; 3.405 ; 3.405 ; 3.460 ;
; SW[7]      ; HEX0[1]     ; 3.660 ; 3.660 ; 3.660 ; 3.660 ;
; SW[7]      ; HEX0[2]     ; 3.627 ; 3.627 ; 3.627 ; 3.627 ;
; SW[7]      ; HEX0[3]     ; 3.649 ; 3.649 ; 3.649 ; 3.649 ;
; SW[7]      ; HEX0[4]     ; 3.537 ; 3.537 ; 3.537 ; 3.537 ;
; SW[7]      ; HEX0[5]     ; 3.556 ; 3.556 ; 3.556 ; 3.556 ;
; SW[7]      ; HEX0[6]     ; 3.554 ; 3.554 ; 3.554 ; 3.554 ;
; SW[7]      ; HEX1[0]     ; 3.319 ; 3.455 ; 3.455 ; 3.319 ;
; SW[7]      ; HEX1[3]     ; 3.418 ; 3.554 ; 3.554 ; 3.418 ;
; SW[7]      ; HEX1[4]     ; 3.428 ; 3.564 ; 3.564 ; 3.428 ;
; SW[7]      ; HEX1[5]     ; 3.460 ; 3.596 ; 3.596 ; 3.460 ;
; SW[7]      ; HEX3[0]     ;       ; 3.032 ; 3.032 ;       ;
; SW[7]      ; HEX3[1]     ;       ; 3.182 ; 3.182 ;       ;
; SW[7]      ; HEX3[2]     ;       ; 3.187 ; 3.187 ;       ;
; SW[7]      ; HEX3[3]     ;       ; 3.047 ; 3.047 ;       ;
; SW[7]      ; HEX3[4]     ;       ; 3.021 ; 3.021 ;       ;
; SW[7]      ; HEX3[5]     ;       ; 3.038 ; 3.038 ;       ;
; SW[7]      ; HEX3[6]     ;       ; 3.057 ; 3.057 ;       ;
; SW[7]      ; LEDG[7]     ; 4.623 ; 4.684 ; 4.684 ; 4.623 ;
; SW[8]      ; HEX0[0]     ; 3.353 ; 3.353 ; 3.353 ; 3.353 ;
; SW[8]      ; HEX0[1]     ; 3.319 ; 3.319 ; 3.319 ; 3.319 ;
; SW[8]      ; HEX0[2]     ; 3.257 ; 3.257 ; 3.257 ; 3.257 ;
; SW[8]      ; HEX0[3]     ; 3.315 ; 3.315 ; 3.315 ; 3.315 ;
; SW[8]      ; HEX0[4]     ; 3.203 ; 3.203 ; 3.203 ; 3.203 ;
; SW[8]      ; HEX0[5]     ; 3.201 ; 3.201 ; 3.201 ; 3.201 ;
; SW[8]      ; HEX0[6]     ; 3.207 ; 3.207 ; 3.207 ; 3.207 ;
; SW[8]      ; HEX1[0]     ; 3.731 ; 3.731 ; 3.731 ; 3.731 ;
; SW[8]      ; HEX1[3]     ; 3.830 ; 3.830 ; 3.830 ; 3.830 ;
; SW[8]      ; HEX1[4]     ; 3.840 ; 3.840 ; 3.840 ; 3.840 ;
; SW[8]      ; HEX1[5]     ; 3.872 ; 3.872 ; 3.872 ; 3.872 ;
; SW[8]      ; LEDG[7]     ; 5.107 ; 5.107 ; 5.107 ; 5.107 ;
+------------+-------------+-------+-------+-------+-------+


-------------------
; Clock Transfers ;
-------------------
Nothing to report.


---------------
; Report TCCS ;
---------------
No dedicated SERDES Transmitter circuitry present in device or used in design


---------------
; Report RSKM ;
---------------
No dedicated SERDES Receiver circuitry present in device or used in design


+------------------------------------------------+
; Unconstrained Paths                            ;
+---------------------------------+-------+------+
; Property                        ; Setup ; Hold ;
+---------------------------------+-------+------+
; Illegal Clocks                  ; 0     ; 0    ;
; Unconstrained Clocks            ; 0     ; 0    ;
; Unconstrained Input Ports       ; 9     ; 9    ;
; Unconstrained Input Port Paths  ; 164   ; 164  ;
; Unconstrained Output Ports      ; 26    ; 26   ;
; Unconstrained Output Port Paths ; 164   ; 164  ;
+---------------------------------+-------+------+


+------------------------------------+
; TimeQuest Timing Analyzer Messages ;
+------------------------------------+
Info: *******************************************************************
Info: Running Quartus II 64-Bit TimeQuest Timing Analyzer
    Info: Version 13.0.1 Build 232 06/12/2013 Service Pack 1 SJ Full Version
    Info: Processing started: Thu Oct 03 16:18:34 2019
Info: Command: quartus_sta part4 -c part4
Info: qsta_default_script.tcl version: #1
Info (11104): Parallel Compilation has detected 8 hyper-threaded processors. However, the extra hyper-threaded processors will not be used by default. Parallel Compilation will use 4 of the 4 physical processors detected instead.
Info (21077): Low junction temperature is 0 degrees C
Info (21077): High junction temperature is 85 degrees C
Critical Warning (332012): Synopsys Design Constraints File file not found: 'part4.sdc'. A Synopsys Design Constraints File is required by the TimeQuest Timing Analyzer to get proper timing constraints. Without it, the Compiler will not properly optimize the design.
Info (332142): No user constrained base clocks found in the design. Calling "derive_clocks -period 1.0"
Info (332096): The command derive_clocks did not find any clocks to derive.  No clocks were created or changed.
Warning (332068): No clocks defined in design.
Info: Found TIMEQUEST_REPORT_SCRIPT_INCLUDE_DEFAULT_ANALYSIS = ON
Info (332159): No clocks to report
Info: Analyzing Slow Model
Info (332140): No fmax paths to report
Info (332140): No Setup paths to report
Info (332140): No Hold paths to report
Info (332140): No Recovery paths to report
Info (332140): No Removal paths to report
Info (332140): No Minimum Pulse Width paths to report
Info (332001): The selected device family is not supported by the report_metastability command.
Info: Analyzing Fast Model
Info (332142): No user constrained base clocks found in the design. Calling "derive_clocks -period 1.0"
Info (332096): The command derive_clocks did not find any clocks to derive.  No clocks were created or changed.
Warning (332068): No clocks defined in design.
Info (332140): No Setup paths to report
Info (332140): No Hold paths to report
Info (332140): No Recovery paths to report
Info (332140): No Removal paths to report
Info (332140): No Minimum Pulse Width paths to report
Info (332001): The selected device family is not supported by the report_metastability command.
Info (332102): Design is not fully constrained for setup requirements
Info (332102): Design is not fully constrained for hold requirements
Info: Quartus II 64-Bit TimeQuest Timing Analyzer was successful. 0 errors, 3 warnings
    Info: Peak virtual memory: 4582 megabytes
    Info: Processing ended: Thu Oct 03 16:18:35 2019
    Info: Elapsed time: 00:00:01
    Info: Total CPU time (on all processors): 00:00:01


