Analysis & Synthesis report for part2
Mon Nov 11 12:45:38 2019
Quartus II 64-Bit Version 13.0.1 Build 232 06/12/2013 Service Pack 1 SJ Full Version


---------------------
; Table of Contents ;
---------------------
  1. Legal Notice
  2. Analysis & Synthesis Summary
  3. Analysis & Synthesis Settings
  4. Parallel Compilation
  5. Analysis & Synthesis Source Files Read
  6. Analysis & Synthesis Resource Usage Summary
  7. Analysis & Synthesis Resource Utilization by Entity
  8. Analysis & Synthesis RAM Summary
  9. Analysis & Synthesis IP Cores Summary
 10. State Machine - |part2|part1:Processor|Tstep_Q
 11. General Register Statistics
 12. Multiplexer Restructuring Statistics (Restructuring Performed)
 13. Source assignments for inst_mem:Memory|altsyncram:altsyncram_component|altsyncram_ek81:auto_generated
 14. Parameter Settings for User Entity Instance: counter:Counter0
 15. Parameter Settings for User Entity Instance: inst_mem:Memory|altsyncram:altsyncram_component
 16. Parameter Settings for User Entity Instance: part1:Processor|regn:reg_0
 17. Parameter Settings for User Entity Instance: part1:Processor|regn:reg_1
 18. Parameter Settings for User Entity Instance: part1:Processor|regn:reg_2
 19. Parameter Settings for User Entity Instance: part1:Processor|regn:reg_3
 20. Parameter Settings for User Entity Instance: part1:Processor|regn:reg_4
 21. Parameter Settings for User Entity Instance: part1:Processor|regn:reg_5
 22. Parameter Settings for User Entity Instance: part1:Processor|regn:reg_6
 23. Parameter Settings for User Entity Instance: part1:Processor|regn:reg_7
 24. Parameter Settings for User Entity Instance: part1:Processor|regn:regA
 25. Parameter Settings for User Entity Instance: part1:Processor|regn:regIR
 26. Parameter Settings for User Entity Instance: part1:Processor|regn:regG
 27. altsyncram Parameter Settings by Entity Instance
 28. Port Connectivity Checks: "part1:Processor|dec3to8:decX"
 29. Elapsed Time Per Partition
 30. Analysis & Synthesis Messages



----------------
; Legal Notice ;
----------------
Copyright (C) 1991-2013 Altera Corporation
Your use of Altera Corporation's design tools, logic functions 
and other software and tools, and its AMPP partner logic 
functions, and any output files from any of the foregoing 
(including device programming or simulation files), and any 
associated documentation or information are expressly subject 
to the terms and conditions of the Altera Program License 
Subscription Agreement, Altera MegaCore Function License 
Agreement, or other applicable license agreement, including, 
without limitation, that your use is for the sole purpose of 
programming logic devices manufactured by Altera and sold by 
Altera or its authorized distributors.  Please refer to the 
applicable agreement for further details.



+---------------------------------------------------------------------------------------+
; Analysis & Synthesis Summary                                                          ;
+------------------------------------+--------------------------------------------------+
; Analysis & Synthesis Status        ; Successful - Mon Nov 11 12:45:38 2019            ;
; Quartus II 64-Bit Version          ; 13.0.1 Build 232 06/12/2013 SP 1 SJ Full Version ;
; Revision Name                      ; part2                                            ;
; Top-level Entity Name              ; part2                                            ;
; Family                             ; Cyclone II                                       ;
; Total logic elements               ; 198                                              ;
;     Total combinational functions  ; 116                                              ;
;     Dedicated logic registers      ; 108                                              ;
; Total registers                    ; 108                                              ;
; Total pins                         ; 14                                               ;
; Total virtual pins                 ; 0                                                ;
; Total memory bits                  ; 288                                              ;
; Embedded Multiplier 9-bit elements ; 0                                                ;
; Total PLLs                         ; 0                                                ;
+------------------------------------+--------------------------------------------------+


+----------------------------------------------------------------------------------------------------------------------+
; Analysis & Synthesis Settings                                                                                        ;
+----------------------------------------------------------------------------+--------------------+--------------------+
; Option                                                                     ; Setting            ; Default Value      ;
+----------------------------------------------------------------------------+--------------------+--------------------+
; Device                                                                     ; EP2C20F484C7       ;                    ;
; Top-level entity name                                                      ; part2              ; part2              ;
; Family name                                                                ; Cyclone II         ; Cyclone IV GX      ;
; Use smart compilation                                                      ; Off                ; Off                ;
; Enable parallel Assembler and TimeQuest Timing Analyzer during compilation ; On                 ; On                 ;
; Enable compact report table                                                ; Off                ; Off                ;
; Restructure Multiplexers                                                   ; Auto               ; Auto               ;
; Create Debugging Nodes for IP Cores                                        ; Off                ; Off                ;
; Preserve fewer node names                                                  ; On                 ; On                 ;
; Disable OpenCore Plus hardware evaluation                                  ; Off                ; Off                ;
; Verilog Version                                                            ; Verilog_2001       ; Verilog_2001       ;
; VHDL Version                                                               ; VHDL_1993          ; VHDL_1993          ;
; State Machine Processing                                                   ; Auto               ; Auto               ;
; Safe State Machine                                                         ; Off                ; Off                ;
; Extract Verilog State Machines                                             ; On                 ; On                 ;
; Extract VHDL State Machines                                                ; On                 ; On                 ;
; Ignore Verilog initial constructs                                          ; Off                ; Off                ;
; Iteration limit for constant Verilog loops                                 ; 5000               ; 5000               ;
; Iteration limit for non-constant Verilog loops                             ; 250                ; 250                ;
; Add Pass-Through Logic to Inferred RAMs                                    ; On                 ; On                 ;
; Infer RAMs from Raw Logic                                                  ; On                 ; On                 ;
; Parallel Synthesis                                                         ; On                 ; On                 ;
; DSP Block Balancing                                                        ; Auto               ; Auto               ;
; NOT Gate Push-Back                                                         ; On                 ; On                 ;
; Power-Up Don't Care                                                        ; On                 ; On                 ;
; Remove Redundant Logic Cells                                               ; Off                ; Off                ;
; Remove Duplicate Registers                                                 ; On                 ; On                 ;
; Ignore CARRY Buffers                                                       ; Off                ; Off                ;
; Ignore CASCADE Buffers                                                     ; Off                ; Off                ;
; Ignore GLOBAL Buffers                                                      ; Off                ; Off                ;
; Ignore ROW GLOBAL Buffers                                                  ; Off                ; Off                ;
; Ignore LCELL Buffers                                                       ; Off                ; Off                ;
; Ignore SOFT Buffers                                                        ; On                 ; On                 ;
; Limit AHDL Integers to 32 Bits                                             ; Off                ; Off                ;
; Optimization Technique                                                     ; Balanced           ; Balanced           ;
; Carry Chain Length                                                         ; 70                 ; 70                 ;
; Auto Carry Chains                                                          ; On                 ; On                 ;
; Auto Open-Drain Pins                                                       ; On                 ; On                 ;
; Perform WYSIWYG Primitive Resynthesis                                      ; Off                ; Off                ;
; Auto ROM Replacement                                                       ; On                 ; On                 ;
; Auto RAM Replacement                                                       ; On                 ; On                 ;
; Auto Shift Register Replacement                                            ; Auto               ; Auto               ;
; Allow Shift Register Merging across Hierarchies                            ; Auto               ; Auto               ;
; Auto Clock Enable Replacement                                              ; On                 ; On                 ;
; Strict RAM Replacement                                                     ; Off                ; Off                ;
; Allow Synchronous Control Signals                                          ; On                 ; On                 ;
; Force Use of Synchronous Clear Signals                                     ; Off                ; Off                ;
; Auto RAM to Logic Cell Conversion                                          ; Off                ; Off                ;
; Auto Resource Sharing                                                      ; Off                ; Off                ;
; Allow Any RAM Size For Recognition                                         ; Off                ; Off                ;
; Allow Any ROM Size For Recognition                                         ; Off                ; Off                ;
; Allow Any Shift Register Size For Recognition                              ; Off                ; Off                ;
; Use LogicLock Constraints during Resource Balancing                        ; On                 ; On                 ;
; Ignore translate_off and synthesis_off directives                          ; Off                ; Off                ;
; Timing-Driven Synthesis                                                    ; Off                ; Off                ;
; Report Parameter Settings                                                  ; On                 ; On                 ;
; Report Source Assignments                                                  ; On                 ; On                 ;
; Report Connectivity Checks                                                 ; On                 ; On                 ;
; Ignore Maximum Fan-Out Assignments                                         ; Off                ; Off                ;
; Synchronization Register Chain Length                                      ; 2                  ; 2                  ;
; PowerPlay Power Optimization                                               ; Normal compilation ; Normal compilation ;
; HDL message level                                                          ; Level2             ; Level2             ;
; Suppress Register Optimization Related Messages                            ; Off                ; Off                ;
; Number of Removed Registers Reported in Synthesis Report                   ; 5000               ; 5000               ;
; Number of Swept Nodes Reported in Synthesis Report                         ; 5000               ; 5000               ;
; Number of Inverted Registers Reported in Synthesis Report                  ; 100                ; 100                ;
; Clock MUX Protection                                                       ; On                 ; On                 ;
; Auto Gated Clock Conversion                                                ; Off                ; Off                ;
; Block Design Naming                                                        ; Auto               ; Auto               ;
; SDC constraint protection                                                  ; Off                ; Off                ;
; Synthesis Effort                                                           ; Auto               ; Auto               ;
; Shift Register Replacement - Allow Asynchronous Clear Signal               ; On                 ; On                 ;
; Pre-Mapping Resynthesis Optimization                                       ; Off                ; Off                ;
; Analysis & Synthesis Message Level                                         ; Medium             ; Medium             ;
; Disable Register Merging Across Hierarchies                                ; Auto               ; Auto               ;
; Resource Aware Inference For Block RAM                                     ; On                 ; On                 ;
; Synthesis Seed                                                             ; 1                  ; 1                  ;
+----------------------------------------------------------------------------+--------------------+--------------------+


+------------------------------------------+
; Parallel Compilation                     ;
+----------------------------+-------------+
; Processors                 ; Number      ;
+----------------------------+-------------+
; Number detected on machine ; 8           ;
; Maximum allowed            ; 8           ;
;                            ;             ;
; Average used               ; 1.00        ;
; Maximum used               ; 1           ;
;                            ;             ;
; Usage by Processor         ; % Time Used ;
;     Processor 1            ; 100.0%      ;
;     Processors 2-8         ;   0.0%      ;
+----------------------------+-------------+


+---------------------------------------------------------------------------------------------------------------------------------------------------------------------------------------+
; Analysis & Synthesis Source Files Read                                                                                                                                                ;
+----------------------------------+-----------------+---------------------------------------+--------------------------------------------------------------------------------+---------+
; File Name with User-Entered Path ; Used in Netlist ; File Type                             ; File Name with Absolute Path                                                   ; Library ;
+----------------------------------+-----------------+---------------------------------------+--------------------------------------------------------------------------------+---------+
; ../part1/part1.vhd               ; yes             ; User VHDL File                        ; W:/UNSWSTUDY/COMPStudy/COMP3222/WKSpace/Lab9/part1/part1.vhd                   ;         ;
; part2.vhd                        ; yes             ; User VHDL File                        ; W:/UNSWSTUDY/COMPStudy/COMP3222/WKSpace/Lab9/part2/part2.vhd                   ;         ;
; inis_mem.hex                     ; yes             ; User Hexadecimal (Intel-Format) File  ; W:/UNSWSTUDY/COMPStudy/COMP3222/WKSpace/Lab9/part2/inis_mem.hex                ;         ;
; inst_mem.vhd                     ; yes             ; User Wizard-Generated File            ; W:/UNSWSTUDY/COMPStudy/COMP3222/WKSpace/Lab9/part2/inst_mem.vhd                ;         ;
; clocker.vhd                      ; yes             ; User VHDL File                        ; W:/UNSWSTUDY/COMPStudy/COMP3222/WKSpace/Lab9/part2/clocker.vhd                 ;         ;
; altsyncram.tdf                   ; yes             ; Megafunction                          ; a:/coding/languages/vhdl/quartus/libraries/megafunctions/altsyncram.tdf        ;         ;
; stratix_ram_block.inc            ; yes             ; Megafunction                          ; a:/coding/languages/vhdl/quartus/libraries/megafunctions/stratix_ram_block.inc ;         ;
; lpm_mux.inc                      ; yes             ; Megafunction                          ; a:/coding/languages/vhdl/quartus/libraries/megafunctions/lpm_mux.inc           ;         ;
; lpm_decode.inc                   ; yes             ; Megafunction                          ; a:/coding/languages/vhdl/quartus/libraries/megafunctions/lpm_decode.inc        ;         ;
; aglobal130.inc                   ; yes             ; Megafunction                          ; a:/coding/languages/vhdl/quartus/libraries/megafunctions/aglobal130.inc        ;         ;
; a_rdenreg.inc                    ; yes             ; Megafunction                          ; a:/coding/languages/vhdl/quartus/libraries/megafunctions/a_rdenreg.inc         ;         ;
; altrom.inc                       ; yes             ; Megafunction                          ; a:/coding/languages/vhdl/quartus/libraries/megafunctions/altrom.inc            ;         ;
; altram.inc                       ; yes             ; Megafunction                          ; a:/coding/languages/vhdl/quartus/libraries/megafunctions/altram.inc            ;         ;
; altdpram.inc                     ; yes             ; Megafunction                          ; a:/coding/languages/vhdl/quartus/libraries/megafunctions/altdpram.inc          ;         ;
; db/altsyncram_ek81.tdf           ; yes             ; Auto-Generated Megafunction           ; W:/UNSWSTUDY/COMPStudy/COMP3222/WKSpace/Lab9/part2/db/altsyncram_ek81.tdf      ;         ;
+----------------------------------+-----------------+---------------------------------------+--------------------------------------------------------------------------------+---------+


+------------------------------------------------------+
; Analysis & Synthesis Resource Usage Summary          ;
+---------------------------------------------+--------+
; Resource                                    ; Usage  ;
+---------------------------------------------+--------+
; Estimated Total logic elements              ; 198    ;
;                                             ;        ;
; Total combinational functions               ; 116    ;
; Logic element usage by number of LUT inputs ;        ;
;     -- 4 input functions                    ; 89     ;
;     -- 3 input functions                    ; 21     ;
;     -- <=2 input functions                  ; 6      ;
;                                             ;        ;
; Logic elements by mode                      ;        ;
;     -- normal mode                          ; 104    ;
;     -- arithmetic mode                      ; 12     ;
;                                             ;        ;
; Total registers                             ; 108    ;
;     -- Dedicated logic registers            ; 108    ;
;     -- I/O registers                        ; 0      ;
;                                             ;        ;
; I/O pins                                    ; 14     ;
; Total memory bits                           ; 288    ;
; Embedded Multiplier 9-bit elements          ; 0      ;
; Maximum fan-out node                        ; PClock ;
; Maximum fan-out                             ; 103    ;
; Total fan-out                               ; 812    ;
; Average fan-out                             ; 3.29   ;
+---------------------------------------------+--------+


+--------------------------------------------------------------------------------------------------------------------------------------------------------------------------------------------------------------------------------------------------------------+
; Analysis & Synthesis Resource Utilization by Entity                                                                                                                                                                                                          ;
+-------------------------------------------+-------------------+--------------+-------------+--------------+---------+-----------+------+--------------+---------------------------------------------------------------------------------------+--------------+
; Compilation Hierarchy Node                ; LC Combinationals ; LC Registers ; Memory Bits ; DSP Elements ; DSP 9x9 ; DSP 18x18 ; Pins ; Virtual Pins ; Full Hierarchy Name                                                                   ; Library Name ;
+-------------------------------------------+-------------------+--------------+-------------+--------------+---------+-----------+------+--------------+---------------------------------------------------------------------------------------+--------------+
; |part2                                    ; 116 (0)           ; 108 (0)      ; 288         ; 0            ; 0       ; 0         ; 14   ; 0            ; |part2                                                                                ; work         ;
;    |counter:Counter0|                     ; 5 (5)             ; 5 (5)        ; 0           ; 0            ; 0       ; 0         ; 0    ; 0            ; |part2|counter:Counter0                                                               ; work         ;
;    |inst_mem:Memory|                      ; 0 (0)             ; 0 (0)        ; 288         ; 0            ; 0       ; 0         ; 0    ; 0            ; |part2|inst_mem:Memory                                                                ; work         ;
;       |altsyncram:altsyncram_component|   ; 0 (0)             ; 0 (0)        ; 288         ; 0            ; 0       ; 0         ; 0    ; 0            ; |part2|inst_mem:Memory|altsyncram:altsyncram_component                                ; work         ;
;          |altsyncram_ek81:auto_generated| ; 0 (0)             ; 0 (0)        ; 288         ; 0            ; 0       ; 0         ; 0    ; 0            ; |part2|inst_mem:Memory|altsyncram:altsyncram_component|altsyncram_ek81:auto_generated ; work         ;
;    |part1:Processor|                      ; 111 (84)          ; 103 (4)      ; 0           ; 0            ; 0       ; 0         ; 0    ; 0            ; |part2|part1:Processor                                                                ; work         ;
;       |addsubUnit:AdderSubstracterUnit|   ; 9 (9)             ; 0 (0)        ; 0           ; 0            ; 0       ; 0         ; 0    ; 0            ; |part2|part1:Processor|addsubUnit:AdderSubstracterUnit                                ; work         ;
;       |dec3to8:decX|                      ; 8 (8)             ; 0 (0)        ; 0           ; 0            ; 0       ; 0         ; 0    ; 0            ; |part2|part1:Processor|dec3to8:decX                                                   ; work         ;
;       |regn:regA|                         ; 0 (0)             ; 9 (9)        ; 0           ; 0            ; 0       ; 0         ; 0    ; 0            ; |part2|part1:Processor|regn:regA                                                      ; work         ;
;       |regn:regG|                         ; 10 (10)           ; 9 (9)        ; 0           ; 0            ; 0       ; 0         ; 0    ; 0            ; |part2|part1:Processor|regn:regG                                                      ; work         ;
;       |regn:regIR|                        ; 0 (0)             ; 9 (9)        ; 0           ; 0            ; 0       ; 0         ; 0    ; 0            ; |part2|part1:Processor|regn:regIR                                                     ; work         ;
;       |regn:reg_0|                        ; 0 (0)             ; 9 (9)        ; 0           ; 0            ; 0       ; 0         ; 0    ; 0            ; |part2|part1:Processor|regn:reg_0                                                     ; work         ;
;       |regn:reg_1|                        ; 0 (0)             ; 9 (9)        ; 0           ; 0            ; 0       ; 0         ; 0    ; 0            ; |part2|part1:Processor|regn:reg_1                                                     ; work         ;
;       |regn:reg_2|                        ; 0 (0)             ; 9 (9)        ; 0           ; 0            ; 0       ; 0         ; 0    ; 0            ; |part2|part1:Processor|regn:reg_2                                                     ; work         ;
;       |regn:reg_3|                        ; 0 (0)             ; 9 (9)        ; 0           ; 0            ; 0       ; 0         ; 0    ; 0            ; |part2|part1:Processor|regn:reg_3                                                     ; work         ;
;       |regn:reg_4|                        ; 0 (0)             ; 9 (9)        ; 0           ; 0            ; 0       ; 0         ; 0    ; 0            ; |part2|part1:Processor|regn:reg_4                                                     ; work         ;
;       |regn:reg_5|                        ; 0 (0)             ; 9 (9)        ; 0           ; 0            ; 0       ; 0         ; 0    ; 0            ; |part2|part1:Processor|regn:reg_5                                                     ; work         ;
;       |regn:reg_6|                        ; 0 (0)             ; 9 (9)        ; 0           ; 0            ; 0       ; 0         ; 0    ; 0            ; |part2|part1:Processor|regn:reg_6                                                     ; work         ;
;       |regn:reg_7|                        ; 0 (0)             ; 9 (9)        ; 0           ; 0            ; 0       ; 0         ; 0    ; 0            ; |part2|part1:Processor|regn:reg_7                                                     ; work         ;
+-------------------------------------------+-------------------+--------------+-------------+--------------+---------+-----------+------+--------------+---------------------------------------------------------------------------------------+--------------+
Note: For table entries with two numbers listed, the numbers in parentheses indicate the number of resources of the given type used by the specific entity alone. The numbers listed outside of parentheses indicate the total resources of the given type used by the specific entity and all of its sub-entities in the hierarchy.


+----------------------------------------------------------------------------------------------------------------------------------------------------------------------------------------------------+
; Analysis & Synthesis RAM Summary                                                                                                                                                                   ;
+-------------------------------------------------------------------------------------------+------+------+--------------+--------------+--------------+--------------+------+-----------------------+
; Name                                                                                      ; Type ; Mode ; Port A Depth ; Port A Width ; Port B Depth ; Port B Width ; Size ; MIF                   ;
+-------------------------------------------------------------------------------------------+------+------+--------------+--------------+--------------+--------------+------+-----------------------+
; inst_mem:Memory|altsyncram:altsyncram_component|altsyncram_ek81:auto_generated|ALTSYNCRAM ; AUTO ; ROM  ; 32           ; 9            ; --           ; --           ; 288  ; ../part2/inis_mem.hex ;
+-------------------------------------------------------------------------------------------+------+------+--------------+--------------+--------------+--------------+------+-----------------------+


+----------------------------------------------------------------------------------------------------------------------------------------------------------+
; Analysis & Synthesis IP Cores Summary                                                                                                                    ;
+--------+--------------+---------+--------------+--------------+------------------------+-----------------------------------------------------------------+
; Vendor ; IP Core Name ; Version ; Release Date ; License Type ; Entity Instance        ; IP Include File                                                 ;
+--------+--------------+---------+--------------+--------------+------------------------+-----------------------------------------------------------------+
; Altera ; ROM: 1-PORT  ; 13.0    ; N/A          ; N/A          ; |part2|inst_mem:Memory ; W:/UNSWSTUDY/COMPStudy/COMP3222/WKSpace/Lab9/part2/inst_mem.vhd ;
+--------+--------------+---------+--------------+--------------+------------------------+-----------------------------------------------------------------+


Encoding Type:  One-Hot
+----------------------------------------------------------------+
; State Machine - |part2|part1:Processor|Tstep_Q                 ;
+------------+------------+------------+------------+------------+
; Name       ; Tstep_Q.T3 ; Tstep_Q.T2 ; Tstep_Q.T1 ; Tstep_Q.T0 ;
+------------+------------+------------+------------+------------+
; Tstep_Q.T0 ; 0          ; 0          ; 0          ; 0          ;
; Tstep_Q.T1 ; 0          ; 0          ; 1          ; 1          ;
; Tstep_Q.T2 ; 0          ; 1          ; 0          ; 1          ;
; Tstep_Q.T3 ; 1          ; 0          ; 0          ; 1          ;
+------------+------------+------------+------------+------------+


+------------------------------------------------------+
; General Register Statistics                          ;
+----------------------------------------------+-------+
; Statistic                                    ; Value ;
+----------------------------------------------+-------+
; Total registers                              ; 108   ;
; Number of registers using Synchronous Clear  ; 0     ;
; Number of registers using Synchronous Load   ; 0     ;
; Number of registers using Asynchronous Clear ; 4     ;
; Number of registers using Asynchronous Load  ; 0     ;
; Number of registers using Clock Enable       ; 99    ;
; Number of registers using Preset             ; 0     ;
+----------------------------------------------+-------+


+--------------------------------------------------------------------------------------------------------------------------------------------+
; Multiplexer Restructuring Statistics (Restructuring Performed)                                                                             ;
+--------------------+-----------+---------------+----------------------+------------------------+------------+------------------------------+
; Multiplexer Inputs ; Bus Width ; Baseline Area ; Area if Restructured ; Saving if Restructured ; Registered ; Example Multiplexer Output   ;
+--------------------+-----------+---------------+----------------------+------------------------+------------+------------------------------+
; 8:1                ; 2 bits    ; 10 LEs        ; 4 LEs                ; 6 LEs                  ; No         ; |part2|part1:Processor|Mux9  ;
; 16:1               ; 9 bits    ; 90 LEs        ; 63 LEs               ; 27 LEs                 ; No         ; |part2|part1:Processor|Mux36 ;
+--------------------+-----------+---------------+----------------------+------------------------+------------+------------------------------+


+-------------------------------------------------------------------------------------------------------+
; Source assignments for inst_mem:Memory|altsyncram:altsyncram_component|altsyncram_ek81:auto_generated ;
+---------------------------------+--------------------+------+-----------------------------------------+
; Assignment                      ; Value              ; From ; To                                      ;
+---------------------------------+--------------------+------+-----------------------------------------+
; OPTIMIZE_POWER_DURING_SYNTHESIS ; NORMAL_COMPILATION ; -    ; -                                       ;
+---------------------------------+--------------------+------+-----------------------------------------+


+---------------------------------------------------------------+
; Parameter Settings for User Entity Instance: counter:Counter0 ;
+----------------+-------+--------------------------------------+
; Parameter Name ; Value ; Type                                 ;
+----------------+-------+--------------------------------------+
; n              ; 5     ; Signed Integer                       ;
+----------------+-------+--------------------------------------+
Note: In order to hide this table in the UI and the text report file, please set the "Show Parameter Settings in Synthesis Report" option in "Analysis and Synthesis Settings -> More Settings" to "Off".


+----------------------------------------------------------------------------------------------+
; Parameter Settings for User Entity Instance: inst_mem:Memory|altsyncram:altsyncram_component ;
+------------------------------------+-----------------------+---------------------------------+
; Parameter Name                     ; Value                 ; Type                            ;
+------------------------------------+-----------------------+---------------------------------+
; BYTE_SIZE_BLOCK                    ; 8                     ; Untyped                         ;
; AUTO_CARRY_CHAINS                  ; ON                    ; AUTO_CARRY                      ;
; IGNORE_CARRY_BUFFERS               ; OFF                   ; IGNORE_CARRY                    ;
; AUTO_CASCADE_CHAINS                ; ON                    ; AUTO_CASCADE                    ;
; IGNORE_CASCADE_BUFFERS             ; OFF                   ; IGNORE_CASCADE                  ;
; WIDTH_BYTEENA                      ; 1                     ; Untyped                         ;
; OPERATION_MODE                     ; ROM                   ; Untyped                         ;
; WIDTH_A                            ; 9                     ; Signed Integer                  ;
; WIDTHAD_A                          ; 5                     ; Signed Integer                  ;
; NUMWORDS_A                         ; 32                    ; Signed Integer                  ;
; OUTDATA_REG_A                      ; UNREGISTERED          ; Untyped                         ;
; ADDRESS_ACLR_A                     ; NONE                  ; Untyped                         ;
; OUTDATA_ACLR_A                     ; NONE                  ; Untyped                         ;
; WRCONTROL_ACLR_A                   ; NONE                  ; Untyped                         ;
; INDATA_ACLR_A                      ; NONE                  ; Untyped                         ;
; BYTEENA_ACLR_A                     ; NONE                  ; Untyped                         ;
; WIDTH_B                            ; 1                     ; Untyped                         ;
; WIDTHAD_B                          ; 1                     ; Untyped                         ;
; NUMWORDS_B                         ; 1                     ; Untyped                         ;
; INDATA_REG_B                       ; CLOCK1                ; Untyped                         ;
; WRCONTROL_WRADDRESS_REG_B          ; CLOCK1                ; Untyped                         ;
; RDCONTROL_REG_B                    ; CLOCK1                ; Untyped                         ;
; ADDRESS_REG_B                      ; CLOCK1                ; Untyped                         ;
; OUTDATA_REG_B                      ; UNREGISTERED          ; Untyped                         ;
; BYTEENA_REG_B                      ; CLOCK1                ; Untyped                         ;
; INDATA_ACLR_B                      ; NONE                  ; Untyped                         ;
; WRCONTROL_ACLR_B                   ; NONE                  ; Untyped                         ;
; ADDRESS_ACLR_B                     ; NONE                  ; Untyped                         ;
; OUTDATA_ACLR_B                     ; NONE                  ; Untyped                         ;
; RDCONTROL_ACLR_B                   ; NONE                  ; Untyped                         ;
; BYTEENA_ACLR_B                     ; NONE                  ; Untyped                         ;
; WIDTH_BYTEENA_A                    ; 1                     ; Signed Integer                  ;
; WIDTH_BYTEENA_B                    ; 1                     ; Untyped                         ;
; RAM_BLOCK_TYPE                     ; AUTO                  ; Untyped                         ;
; BYTE_SIZE                          ; 8                     ; Untyped                         ;
; READ_DURING_WRITE_MODE_MIXED_PORTS ; DONT_CARE             ; Untyped                         ;
; READ_DURING_WRITE_MODE_PORT_A      ; NEW_DATA_NO_NBE_READ  ; Untyped                         ;
; READ_DURING_WRITE_MODE_PORT_B      ; NEW_DATA_NO_NBE_READ  ; Untyped                         ;
; INIT_FILE                          ; ../part2/inis_mem.hex ; Untyped                         ;
; INIT_FILE_LAYOUT                   ; PORT_A                ; Untyped                         ;
; MAXIMUM_DEPTH                      ; 0                     ; Untyped                         ;
; CLOCK_ENABLE_INPUT_A               ; BYPASS                ; Untyped                         ;
; CLOCK_ENABLE_INPUT_B               ; NORMAL                ; Untyped                         ;
; CLOCK_ENABLE_OUTPUT_A              ; BYPASS                ; Untyped                         ;
; CLOCK_ENABLE_OUTPUT_B              ; NORMAL                ; Untyped                         ;
; CLOCK_ENABLE_CORE_A                ; USE_INPUT_CLKEN       ; Untyped                         ;
; CLOCK_ENABLE_CORE_B                ; USE_INPUT_CLKEN       ; Untyped                         ;
; ENABLE_ECC                         ; FALSE                 ; Untyped                         ;
; ECC_PIPELINE_STAGE_ENABLED         ; FALSE                 ; Untyped                         ;
; WIDTH_ECCSTATUS                    ; 3                     ; Untyped                         ;
; DEVICE_FAMILY                      ; Cyclone II            ; Untyped                         ;
; CBXI_PARAMETER                     ; altsyncram_ek81       ; Untyped                         ;
+------------------------------------+-----------------------+---------------------------------+
Note: In order to hide this table in the UI and the text report file, please set the "Show Parameter Settings in Synthesis Report" option in "Analysis and Synthesis Settings -> More Settings" to "Off".


+-------------------------------------------------------------------------+
; Parameter Settings for User Entity Instance: part1:Processor|regn:reg_0 ;
+----------------+-------+------------------------------------------------+
; Parameter Name ; Value ; Type                                           ;
+----------------+-------+------------------------------------------------+
; n              ; 9     ; Signed Integer                                 ;
+----------------+-------+------------------------------------------------+
Note: In order to hide this table in the UI and the text report file, please set the "Show Parameter Settings in Synthesis Report" option in "Analysis and Synthesis Settings -> More Settings" to "Off".


+-------------------------------------------------------------------------+
; Parameter Settings for User Entity Instance: part1:Processor|regn:reg_1 ;
+----------------+-------+------------------------------------------------+
; Parameter Name ; Value ; Type                                           ;
+----------------+-------+------------------------------------------------+
; n              ; 9     ; Signed Integer                                 ;
+----------------+-------+------------------------------------------------+
Note: In order to hide this table in the UI and the text report file, please set the "Show Parameter Settings in Synthesis Report" option in "Analysis and Synthesis Settings -> More Settings" to "Off".


+-------------------------------------------------------------------------+
; Parameter Settings for User Entity Instance: part1:Processor|regn:reg_2 ;
+----------------+-------+------------------------------------------------+
; Parameter Name ; Value ; Type                                           ;
+----------------+-------+------------------------------------------------+
; n              ; 9     ; Signed Integer                                 ;
+----------------+-------+------------------------------------------------+
Note: In order to hide this table in the UI and the text report file, please set the "Show Parameter Settings in Synthesis Report" option in "Analysis and Synthesis Settings -> More Settings" to "Off".


+-------------------------------------------------------------------------+
; Parameter Settings for User Entity Instance: part1:Processor|regn:reg_3 ;
+----------------+-------+------------------------------------------------+
; Parameter Name ; Value ; Type                                           ;
+----------------+-------+------------------------------------------------+
; n              ; 9     ; Signed Integer                                 ;
+----------------+-------+------------------------------------------------+
Note: In order to hide this table in the UI and the text report file, please set the "Show Parameter Settings in Synthesis Report" option in "Analysis and Synthesis Settings -> More Settings" to "Off".


+-------------------------------------------------------------------------+
; Parameter Settings for User Entity Instance: part1:Processor|regn:reg_4 ;
+----------------+-------+------------------------------------------------+
; Parameter Name ; Value ; Type                                           ;
+----------------+-------+------------------------------------------------+
; n              ; 9     ; Signed Integer                                 ;
+----------------+-------+------------------------------------------------+
Note: In order to hide this table in the UI and the text report file, please set the "Show Parameter Settings in Synthesis Report" option in "Analysis and Synthesis Settings -> More Settings" to "Off".


+-------------------------------------------------------------------------+
; Parameter Settings for User Entity Instance: part1:Processor|regn:reg_5 ;
+----------------+-------+------------------------------------------------+
; Parameter Name ; Value ; Type                                           ;
+----------------+-------+------------------------------------------------+
; n              ; 9     ; Signed Integer                                 ;
+----------------+-------+------------------------------------------------+
Note: In order to hide this table in the UI and the text report file, please set the "Show Parameter Settings in Synthesis Report" option in "Analysis and Synthesis Settings -> More Settings" to "Off".


+-------------------------------------------------------------------------+
; Parameter Settings for User Entity Instance: part1:Processor|regn:reg_6 ;
+----------------+-------+------------------------------------------------+
; Parameter Name ; Value ; Type                                           ;
+----------------+-------+------------------------------------------------+
; n              ; 9     ; Signed Integer                                 ;
+----------------+-------+------------------------------------------------+
Note: In order to hide this table in the UI and the text report file, please set the "Show Parameter Settings in Synthesis Report" option in "Analysis and Synthesis Settings -> More Settings" to "Off".


+-------------------------------------------------------------------------+
; Parameter Settings for User Entity Instance: part1:Processor|regn:reg_7 ;
+----------------+-------+------------------------------------------------+
; Parameter Name ; Value ; Type                                           ;
+----------------+-------+------------------------------------------------+
; n              ; 9     ; Signed Integer                                 ;
+----------------+-------+------------------------------------------------+
Note: In order to hide this table in the UI and the text report file, please set the "Show Parameter Settings in Synthesis Report" option in "Analysis and Synthesis Settings -> More Settings" to "Off".


+------------------------------------------------------------------------+
; Parameter Settings for User Entity Instance: part1:Processor|regn:regA ;
+----------------+-------+-----------------------------------------------+
; Parameter Name ; Value ; Type                                          ;
+----------------+-------+-----------------------------------------------+
; n              ; 9     ; Signed Integer                                ;
+----------------+-------+-----------------------------------------------+
Note: In order to hide this table in the UI and the text report file, please set the "Show Parameter Settings in Synthesis Report" option in "Analysis and Synthesis Settings -> More Settings" to "Off".


+-------------------------------------------------------------------------+
; Parameter Settings for User Entity Instance: part1:Processor|regn:regIR ;
+----------------+-------+------------------------------------------------+
; Parameter Name ; Value ; Type                                           ;
+----------------+-------+------------------------------------------------+
; n              ; 9     ; Signed Integer                                 ;
+----------------+-------+------------------------------------------------+
Note: In order to hide this table in the UI and the text report file, please set the "Show Parameter Settings in Synthesis Report" option in "Analysis and Synthesis Settings -> More Settings" to "Off".


+------------------------------------------------------------------------+
; Parameter Settings for User Entity Instance: part1:Processor|regn:regG ;
+----------------+-------+-----------------------------------------------+
; Parameter Name ; Value ; Type                                          ;
+----------------+-------+-----------------------------------------------+
; n              ; 9     ; Signed Integer                                ;
+----------------+-------+-----------------------------------------------+
Note: In order to hide this table in the UI and the text report file, please set the "Show Parameter Settings in Synthesis Report" option in "Analysis and Synthesis Settings -> More Settings" to "Off".


+---------------------------------------------------------------------------------------------+
; altsyncram Parameter Settings by Entity Instance                                            ;
+-------------------------------------------+-------------------------------------------------+
; Name                                      ; Value                                           ;
+-------------------------------------------+-------------------------------------------------+
; Number of entity instances                ; 1                                               ;
; Entity Instance                           ; inst_mem:Memory|altsyncram:altsyncram_component ;
;     -- OPERATION_MODE                     ; ROM                                             ;
;     -- WIDTH_A                            ; 9                                               ;
;     -- NUMWORDS_A                         ; 32                                              ;
;     -- OUTDATA_REG_A                      ; UNREGISTERED                                    ;
;     -- WIDTH_B                            ; 1                                               ;
;     -- NUMWORDS_B                         ; 1                                               ;
;     -- ADDRESS_REG_B                      ; CLOCK1                                          ;
;     -- OUTDATA_REG_B                      ; UNREGISTERED                                    ;
;     -- RAM_BLOCK_TYPE                     ; AUTO                                            ;
;     -- READ_DURING_WRITE_MODE_MIXED_PORTS ; DONT_CARE                                       ;
+-------------------------------------------+-------------------------------------------------+


+----------------------------------------------------------+
; Port Connectivity Checks: "part1:Processor|dec3to8:decX" ;
+------+-------+----------+--------------------------------+
; Port ; Type  ; Severity ; Details                        ;
+------+-------+----------+--------------------------------+
; en   ; Input ; Info     ; Stuck at VCC                   ;
+------+-------+----------+--------------------------------+


+-------------------------------+
; Elapsed Time Per Partition    ;
+----------------+--------------+
; Partition Name ; Elapsed Time ;
+----------------+--------------+
; Top            ; 00:00:00     ;
+----------------+--------------+


+-------------------------------+
; Analysis & Synthesis Messages ;
+-------------------------------+
Info: *******************************************************************
Info: Running Quartus II 64-Bit Analysis & Synthesis
    Info: Version 13.0.1 Build 232 06/12/2013 Service Pack 1 SJ Full Version
    Info: Processing started: Mon Nov 11 12:45:37 2019
Info: Command: quartus_map --read_settings_files=on --write_settings_files=off part2 -c part2
Info (20030): Parallel compilation is enabled and will use 8 of the 8 processors detected
Info (12021): Found 8 design units, including 4 entities, in source file /unswstudy/compstudy/comp3222/wkspace/lab9/part1/part1.vhd
    Info (12022): Found design unit 1: part1-Behavior
    Info (12022): Found design unit 2: addsubUnit-Behavior
    Info (12022): Found design unit 3: dec3to8-Behavior
    Info (12022): Found design unit 4: regn-Behavior
    Info (12023): Found entity 1: part1
    Info (12023): Found entity 2: addsubUnit
    Info (12023): Found entity 3: dec3to8
    Info (12023): Found entity 4: regn
Info (12021): Found 2 design units, including 1 entities, in source file part2.vhd
    Info (12022): Found design unit 1: part2-Behavior
    Info (12023): Found entity 1: part2
Info (12021): Found 2 design units, including 1 entities, in source file inst_mem.vhd
    Info (12022): Found design unit 1: inst_mem-SYN
    Info (12023): Found entity 1: inst_mem
Info (12021): Found 2 design units, including 1 entities, in source file clocker.vhd
    Info (12022): Found design unit 1: counter-Behavior
    Info (12023): Found entity 1: counter
Info (12127): Elaborating entity "part2" for the top level hierarchy
Info (12128): Elaborating entity "counter" for hierarchy "counter:Counter0"
Info (12128): Elaborating entity "inst_mem" for hierarchy "inst_mem:Memory"
Info (12128): Elaborating entity "altsyncram" for hierarchy "inst_mem:Memory|altsyncram:altsyncram_component"
Info (12130): Elaborated megafunction instantiation "inst_mem:Memory|altsyncram:altsyncram_component"
Info (12133): Instantiated megafunction "inst_mem:Memory|altsyncram:altsyncram_component" with the following parameter:
    Info (12134): Parameter "clock_enable_input_a" = "BYPASS"
    Info (12134): Parameter "clock_enable_output_a" = "BYPASS"
    Info (12134): Parameter "init_file" = "../part2/inis_mem.hex"
    Info (12134): Parameter "intended_device_family" = "Cyclone II"
    Info (12134): Parameter "lpm_hint" = "ENABLE_RUNTIME_MOD=NO"
    Info (12134): Parameter "lpm_type" = "altsyncram"
    Info (12134): Parameter "numwords_a" = "32"
    Info (12134): Parameter "operation_mode" = "ROM"
    Info (12134): Parameter "outdata_aclr_a" = "NONE"
    Info (12134): Parameter "outdata_reg_a" = "UNREGISTERED"
    Info (12134): Parameter "widthad_a" = "5"
    Info (12134): Parameter "width_a" = "9"
    Info (12134): Parameter "width_byteena_a" = "1"
Info (12021): Found 1 design units, including 1 entities, in source file db/altsyncram_ek81.tdf
    Info (12023): Found entity 1: altsyncram_ek81
Info (12128): Elaborating entity "altsyncram_ek81" for hierarchy "inst_mem:Memory|altsyncram:altsyncram_component|altsyncram_ek81:auto_generated"
Info (12128): Elaborating entity "part1" for hierarchy "part1:Processor"
Info (12128): Elaborating entity "dec3to8" for hierarchy "part1:Processor|dec3to8:decX"
Info (12128): Elaborating entity "regn" for hierarchy "part1:Processor|regn:reg_0"
Info (12128): Elaborating entity "addsubUnit" for hierarchy "part1:Processor|addsubUnit:AdderSubstracterUnit"
Info (16010): Generating hard_block partition "hard_block:auto_generated_inst"
    Info (16011): Adding 0 node(s), including 0 DDIO, 0 PLL, 0 transceiver and 0 LCELL
Info (21057): Implemented 230 device resources after synthesis - the final resource count might be different
    Info (21058): Implemented 4 input pins
    Info (21059): Implemented 10 output pins
    Info (21061): Implemented 207 logic cells
    Info (21064): Implemented 9 RAM segments
Info: Quartus II 64-Bit Analysis & Synthesis was successful. 0 errors, 0 warnings
    Info: Peak virtual memory: 4660 megabytes
    Info: Processing ended: Mon Nov 11 12:45:38 2019
    Info: Elapsed time: 00:00:01
    Info: Total CPU time (on all processors): 00:00:01


