TimeQuest Timing Analyzer report for part5
Thu Sep 26 21:26:34 2019
Quartus II 64-Bit Version 13.0.1 Build 232 06/12/2013 Service Pack 1 SJ Full Version


---------------------
; Table of Contents ;
---------------------
  1. Legal Notice
  2. TimeQuest Timing Analyzer Summary
  3. Parallel Compilation
  4. Clocks
  5. Slow Model Fmax Summary
  6. Slow Model Setup Summary
  7. Slow Model Hold Summary
  8. Slow Model Recovery Summary
  9. Slow Model Removal Summary
 10. Slow Model Minimum Pulse Width Summary
 11. Propagation Delay
 12. Minimum Propagation Delay
 13. Fast Model Setup Summary
 14. Fast Model Hold Summary
 15. Fast Model Recovery Summary
 16. Fast Model Removal Summary
 17. Fast Model Minimum Pulse Width Summary
 18. Propagation Delay
 19. Minimum Propagation Delay
 20. Multicorner Timing Analysis Summary
 21. Progagation Delay
 22. Minimum Progagation Delay
 23. Clock Transfers
 24. Report TCCS
 25. Report RSKM
 26. Unconstrained Paths
 27. TimeQuest Timing Analyzer Messages



----------------
; Legal Notice ;
----------------
Copyright (C) 1991-2013 Altera Corporation
Your use of Altera Corporation's design tools, logic functions 
and other software and tools, and its AMPP partner logic 
functions, and any output files from any of the foregoing 
(including device programming or simulation files), and any 
associated documentation or information are expressly subject 
to the terms and conditions of the Altera Program License 
Subscription Agreement, Altera MegaCore Function License 
Agreement, or other applicable license agreement, including, 
without limitation, that your use is for the sole purpose of 
programming logic devices manufactured by Altera and sold by 
Altera or its authorized distributors.  Please refer to the 
applicable agreement for further details.



+-----------------------------------------------------------------------------------------+
; TimeQuest Timing Analyzer Summary                                                       ;
+--------------------+--------------------------------------------------------------------+
; Quartus II Version ; Version 13.0.1 Build 232 06/12/2013 Service Pack 1 SJ Full Version ;
; Revision Name      ; part5                                                              ;
; Device Family      ; Cyclone II                                                         ;
; Device Name        ; EP2C20F484C7                                                       ;
; Timing Models      ; Final                                                              ;
; Delay Model        ; Combined                                                           ;
; Rise/Fall Delays   ; Unavailable                                                        ;
+--------------------+--------------------------------------------------------------------+


+------------------------------------------+
; Parallel Compilation                     ;
+----------------------------+-------------+
; Processors                 ; Number      ;
+----------------------------+-------------+
; Number detected on machine ; 8           ;
; Maximum allowed            ; 4           ;
;                            ;             ;
; Average used               ; 1.00        ;
; Maximum used               ; 1           ;
;                            ;             ;
; Usage by Processor         ; % Time Used ;
;     Processor 1            ; 100.0%      ;
;     Processors 2-8         ;   0.0%      ;
+----------------------------+-------------+


----------
; Clocks ;
----------
No clocks to report.


---------------------------
; Slow Model Fmax Summary ;
---------------------------
No paths to report.


----------------------------
; Slow Model Setup Summary ;
----------------------------
No paths to report.


---------------------------
; Slow Model Hold Summary ;
---------------------------
No paths to report.


-------------------------------
; Slow Model Recovery Summary ;
-------------------------------
No paths to report.


------------------------------
; Slow Model Removal Summary ;
------------------------------
No paths to report.


------------------------------------------
; Slow Model Minimum Pulse Width Summary ;
------------------------------------------
No paths to report.


+------------------------------------------------------------+
; Propagation Delay                                          ;
+------------+-------------+-------+--------+--------+-------+
; Input Port ; Output Port ; RR    ; RF     ; FR     ; FF    ;
+------------+-------------+-------+--------+--------+-------+
; SW[0]      ; HEX0[0]     ;       ; 8.163  ; 8.163  ;       ;
; SW[0]      ; HEX0[1]     ; 7.380 ;        ;        ; 7.380 ;
; SW[0]      ; HEX0[2]     ; 7.722 ;        ;        ; 7.722 ;
; SW[0]      ; HEX0[5]     ;       ; 8.571  ; 8.571  ;       ;
; SW[0]      ; Hex1[0]     ;       ; 9.492  ; 9.492  ;       ;
; SW[0]      ; Hex1[1]     ; 8.759 ;        ;        ; 8.759 ;
; SW[0]      ; Hex1[2]     ; 8.759 ;        ;        ; 8.759 ;
; SW[0]      ; Hex1[5]     ;       ; 9.508  ; 9.508  ;       ;
; SW[0]      ; Hex2[0]     ;       ; 9.914  ; 9.914  ;       ;
; SW[0]      ; Hex2[1]     ; 9.441 ;        ;        ; 9.441 ;
; SW[0]      ; Hex2[2]     ; 9.481 ;        ;        ; 9.481 ;
; SW[0]      ; Hex2[5]     ;       ; 10.270 ; 10.270 ;       ;
; SW[1]      ; HEX0[0]     ; 8.144 ;        ;        ; 8.144 ;
; SW[1]      ; HEX0[3]     ; 7.297 ;        ;        ; 7.297 ;
; SW[1]      ; HEX0[4]     ; 7.320 ;        ;        ; 7.320 ;
; SW[1]      ; HEX0[5]     ; 8.552 ;        ;        ; 8.552 ;
; SW[1]      ; HEX0[6]     ; 7.320 ;        ;        ; 7.320 ;
; SW[1]      ; Hex1[0]     ; 8.809 ;        ;        ; 8.809 ;
; SW[1]      ; Hex1[3]     ; 8.454 ;        ;        ; 8.454 ;
; SW[1]      ; Hex1[4]     ; 8.464 ;        ;        ; 8.464 ;
; SW[1]      ; Hex1[5]     ; 8.825 ;        ;        ; 8.825 ;
; SW[1]      ; Hex1[6]     ; 8.490 ;        ;        ; 8.490 ;
; SW[1]      ; Hex2[0]     ; 8.149 ;        ;        ; 8.149 ;
; SW[1]      ; Hex2[3]     ; 8.510 ;        ;        ; 8.510 ;
; SW[1]      ; Hex2[4]     ; 8.503 ;        ;        ; 8.503 ;
; SW[1]      ; Hex2[5]     ; 8.505 ;        ;        ; 8.505 ;
; SW[1]      ; Hex2[6]     ; 8.513 ;        ;        ; 8.513 ;
; SW[2]      ; HEX0[0]     ;       ; 8.625  ; 8.625  ;       ;
; SW[2]      ; HEX0[1]     ; 7.840 ;        ;        ; 7.840 ;
; SW[2]      ; HEX0[2]     ; 8.182 ;        ;        ; 8.182 ;
; SW[2]      ; HEX0[5]     ;       ; 9.033  ; 9.033  ;       ;
; SW[2]      ; Hex1[0]     ;       ; 8.295  ; 8.295  ;       ;
; SW[2]      ; Hex1[1]     ; 7.561 ;        ;        ; 7.561 ;
; SW[2]      ; Hex1[2]     ; 7.561 ;        ;        ; 7.561 ;
; SW[2]      ; Hex1[5]     ;       ; 8.311  ; 8.311  ;       ;
; SW[2]      ; Hex2[0]     ;       ; 9.195  ; 9.195  ;       ;
; SW[2]      ; Hex2[1]     ; 8.722 ;        ;        ; 8.722 ;
; SW[2]      ; Hex2[2]     ; 8.762 ;        ;        ; 8.762 ;
; SW[2]      ; Hex2[5]     ;       ; 9.551  ; 9.551  ;       ;
; SW[3]      ; HEX0[0]     ; 7.723 ;        ;        ; 7.723 ;
; SW[3]      ; HEX0[3]     ; 8.323 ;        ;        ; 8.323 ;
; SW[3]      ; HEX0[4]     ; 8.346 ;        ;        ; 8.346 ;
; SW[3]      ; HEX0[5]     ; 8.131 ;        ;        ; 8.131 ;
; SW[3]      ; HEX0[6]     ; 8.346 ;        ;        ; 8.346 ;
; SW[3]      ; Hex1[0]     ; 8.425 ;        ;        ; 8.425 ;
; SW[3]      ; Hex1[3]     ; 7.239 ;        ;        ; 7.239 ;
; SW[3]      ; Hex1[4]     ; 7.249 ;        ;        ; 7.249 ;
; SW[3]      ; Hex1[5]     ; 8.441 ;        ;        ; 8.441 ;
; SW[3]      ; Hex1[6]     ; 7.275 ;        ;        ; 7.275 ;
; SW[3]      ; Hex2[0]     ; 8.320 ;        ;        ; 8.320 ;
; SW[3]      ; Hex2[3]     ; 8.681 ;        ;        ; 8.681 ;
; SW[3]      ; Hex2[4]     ; 8.674 ;        ;        ; 8.674 ;
; SW[3]      ; Hex2[5]     ; 8.676 ;        ;        ; 8.676 ;
; SW[3]      ; Hex2[6]     ; 8.684 ;        ;        ; 8.684 ;
; SW[4]      ; HEX0[0]     ;       ; 8.966  ; 8.966  ;       ;
; SW[4]      ; HEX0[1]     ; 8.181 ;        ;        ; 8.181 ;
; SW[4]      ; HEX0[2]     ; 8.523 ;        ;        ; 8.523 ;
; SW[4]      ; HEX0[5]     ;       ; 9.374  ; 9.374  ;       ;
; SW[4]      ; Hex1[0]     ;       ; 9.473  ; 9.473  ;       ;
; SW[4]      ; Hex1[1]     ; 8.740 ;        ;        ; 8.740 ;
; SW[4]      ; Hex1[2]     ; 8.740 ;        ;        ; 8.740 ;
; SW[4]      ; Hex1[5]     ;       ; 9.489  ; 9.489  ;       ;
; SW[4]      ; Hex2[0]     ;       ; 8.727  ; 8.727  ;       ;
; SW[4]      ; Hex2[1]     ; 7.859 ;        ;        ; 7.859 ;
; SW[4]      ; Hex2[2]     ; 7.899 ;        ;        ; 7.899 ;
; SW[4]      ; Hex2[5]     ;       ; 9.083  ; 9.083  ;       ;
; SW[5]      ; HEX0[0]     ; 7.401 ;        ;        ; 7.401 ;
; SW[5]      ; HEX0[3]     ; 8.001 ;        ;        ; 8.001 ;
; SW[5]      ; HEX0[4]     ; 8.024 ;        ;        ; 8.024 ;
; SW[5]      ; HEX0[5]     ; 7.809 ;        ;        ; 7.809 ;
; SW[5]      ; HEX0[6]     ; 8.024 ;        ;        ; 8.024 ;
; SW[5]      ; Hex1[0]     ; 8.260 ;        ;        ; 8.260 ;
; SW[5]      ; Hex1[3]     ; 7.905 ;        ;        ; 7.905 ;
; SW[5]      ; Hex1[4]     ; 7.915 ;        ;        ; 7.915 ;
; SW[5]      ; Hex1[5]     ; 8.276 ;        ;        ; 8.276 ;
; SW[5]      ; Hex1[6]     ; 7.941 ;        ;        ; 7.941 ;
; SW[5]      ; Hex2[0]     ; 8.182 ;        ;        ; 8.182 ;
; SW[5]      ; Hex2[3]     ; 7.523 ;        ;        ; 7.523 ;
; SW[5]      ; Hex2[4]     ; 7.516 ;        ;        ; 7.516 ;
; SW[5]      ; Hex2[5]     ; 8.538 ;        ;        ; 8.538 ;
; SW[5]      ; Hex2[6]     ; 7.526 ;        ;        ; 7.526 ;
; SW[8]      ; HEX0[0]     ; 7.637 ; 7.637  ; 7.637  ; 7.637 ;
; SW[8]      ; HEX0[1]     ; 6.852 ; 6.852  ; 6.852  ; 6.852 ;
; SW[8]      ; HEX0[2]     ; 7.194 ; 7.194  ; 7.194  ; 7.194 ;
; SW[8]      ; HEX0[3]     ; 7.238 ; 7.238  ; 7.238  ; 7.238 ;
; SW[8]      ; HEX0[4]     ; 7.261 ; 7.261  ; 7.261  ; 7.261 ;
; SW[8]      ; HEX0[5]     ; 8.045 ; 8.045  ; 8.045  ; 8.045 ;
; SW[8]      ; HEX0[6]     ; 7.261 ; 7.261  ; 7.261  ; 7.261 ;
; SW[8]      ; Hex1[0]     ; 8.170 ; 8.170  ; 8.170  ; 8.170 ;
; SW[8]      ; Hex1[1]     ; 7.437 ; 7.437  ; 7.437  ; 7.437 ;
; SW[8]      ; Hex1[2]     ; 7.437 ; 7.437  ; 7.437  ; 7.437 ;
; SW[8]      ; Hex1[3]     ; 7.106 ; 7.106  ; 7.106  ; 7.106 ;
; SW[8]      ; Hex1[4]     ; 7.116 ; 7.116  ; 7.116  ; 7.116 ;
; SW[8]      ; Hex1[5]     ; 8.186 ; 8.186  ; 8.186  ; 8.186 ;
; SW[8]      ; Hex1[6]     ; 7.142 ; 7.142  ; 7.142  ; 7.142 ;
; SW[8]      ; Hex2[0]     ; 8.509 ; 8.509  ; 8.509  ; 8.509 ;
; SW[8]      ; Hex2[1]     ; 8.036 ; 8.036  ; 8.036  ; 8.036 ;
; SW[8]      ; Hex2[2]     ; 8.076 ; 8.076  ; 8.076  ; 8.076 ;
; SW[8]      ; Hex2[3]     ; 7.562 ; 7.562  ; 7.562  ; 7.562 ;
; SW[8]      ; Hex2[4]     ; 7.555 ; 7.555  ; 7.555  ; 7.555 ;
; SW[8]      ; Hex2[5]     ; 8.865 ; 8.865  ; 8.865  ; 8.865 ;
; SW[8]      ; Hex2[6]     ; 7.565 ; 7.565  ; 7.565  ; 7.565 ;
; SW[9]      ; HEX0[0]     ; 7.590 ; 6.750  ; 6.750  ; 7.590 ;
; SW[9]      ; HEX0[1]     ; 5.969 ; 6.805  ; 6.805  ; 5.969 ;
; SW[9]      ; HEX0[2]     ; 6.311 ; 7.147  ; 7.147  ; 6.311 ;
; SW[9]      ; HEX0[3]     ; 6.293 ; 7.147  ; 7.147  ; 6.293 ;
; SW[9]      ; HEX0[4]     ; 6.316 ; 7.170  ; 7.170  ; 6.316 ;
; SW[9]      ; HEX0[5]     ; 7.998 ; 7.158  ; 7.158  ; 7.998 ;
; SW[9]      ; HEX0[6]     ; 6.316 ; 7.170  ; 7.170  ; 6.316 ;
; SW[9]      ; Hex1[0]     ; 8.079 ; 7.406  ; 7.406  ; 8.079 ;
; SW[9]      ; Hex1[1]     ; 6.525 ; 7.346  ; 7.346  ; 6.525 ;
; SW[9]      ; Hex1[2]     ; 6.525 ; 7.346  ; 7.346  ; 6.525 ;
; SW[9]      ; Hex1[3]     ; 6.549 ; 7.051  ; 7.051  ; 6.549 ;
; SW[9]      ; Hex1[4]     ; 6.559 ; 7.061  ; 7.061  ; 6.559 ;
; SW[9]      ; Hex1[5]     ; 8.095 ; 7.422  ; 7.422  ; 8.095 ;
; SW[9]      ; Hex1[6]     ; 6.585 ; 7.087  ; 7.087  ; 6.585 ;
; SW[9]      ; Hex2[0]     ; 8.155 ; 7.330  ; 7.330  ; 8.155 ;
; SW[9]      ; Hex2[1]     ; 6.863 ; 7.682  ; 7.682  ; 6.863 ;
; SW[9]      ; Hex2[2]     ; 6.903 ; 7.722  ; 7.722  ; 6.903 ;
; SW[9]      ; Hex2[3]     ; 6.676 ; 7.515  ; 7.515  ; 6.676 ;
; SW[9]      ; Hex2[4]     ; 6.669 ; 7.508  ; 7.508  ; 6.669 ;
; SW[9]      ; Hex2[5]     ; 8.511 ; 7.686  ; 7.686  ; 8.511 ;
; SW[9]      ; Hex2[6]     ; 6.679 ; 7.518  ; 7.518  ; 6.679 ;
+------------+-------------+-------+--------+--------+-------+


+------------------------------------------------------------+
; Minimum Propagation Delay                                  ;
+------------+-------------+-------+--------+--------+-------+
; Input Port ; Output Port ; RR    ; RF     ; FR     ; FF    ;
+------------+-------------+-------+--------+--------+-------+
; SW[0]      ; HEX0[0]     ;       ; 8.163  ; 8.163  ;       ;
; SW[0]      ; HEX0[1]     ; 7.380 ;        ;        ; 7.380 ;
; SW[0]      ; HEX0[2]     ; 7.722 ;        ;        ; 7.722 ;
; SW[0]      ; HEX0[5]     ;       ; 8.571  ; 8.571  ;       ;
; SW[0]      ; Hex1[0]     ;       ; 9.492  ; 9.492  ;       ;
; SW[0]      ; Hex1[1]     ; 8.759 ;        ;        ; 8.759 ;
; SW[0]      ; Hex1[2]     ; 8.759 ;        ;        ; 8.759 ;
; SW[0]      ; Hex1[5]     ;       ; 9.508  ; 9.508  ;       ;
; SW[0]      ; Hex2[0]     ;       ; 9.914  ; 9.914  ;       ;
; SW[0]      ; Hex2[1]     ; 9.441 ;        ;        ; 9.441 ;
; SW[0]      ; Hex2[2]     ; 9.481 ;        ;        ; 9.481 ;
; SW[0]      ; Hex2[5]     ;       ; 10.270 ; 10.270 ;       ;
; SW[1]      ; HEX0[0]     ; 8.144 ;        ;        ; 8.144 ;
; SW[1]      ; HEX0[3]     ; 7.297 ;        ;        ; 7.297 ;
; SW[1]      ; HEX0[4]     ; 7.320 ;        ;        ; 7.320 ;
; SW[1]      ; HEX0[5]     ; 8.552 ;        ;        ; 8.552 ;
; SW[1]      ; HEX0[6]     ; 7.320 ;        ;        ; 7.320 ;
; SW[1]      ; Hex1[0]     ; 8.809 ;        ;        ; 8.809 ;
; SW[1]      ; Hex1[3]     ; 8.454 ;        ;        ; 8.454 ;
; SW[1]      ; Hex1[4]     ; 8.464 ;        ;        ; 8.464 ;
; SW[1]      ; Hex1[5]     ; 8.825 ;        ;        ; 8.825 ;
; SW[1]      ; Hex1[6]     ; 8.490 ;        ;        ; 8.490 ;
; SW[1]      ; Hex2[0]     ; 8.149 ;        ;        ; 8.149 ;
; SW[1]      ; Hex2[3]     ; 8.510 ;        ;        ; 8.510 ;
; SW[1]      ; Hex2[4]     ; 8.503 ;        ;        ; 8.503 ;
; SW[1]      ; Hex2[5]     ; 8.505 ;        ;        ; 8.505 ;
; SW[1]      ; Hex2[6]     ; 8.513 ;        ;        ; 8.513 ;
; SW[2]      ; HEX0[0]     ;       ; 8.625  ; 8.625  ;       ;
; SW[2]      ; HEX0[1]     ; 7.840 ;        ;        ; 7.840 ;
; SW[2]      ; HEX0[2]     ; 8.182 ;        ;        ; 8.182 ;
; SW[2]      ; HEX0[5]     ;       ; 9.033  ; 9.033  ;       ;
; SW[2]      ; Hex1[0]     ;       ; 8.295  ; 8.295  ;       ;
; SW[2]      ; Hex1[1]     ; 7.561 ;        ;        ; 7.561 ;
; SW[2]      ; Hex1[2]     ; 7.561 ;        ;        ; 7.561 ;
; SW[2]      ; Hex1[5]     ;       ; 8.311  ; 8.311  ;       ;
; SW[2]      ; Hex2[0]     ;       ; 9.195  ; 9.195  ;       ;
; SW[2]      ; Hex2[1]     ; 8.722 ;        ;        ; 8.722 ;
; SW[2]      ; Hex2[2]     ; 8.762 ;        ;        ; 8.762 ;
; SW[2]      ; Hex2[5]     ;       ; 9.551  ; 9.551  ;       ;
; SW[3]      ; HEX0[0]     ; 7.723 ;        ;        ; 7.723 ;
; SW[3]      ; HEX0[3]     ; 8.323 ;        ;        ; 8.323 ;
; SW[3]      ; HEX0[4]     ; 8.346 ;        ;        ; 8.346 ;
; SW[3]      ; HEX0[5]     ; 8.131 ;        ;        ; 8.131 ;
; SW[3]      ; HEX0[6]     ; 8.346 ;        ;        ; 8.346 ;
; SW[3]      ; Hex1[0]     ; 8.425 ;        ;        ; 8.425 ;
; SW[3]      ; Hex1[3]     ; 7.239 ;        ;        ; 7.239 ;
; SW[3]      ; Hex1[4]     ; 7.249 ;        ;        ; 7.249 ;
; SW[3]      ; Hex1[5]     ; 8.441 ;        ;        ; 8.441 ;
; SW[3]      ; Hex1[6]     ; 7.275 ;        ;        ; 7.275 ;
; SW[3]      ; Hex2[0]     ; 8.320 ;        ;        ; 8.320 ;
; SW[3]      ; Hex2[3]     ; 8.681 ;        ;        ; 8.681 ;
; SW[3]      ; Hex2[4]     ; 8.674 ;        ;        ; 8.674 ;
; SW[3]      ; Hex2[5]     ; 8.676 ;        ;        ; 8.676 ;
; SW[3]      ; Hex2[6]     ; 8.684 ;        ;        ; 8.684 ;
; SW[4]      ; HEX0[0]     ;       ; 8.966  ; 8.966  ;       ;
; SW[4]      ; HEX0[1]     ; 8.181 ;        ;        ; 8.181 ;
; SW[4]      ; HEX0[2]     ; 8.523 ;        ;        ; 8.523 ;
; SW[4]      ; HEX0[5]     ;       ; 9.374  ; 9.374  ;       ;
; SW[4]      ; Hex1[0]     ;       ; 9.473  ; 9.473  ;       ;
; SW[4]      ; Hex1[1]     ; 8.740 ;        ;        ; 8.740 ;
; SW[4]      ; Hex1[2]     ; 8.740 ;        ;        ; 8.740 ;
; SW[4]      ; Hex1[5]     ;       ; 9.489  ; 9.489  ;       ;
; SW[4]      ; Hex2[0]     ;       ; 8.727  ; 8.727  ;       ;
; SW[4]      ; Hex2[1]     ; 7.859 ;        ;        ; 7.859 ;
; SW[4]      ; Hex2[2]     ; 7.899 ;        ;        ; 7.899 ;
; SW[4]      ; Hex2[5]     ;       ; 9.083  ; 9.083  ;       ;
; SW[5]      ; HEX0[0]     ; 7.401 ;        ;        ; 7.401 ;
; SW[5]      ; HEX0[3]     ; 8.001 ;        ;        ; 8.001 ;
; SW[5]      ; HEX0[4]     ; 8.024 ;        ;        ; 8.024 ;
; SW[5]      ; HEX0[5]     ; 7.809 ;        ;        ; 7.809 ;
; SW[5]      ; HEX0[6]     ; 8.024 ;        ;        ; 8.024 ;
; SW[5]      ; Hex1[0]     ; 8.260 ;        ;        ; 8.260 ;
; SW[5]      ; Hex1[3]     ; 7.905 ;        ;        ; 7.905 ;
; SW[5]      ; Hex1[4]     ; 7.915 ;        ;        ; 7.915 ;
; SW[5]      ; Hex1[5]     ; 8.276 ;        ;        ; 8.276 ;
; SW[5]      ; Hex1[6]     ; 7.941 ;        ;        ; 7.941 ;
; SW[5]      ; Hex2[0]     ; 8.182 ;        ;        ; 8.182 ;
; SW[5]      ; Hex2[3]     ; 7.523 ;        ;        ; 7.523 ;
; SW[5]      ; Hex2[4]     ; 7.516 ;        ;        ; 7.516 ;
; SW[5]      ; Hex2[5]     ; 8.538 ;        ;        ; 8.538 ;
; SW[5]      ; Hex2[6]     ; 7.526 ;        ;        ; 7.526 ;
; SW[8]      ; HEX0[0]     ; 6.638 ; 6.638  ; 6.638  ; 6.638 ;
; SW[8]      ; HEX0[1]     ; 6.852 ; 6.852  ; 6.852  ; 6.852 ;
; SW[8]      ; HEX0[2]     ; 7.194 ; 7.194  ; 7.194  ; 7.194 ;
; SW[8]      ; HEX0[3]     ; 7.238 ; 7.238  ; 7.238  ; 7.238 ;
; SW[8]      ; HEX0[4]     ; 7.261 ; 7.261  ; 7.261  ; 7.261 ;
; SW[8]      ; HEX0[5]     ; 7.046 ; 7.046  ; 7.046  ; 7.046 ;
; SW[8]      ; HEX0[6]     ; 7.261 ; 7.261  ; 7.261  ; 7.261 ;
; SW[8]      ; Hex1[0]     ; 7.461 ; 7.461  ; 7.461  ; 7.461 ;
; SW[8]      ; Hex1[1]     ; 7.437 ; 7.437  ; 7.437  ; 7.437 ;
; SW[8]      ; Hex1[2]     ; 7.437 ; 7.437  ; 7.437  ; 7.437 ;
; SW[8]      ; Hex1[3]     ; 7.106 ; 7.106  ; 7.106  ; 7.106 ;
; SW[8]      ; Hex1[4]     ; 7.116 ; 7.116  ; 7.116  ; 7.116 ;
; SW[8]      ; Hex1[5]     ; 7.477 ; 7.477  ; 7.477  ; 7.477 ;
; SW[8]      ; Hex1[6]     ; 7.142 ; 7.142  ; 7.142  ; 7.142 ;
; SW[8]      ; Hex2[0]     ; 7.201 ; 7.201  ; 7.201  ; 7.201 ;
; SW[8]      ; Hex2[1]     ; 8.036 ; 8.036  ; 8.036  ; 8.036 ;
; SW[8]      ; Hex2[2]     ; 8.076 ; 8.076  ; 8.076  ; 8.076 ;
; SW[8]      ; Hex2[3]     ; 7.562 ; 7.562  ; 7.562  ; 7.562 ;
; SW[8]      ; Hex2[4]     ; 7.555 ; 7.555  ; 7.555  ; 7.555 ;
; SW[8]      ; Hex2[5]     ; 7.557 ; 7.557  ; 7.557  ; 7.557 ;
; SW[8]      ; Hex2[6]     ; 7.565 ; 7.565  ; 7.565  ; 7.565 ;
; SW[9]      ; HEX0[0]     ; 6.750 ; 6.547  ; 6.547  ; 6.750 ;
; SW[9]      ; HEX0[1]     ; 5.969 ; 6.805  ; 6.805  ; 5.969 ;
; SW[9]      ; HEX0[2]     ; 6.311 ; 7.147  ; 7.147  ; 6.311 ;
; SW[9]      ; HEX0[3]     ; 6.293 ; 7.147  ; 7.147  ; 6.293 ;
; SW[9]      ; HEX0[4]     ; 6.316 ; 7.170  ; 7.170  ; 6.316 ;
; SW[9]      ; HEX0[5]     ; 7.158 ; 6.955  ; 6.955  ; 7.158 ;
; SW[9]      ; HEX0[6]     ; 6.316 ; 7.170  ; 7.170  ; 6.316 ;
; SW[9]      ; Hex1[0]     ; 7.249 ; 7.249  ; 7.249  ; 7.249 ;
; SW[9]      ; Hex1[1]     ; 6.525 ; 7.346  ; 7.346  ; 6.525 ;
; SW[9]      ; Hex1[2]     ; 6.525 ; 7.346  ; 7.346  ; 6.525 ;
; SW[9]      ; Hex1[3]     ; 6.549 ; 7.051  ; 7.051  ; 6.549 ;
; SW[9]      ; Hex1[4]     ; 6.559 ; 7.061  ; 7.061  ; 6.559 ;
; SW[9]      ; Hex1[5]     ; 7.265 ; 7.265  ; 7.265  ; 7.265 ;
; SW[9]      ; Hex1[6]     ; 6.585 ; 7.087  ; 7.087  ; 6.585 ;
; SW[9]      ; Hex2[0]     ; 7.330 ; 7.154  ; 7.154  ; 7.330 ;
; SW[9]      ; Hex2[1]     ; 6.863 ; 7.682  ; 7.682  ; 6.863 ;
; SW[9]      ; Hex2[2]     ; 6.903 ; 7.722  ; 7.722  ; 6.903 ;
; SW[9]      ; Hex2[3]     ; 6.676 ; 7.515  ; 7.515  ; 6.676 ;
; SW[9]      ; Hex2[4]     ; 6.669 ; 7.508  ; 7.508  ; 6.669 ;
; SW[9]      ; Hex2[5]     ; 7.686 ; 7.510  ; 7.510  ; 7.686 ;
; SW[9]      ; Hex2[6]     ; 6.679 ; 7.518  ; 7.518  ; 6.679 ;
+------------+-------------+-------+--------+--------+-------+


----------------------------
; Fast Model Setup Summary ;
----------------------------
No paths to report.


---------------------------
; Fast Model Hold Summary ;
---------------------------
No paths to report.


-------------------------------
; Fast Model Recovery Summary ;
-------------------------------
No paths to report.


------------------------------
; Fast Model Removal Summary ;
------------------------------
No paths to report.


------------------------------------------
; Fast Model Minimum Pulse Width Summary ;
------------------------------------------
No paths to report.


+----------------------------------------------------------+
; Propagation Delay                                        ;
+------------+-------------+-------+-------+-------+-------+
; Input Port ; Output Port ; RR    ; RF    ; FR    ; FF    ;
+------------+-------------+-------+-------+-------+-------+
; SW[0]      ; HEX0[0]     ;       ; 3.714 ; 3.714 ;       ;
; SW[0]      ; HEX0[1]     ; 3.460 ;       ;       ; 3.460 ;
; SW[0]      ; HEX0[2]     ; 3.589 ;       ;       ; 3.589 ;
; SW[0]      ; HEX0[5]     ;       ; 3.904 ; 3.904 ;       ;
; SW[0]      ; Hex1[0]     ;       ; 4.219 ; 4.219 ;       ;
; SW[0]      ; Hex1[1]     ; 3.941 ;       ;       ; 3.941 ;
; SW[0]      ; Hex1[2]     ; 3.941 ;       ;       ; 3.941 ;
; SW[0]      ; Hex1[5]     ;       ; 4.233 ; 4.233 ;       ;
; SW[0]      ; Hex2[0]     ;       ; 4.354 ; 4.354 ;       ;
; SW[0]      ; Hex2[1]     ; 4.184 ;       ;       ; 4.184 ;
; SW[0]      ; Hex2[2]     ; 4.224 ;       ;       ; 4.224 ;
; SW[0]      ; Hex2[5]     ;       ; 4.499 ; 4.499 ;       ;
; SW[1]      ; HEX0[0]     ; 3.637 ;       ;       ; 3.637 ;
; SW[1]      ; HEX0[3]     ; 3.371 ;       ;       ; 3.371 ;
; SW[1]      ; HEX0[4]     ; 3.393 ;       ;       ; 3.393 ;
; SW[1]      ; HEX0[5]     ; 3.827 ;       ;       ; 3.827 ;
; SW[1]      ; HEX0[6]     ; 3.393 ;       ;       ; 3.393 ;
; SW[1]      ; Hex1[0]     ; 3.914 ;       ;       ; 3.914 ;
; SW[1]      ; Hex1[3]     ; 3.790 ;       ;       ; 3.790 ;
; SW[1]      ; Hex1[4]     ; 3.800 ;       ;       ; 3.800 ;
; SW[1]      ; Hex1[5]     ; 3.928 ;       ;       ; 3.928 ;
; SW[1]      ; Hex1[6]     ; 3.825 ;       ;       ; 3.825 ;
; SW[1]      ; Hex2[0]     ; 3.664 ;       ;       ; 3.664 ;
; SW[1]      ; Hex2[3]     ; 3.826 ;       ;       ; 3.826 ;
; SW[1]      ; Hex2[4]     ; 3.819 ;       ;       ; 3.819 ;
; SW[1]      ; Hex2[5]     ; 3.809 ;       ;       ; 3.809 ;
; SW[1]      ; Hex2[6]     ; 3.828 ;       ;       ; 3.828 ;
; SW[2]      ; HEX0[0]     ;       ; 3.827 ; 3.827 ;       ;
; SW[2]      ; HEX0[1]     ; 3.571 ;       ;       ; 3.571 ;
; SW[2]      ; HEX0[2]     ; 3.700 ;       ;       ; 3.700 ;
; SW[2]      ; HEX0[5]     ;       ; 4.017 ; 4.017 ;       ;
; SW[2]      ; Hex1[0]     ;       ; 3.752 ; 3.752 ;       ;
; SW[2]      ; Hex1[1]     ; 3.475 ;       ;       ; 3.475 ;
; SW[2]      ; Hex1[2]     ; 3.475 ;       ;       ; 3.475 ;
; SW[2]      ; Hex1[5]     ;       ; 3.766 ; 3.766 ;       ;
; SW[2]      ; Hex2[0]     ;       ; 4.056 ; 4.056 ;       ;
; SW[2]      ; Hex2[1]     ; 3.886 ;       ;       ; 3.886 ;
; SW[2]      ; Hex2[2]     ; 3.926 ;       ;       ; 3.926 ;
; SW[2]      ; Hex2[5]     ;       ; 4.201 ; 4.201 ;       ;
; SW[3]      ; HEX0[0]     ; 3.559 ;       ;       ; 3.559 ;
; SW[3]      ; HEX0[3]     ; 3.793 ;       ;       ; 3.793 ;
; SW[3]      ; HEX0[4]     ; 3.815 ;       ;       ; 3.815 ;
; SW[3]      ; HEX0[5]     ; 3.749 ;       ;       ; 3.749 ;
; SW[3]      ; HEX0[6]     ; 3.815 ;       ;       ; 3.815 ;
; SW[3]      ; Hex1[0]     ; 3.852 ;       ;       ; 3.852 ;
; SW[3]      ; Hex1[3]     ; 3.432 ;       ;       ; 3.432 ;
; SW[3]      ; Hex1[4]     ; 3.442 ;       ;       ; 3.442 ;
; SW[3]      ; Hex1[5]     ; 3.866 ;       ;       ; 3.866 ;
; SW[3]      ; Hex1[6]     ; 3.467 ;       ;       ; 3.467 ;
; SW[3]      ; Hex2[0]     ; 3.800 ;       ;       ; 3.800 ;
; SW[3]      ; Hex2[3]     ; 3.962 ;       ;       ; 3.962 ;
; SW[3]      ; Hex2[4]     ; 3.955 ;       ;       ; 3.955 ;
; SW[3]      ; Hex2[5]     ; 3.945 ;       ;       ; 3.945 ;
; SW[3]      ; Hex2[6]     ; 3.964 ;       ;       ; 3.964 ;
; SW[4]      ; HEX0[0]     ;       ; 3.972 ; 3.972 ;       ;
; SW[4]      ; HEX0[1]     ; 3.716 ;       ;       ; 3.716 ;
; SW[4]      ; HEX0[2]     ; 3.845 ;       ;       ; 3.845 ;
; SW[4]      ; HEX0[5]     ;       ; 4.162 ; 4.162 ;       ;
; SW[4]      ; Hex1[0]     ;       ; 4.196 ; 4.196 ;       ;
; SW[4]      ; Hex1[1]     ; 3.918 ;       ;       ; 3.918 ;
; SW[4]      ; Hex1[2]     ; 3.918 ;       ;       ; 3.918 ;
; SW[4]      ; Hex1[5]     ;       ; 4.210 ; 4.210 ;       ;
; SW[4]      ; Hex2[0]     ;       ; 3.921 ; 3.921 ;       ;
; SW[4]      ; Hex2[1]     ; 3.620 ;       ;       ; 3.620 ;
; SW[4]      ; Hex2[2]     ; 3.660 ;       ;       ; 3.660 ;
; SW[4]      ; Hex2[5]     ;       ; 4.066 ; 4.066 ;       ;
; SW[5]      ; HEX0[0]     ; 3.396 ;       ;       ; 3.396 ;
; SW[5]      ; HEX0[3]     ; 3.630 ;       ;       ; 3.630 ;
; SW[5]      ; HEX0[4]     ; 3.652 ;       ;       ; 3.652 ;
; SW[5]      ; HEX0[5]     ; 3.586 ;       ;       ; 3.586 ;
; SW[5]      ; HEX0[6]     ; 3.652 ;       ;       ; 3.652 ;
; SW[5]      ; Hex1[0]     ; 3.743 ;       ;       ; 3.743 ;
; SW[5]      ; Hex1[3]     ; 3.619 ;       ;       ; 3.619 ;
; SW[5]      ; Hex1[4]     ; 3.629 ;       ;       ; 3.629 ;
; SW[5]      ; Hex1[5]     ; 3.757 ;       ;       ; 3.757 ;
; SW[5]      ; Hex1[6]     ; 3.654 ;       ;       ; 3.654 ;
; SW[5]      ; Hex2[0]     ; 3.703 ;       ;       ; 3.703 ;
; SW[5]      ; Hex2[3]     ; 3.509 ;       ;       ; 3.509 ;
; SW[5]      ; Hex2[4]     ; 3.502 ;       ;       ; 3.502 ;
; SW[5]      ; Hex2[5]     ; 3.848 ;       ;       ; 3.848 ;
; SW[5]      ; Hex2[6]     ; 3.511 ;       ;       ; 3.511 ;
; SW[8]      ; HEX0[0]     ; 3.416 ; 3.416 ; 3.416 ; 3.416 ;
; SW[8]      ; HEX0[1]     ; 3.160 ; 3.160 ; 3.160 ; 3.160 ;
; SW[8]      ; HEX0[2]     ; 3.289 ; 3.289 ; 3.289 ; 3.289 ;
; SW[8]      ; HEX0[3]     ; 3.276 ; 3.276 ; 3.276 ; 3.276 ;
; SW[8]      ; HEX0[4]     ; 3.298 ; 3.298 ; 3.298 ; 3.298 ;
; SW[8]      ; HEX0[5]     ; 3.606 ; 3.606 ; 3.606 ; 3.606 ;
; SW[8]      ; HEX0[6]     ; 3.298 ; 3.298 ; 3.298 ; 3.298 ;
; SW[8]      ; Hex1[0]     ; 3.625 ; 3.625 ; 3.625 ; 3.625 ;
; SW[8]      ; Hex1[1]     ; 3.347 ; 3.347 ; 3.347 ; 3.347 ;
; SW[8]      ; Hex1[2]     ; 3.347 ; 3.347 ; 3.347 ; 3.347 ;
; SW[8]      ; Hex1[3]     ; 3.270 ; 3.270 ; 3.270 ; 3.270 ;
; SW[8]      ; Hex1[4]     ; 3.280 ; 3.280 ; 3.280 ; 3.280 ;
; SW[8]      ; Hex1[5]     ; 3.639 ; 3.639 ; 3.639 ; 3.639 ;
; SW[8]      ; Hex1[6]     ; 3.305 ; 3.305 ; 3.305 ; 3.305 ;
; SW[8]      ; Hex2[0]     ; 3.749 ; 3.749 ; 3.749 ; 3.749 ;
; SW[8]      ; Hex2[1]     ; 3.579 ; 3.579 ; 3.579 ; 3.579 ;
; SW[8]      ; Hex2[2]     ; 3.619 ; 3.619 ; 3.619 ; 3.619 ;
; SW[8]      ; Hex2[3]     ; 3.449 ; 3.449 ; 3.449 ; 3.449 ;
; SW[8]      ; Hex2[4]     ; 3.442 ; 3.442 ; 3.442 ; 3.442 ;
; SW[8]      ; Hex2[5]     ; 3.894 ; 3.894 ; 3.894 ; 3.894 ;
; SW[8]      ; Hex2[6]     ; 3.451 ; 3.451 ; 3.451 ; 3.451 ;
; SW[9]      ; HEX0[0]     ; 3.423 ; 3.121 ; 3.121 ; 3.423 ;
; SW[9]      ; HEX0[1]     ; 2.873 ; 3.167 ; 3.167 ; 2.873 ;
; SW[9]      ; HEX0[2]     ; 3.002 ; 3.296 ; 3.296 ; 3.002 ;
; SW[9]      ; HEX0[3]     ; 2.992 ; 3.275 ; 3.275 ; 2.992 ;
; SW[9]      ; HEX0[4]     ; 3.014 ; 3.297 ; 3.297 ; 3.014 ;
; SW[9]      ; HEX0[5]     ; 3.613 ; 3.311 ; 3.311 ; 3.613 ;
; SW[9]      ; HEX0[6]     ; 3.014 ; 3.297 ; 3.297 ; 3.014 ;
; SW[9]      ; Hex1[0]     ; 3.625 ; 3.388 ; 3.388 ; 3.625 ;
; SW[9]      ; Hex1[1]     ; 3.069 ; 3.347 ; 3.347 ; 3.069 ;
; SW[9]      ; Hex1[2]     ; 3.069 ; 3.347 ; 3.347 ; 3.069 ;
; SW[9]      ; Hex1[3]     ; 3.084 ; 3.264 ; 3.264 ; 3.084 ;
; SW[9]      ; Hex1[4]     ; 3.094 ; 3.274 ; 3.274 ; 3.094 ;
; SW[9]      ; Hex1[5]     ; 3.639 ; 3.402 ; 3.402 ; 3.639 ;
; SW[9]      ; Hex1[6]     ; 3.119 ; 3.299 ; 3.299 ; 3.119 ;
; SW[9]      ; Hex2[0]     ; 3.644 ; 3.350 ; 3.350 ; 3.644 ;
; SW[9]      ; Hex2[1]     ; 3.197 ; 3.474 ; 3.474 ; 3.197 ;
; SW[9]      ; Hex2[2]     ; 3.237 ; 3.514 ; 3.514 ; 3.237 ;
; SW[9]      ; Hex2[3]     ; 3.166 ; 3.456 ; 3.456 ; 3.166 ;
; SW[9]      ; Hex2[4]     ; 3.159 ; 3.449 ; 3.449 ; 3.159 ;
; SW[9]      ; Hex2[5]     ; 3.789 ; 3.495 ; 3.495 ; 3.789 ;
; SW[9]      ; Hex2[6]     ; 3.168 ; 3.458 ; 3.458 ; 3.168 ;
+------------+-------------+-------+-------+-------+-------+


+----------------------------------------------------------+
; Minimum Propagation Delay                                ;
+------------+-------------+-------+-------+-------+-------+
; Input Port ; Output Port ; RR    ; RF    ; FR    ; FF    ;
+------------+-------------+-------+-------+-------+-------+
; SW[0]      ; HEX0[0]     ;       ; 3.714 ; 3.714 ;       ;
; SW[0]      ; HEX0[1]     ; 3.460 ;       ;       ; 3.460 ;
; SW[0]      ; HEX0[2]     ; 3.589 ;       ;       ; 3.589 ;
; SW[0]      ; HEX0[5]     ;       ; 3.904 ; 3.904 ;       ;
; SW[0]      ; Hex1[0]     ;       ; 4.219 ; 4.219 ;       ;
; SW[0]      ; Hex1[1]     ; 3.941 ;       ;       ; 3.941 ;
; SW[0]      ; Hex1[2]     ; 3.941 ;       ;       ; 3.941 ;
; SW[0]      ; Hex1[5]     ;       ; 4.233 ; 4.233 ;       ;
; SW[0]      ; Hex2[0]     ;       ; 4.354 ; 4.354 ;       ;
; SW[0]      ; Hex2[1]     ; 4.184 ;       ;       ; 4.184 ;
; SW[0]      ; Hex2[2]     ; 4.224 ;       ;       ; 4.224 ;
; SW[0]      ; Hex2[5]     ;       ; 4.499 ; 4.499 ;       ;
; SW[1]      ; HEX0[0]     ; 3.637 ;       ;       ; 3.637 ;
; SW[1]      ; HEX0[3]     ; 3.371 ;       ;       ; 3.371 ;
; SW[1]      ; HEX0[4]     ; 3.393 ;       ;       ; 3.393 ;
; SW[1]      ; HEX0[5]     ; 3.827 ;       ;       ; 3.827 ;
; SW[1]      ; HEX0[6]     ; 3.393 ;       ;       ; 3.393 ;
; SW[1]      ; Hex1[0]     ; 3.914 ;       ;       ; 3.914 ;
; SW[1]      ; Hex1[3]     ; 3.790 ;       ;       ; 3.790 ;
; SW[1]      ; Hex1[4]     ; 3.800 ;       ;       ; 3.800 ;
; SW[1]      ; Hex1[5]     ; 3.928 ;       ;       ; 3.928 ;
; SW[1]      ; Hex1[6]     ; 3.825 ;       ;       ; 3.825 ;
; SW[1]      ; Hex2[0]     ; 3.664 ;       ;       ; 3.664 ;
; SW[1]      ; Hex2[3]     ; 3.826 ;       ;       ; 3.826 ;
; SW[1]      ; Hex2[4]     ; 3.819 ;       ;       ; 3.819 ;
; SW[1]      ; Hex2[5]     ; 3.809 ;       ;       ; 3.809 ;
; SW[1]      ; Hex2[6]     ; 3.828 ;       ;       ; 3.828 ;
; SW[2]      ; HEX0[0]     ;       ; 3.827 ; 3.827 ;       ;
; SW[2]      ; HEX0[1]     ; 3.571 ;       ;       ; 3.571 ;
; SW[2]      ; HEX0[2]     ; 3.700 ;       ;       ; 3.700 ;
; SW[2]      ; HEX0[5]     ;       ; 4.017 ; 4.017 ;       ;
; SW[2]      ; Hex1[0]     ;       ; 3.752 ; 3.752 ;       ;
; SW[2]      ; Hex1[1]     ; 3.475 ;       ;       ; 3.475 ;
; SW[2]      ; Hex1[2]     ; 3.475 ;       ;       ; 3.475 ;
; SW[2]      ; Hex1[5]     ;       ; 3.766 ; 3.766 ;       ;
; SW[2]      ; Hex2[0]     ;       ; 4.056 ; 4.056 ;       ;
; SW[2]      ; Hex2[1]     ; 3.886 ;       ;       ; 3.886 ;
; SW[2]      ; Hex2[2]     ; 3.926 ;       ;       ; 3.926 ;
; SW[2]      ; Hex2[5]     ;       ; 4.201 ; 4.201 ;       ;
; SW[3]      ; HEX0[0]     ; 3.559 ;       ;       ; 3.559 ;
; SW[3]      ; HEX0[3]     ; 3.793 ;       ;       ; 3.793 ;
; SW[3]      ; HEX0[4]     ; 3.815 ;       ;       ; 3.815 ;
; SW[3]      ; HEX0[5]     ; 3.749 ;       ;       ; 3.749 ;
; SW[3]      ; HEX0[6]     ; 3.815 ;       ;       ; 3.815 ;
; SW[3]      ; Hex1[0]     ; 3.852 ;       ;       ; 3.852 ;
; SW[3]      ; Hex1[3]     ; 3.432 ;       ;       ; 3.432 ;
; SW[3]      ; Hex1[4]     ; 3.442 ;       ;       ; 3.442 ;
; SW[3]      ; Hex1[5]     ; 3.866 ;       ;       ; 3.866 ;
; SW[3]      ; Hex1[6]     ; 3.467 ;       ;       ; 3.467 ;
; SW[3]      ; Hex2[0]     ; 3.800 ;       ;       ; 3.800 ;
; SW[3]      ; Hex2[3]     ; 3.962 ;       ;       ; 3.962 ;
; SW[3]      ; Hex2[4]     ; 3.955 ;       ;       ; 3.955 ;
; SW[3]      ; Hex2[5]     ; 3.945 ;       ;       ; 3.945 ;
; SW[3]      ; Hex2[6]     ; 3.964 ;       ;       ; 3.964 ;
; SW[4]      ; HEX0[0]     ;       ; 3.972 ; 3.972 ;       ;
; SW[4]      ; HEX0[1]     ; 3.716 ;       ;       ; 3.716 ;
; SW[4]      ; HEX0[2]     ; 3.845 ;       ;       ; 3.845 ;
; SW[4]      ; HEX0[5]     ;       ; 4.162 ; 4.162 ;       ;
; SW[4]      ; Hex1[0]     ;       ; 4.196 ; 4.196 ;       ;
; SW[4]      ; Hex1[1]     ; 3.918 ;       ;       ; 3.918 ;
; SW[4]      ; Hex1[2]     ; 3.918 ;       ;       ; 3.918 ;
; SW[4]      ; Hex1[5]     ;       ; 4.210 ; 4.210 ;       ;
; SW[4]      ; Hex2[0]     ;       ; 3.921 ; 3.921 ;       ;
; SW[4]      ; Hex2[1]     ; 3.620 ;       ;       ; 3.620 ;
; SW[4]      ; Hex2[2]     ; 3.660 ;       ;       ; 3.660 ;
; SW[4]      ; Hex2[5]     ;       ; 4.066 ; 4.066 ;       ;
; SW[5]      ; HEX0[0]     ; 3.396 ;       ;       ; 3.396 ;
; SW[5]      ; HEX0[3]     ; 3.630 ;       ;       ; 3.630 ;
; SW[5]      ; HEX0[4]     ; 3.652 ;       ;       ; 3.652 ;
; SW[5]      ; HEX0[5]     ; 3.586 ;       ;       ; 3.586 ;
; SW[5]      ; HEX0[6]     ; 3.652 ;       ;       ; 3.652 ;
; SW[5]      ; Hex1[0]     ; 3.743 ;       ;       ; 3.743 ;
; SW[5]      ; Hex1[3]     ; 3.619 ;       ;       ; 3.619 ;
; SW[5]      ; Hex1[4]     ; 3.629 ;       ;       ; 3.629 ;
; SW[5]      ; Hex1[5]     ; 3.757 ;       ;       ; 3.757 ;
; SW[5]      ; Hex1[6]     ; 3.654 ;       ;       ; 3.654 ;
; SW[5]      ; Hex2[0]     ; 3.703 ;       ;       ; 3.703 ;
; SW[5]      ; Hex2[3]     ; 3.509 ;       ;       ; 3.509 ;
; SW[5]      ; Hex2[4]     ; 3.502 ;       ;       ; 3.502 ;
; SW[5]      ; Hex2[5]     ; 3.848 ;       ;       ; 3.848 ;
; SW[5]      ; Hex2[6]     ; 3.511 ;       ;       ; 3.511 ;
; SW[8]      ; HEX0[0]     ; 3.042 ; 3.042 ; 3.042 ; 3.042 ;
; SW[8]      ; HEX0[1]     ; 3.160 ; 3.160 ; 3.160 ; 3.160 ;
; SW[8]      ; HEX0[2]     ; 3.289 ; 3.289 ; 3.289 ; 3.289 ;
; SW[8]      ; HEX0[3]     ; 3.276 ; 3.276 ; 3.276 ; 3.276 ;
; SW[8]      ; HEX0[4]     ; 3.298 ; 3.298 ; 3.298 ; 3.298 ;
; SW[8]      ; HEX0[5]     ; 3.232 ; 3.232 ; 3.232 ; 3.232 ;
; SW[8]      ; HEX0[6]     ; 3.298 ; 3.298 ; 3.298 ; 3.298 ;
; SW[8]      ; Hex1[0]     ; 3.394 ; 3.394 ; 3.394 ; 3.394 ;
; SW[8]      ; Hex1[1]     ; 3.347 ; 3.347 ; 3.347 ; 3.347 ;
; SW[8]      ; Hex1[2]     ; 3.347 ; 3.347 ; 3.347 ; 3.347 ;
; SW[8]      ; Hex1[3]     ; 3.270 ; 3.270 ; 3.270 ; 3.270 ;
; SW[8]      ; Hex1[4]     ; 3.280 ; 3.280 ; 3.280 ; 3.280 ;
; SW[8]      ; Hex1[5]     ; 3.408 ; 3.408 ; 3.408 ; 3.408 ;
; SW[8]      ; Hex1[6]     ; 3.305 ; 3.305 ; 3.305 ; 3.305 ;
; SW[8]      ; Hex2[0]     ; 3.287 ; 3.287 ; 3.287 ; 3.287 ;
; SW[8]      ; Hex2[1]     ; 3.579 ; 3.579 ; 3.579 ; 3.579 ;
; SW[8]      ; Hex2[2]     ; 3.619 ; 3.619 ; 3.619 ; 3.619 ;
; SW[8]      ; Hex2[3]     ; 3.449 ; 3.449 ; 3.449 ; 3.449 ;
; SW[8]      ; Hex2[4]     ; 3.442 ; 3.442 ; 3.442 ; 3.442 ;
; SW[8]      ; Hex2[5]     ; 3.432 ; 3.432 ; 3.432 ; 3.432 ;
; SW[8]      ; Hex2[6]     ; 3.451 ; 3.451 ; 3.451 ; 3.451 ;
; SW[9]      ; HEX0[0]     ; 3.121 ; 3.041 ; 3.041 ; 3.121 ;
; SW[9]      ; HEX0[1]     ; 2.873 ; 3.167 ; 3.167 ; 2.873 ;
; SW[9]      ; HEX0[2]     ; 3.002 ; 3.296 ; 3.296 ; 3.002 ;
; SW[9]      ; HEX0[3]     ; 2.992 ; 3.275 ; 3.275 ; 2.992 ;
; SW[9]      ; HEX0[4]     ; 3.014 ; 3.297 ; 3.297 ; 3.014 ;
; SW[9]      ; HEX0[5]     ; 3.311 ; 3.231 ; 3.231 ; 3.311 ;
; SW[9]      ; HEX0[6]     ; 3.014 ; 3.297 ; 3.297 ; 3.014 ;
; SW[9]      ; Hex1[0]     ; 3.334 ; 3.334 ; 3.334 ; 3.334 ;
; SW[9]      ; Hex1[1]     ; 3.069 ; 3.347 ; 3.347 ; 3.069 ;
; SW[9]      ; Hex1[2]     ; 3.069 ; 3.347 ; 3.347 ; 3.069 ;
; SW[9]      ; Hex1[3]     ; 3.084 ; 3.264 ; 3.264 ; 3.084 ;
; SW[9]      ; Hex1[4]     ; 3.094 ; 3.274 ; 3.274 ; 3.094 ;
; SW[9]      ; Hex1[5]     ; 3.348 ; 3.348 ; 3.348 ; 3.348 ;
; SW[9]      ; Hex1[6]     ; 3.119 ; 3.299 ; 3.299 ; 3.119 ;
; SW[9]      ; Hex2[0]     ; 3.350 ; 3.294 ; 3.294 ; 3.350 ;
; SW[9]      ; Hex2[1]     ; 3.197 ; 3.474 ; 3.474 ; 3.197 ;
; SW[9]      ; Hex2[2]     ; 3.237 ; 3.514 ; 3.514 ; 3.237 ;
; SW[9]      ; Hex2[3]     ; 3.166 ; 3.456 ; 3.456 ; 3.166 ;
; SW[9]      ; Hex2[4]     ; 3.159 ; 3.449 ; 3.449 ; 3.159 ;
; SW[9]      ; Hex2[5]     ; 3.495 ; 3.439 ; 3.439 ; 3.495 ;
; SW[9]      ; Hex2[6]     ; 3.168 ; 3.458 ; 3.458 ; 3.168 ;
+------------+-------------+-------+-------+-------+-------+


+----------------------------------------------------------------------------+
; Multicorner Timing Analysis Summary                                        ;
+------------------+-------+------+----------+---------+---------------------+
; Clock            ; Setup ; Hold ; Recovery ; Removal ; Minimum Pulse Width ;
+------------------+-------+------+----------+---------+---------------------+
; Worst-case Slack ; N/A   ; N/A  ; N/A      ; N/A     ; N/A                 ;
; Design-wide TNS  ; 0.0   ; 0.0  ; 0.0      ; 0.0     ; 0.0                 ;
+------------------+-------+------+----------+---------+---------------------+


+------------------------------------------------------------+
; Progagation Delay                                          ;
+------------+-------------+-------+--------+--------+-------+
; Input Port ; Output Port ; RR    ; RF     ; FR     ; FF    ;
+------------+-------------+-------+--------+--------+-------+
; SW[0]      ; HEX0[0]     ;       ; 8.163  ; 8.163  ;       ;
; SW[0]      ; HEX0[1]     ; 7.380 ;        ;        ; 7.380 ;
; SW[0]      ; HEX0[2]     ; 7.722 ;        ;        ; 7.722 ;
; SW[0]      ; HEX0[5]     ;       ; 8.571  ; 8.571  ;       ;
; SW[0]      ; Hex1[0]     ;       ; 9.492  ; 9.492  ;       ;
; SW[0]      ; Hex1[1]     ; 8.759 ;        ;        ; 8.759 ;
; SW[0]      ; Hex1[2]     ; 8.759 ;        ;        ; 8.759 ;
; SW[0]      ; Hex1[5]     ;       ; 9.508  ; 9.508  ;       ;
; SW[0]      ; Hex2[0]     ;       ; 9.914  ; 9.914  ;       ;
; SW[0]      ; Hex2[1]     ; 9.441 ;        ;        ; 9.441 ;
; SW[0]      ; Hex2[2]     ; 9.481 ;        ;        ; 9.481 ;
; SW[0]      ; Hex2[5]     ;       ; 10.270 ; 10.270 ;       ;
; SW[1]      ; HEX0[0]     ; 8.144 ;        ;        ; 8.144 ;
; SW[1]      ; HEX0[3]     ; 7.297 ;        ;        ; 7.297 ;
; SW[1]      ; HEX0[4]     ; 7.320 ;        ;        ; 7.320 ;
; SW[1]      ; HEX0[5]     ; 8.552 ;        ;        ; 8.552 ;
; SW[1]      ; HEX0[6]     ; 7.320 ;        ;        ; 7.320 ;
; SW[1]      ; Hex1[0]     ; 8.809 ;        ;        ; 8.809 ;
; SW[1]      ; Hex1[3]     ; 8.454 ;        ;        ; 8.454 ;
; SW[1]      ; Hex1[4]     ; 8.464 ;        ;        ; 8.464 ;
; SW[1]      ; Hex1[5]     ; 8.825 ;        ;        ; 8.825 ;
; SW[1]      ; Hex1[6]     ; 8.490 ;        ;        ; 8.490 ;
; SW[1]      ; Hex2[0]     ; 8.149 ;        ;        ; 8.149 ;
; SW[1]      ; Hex2[3]     ; 8.510 ;        ;        ; 8.510 ;
; SW[1]      ; Hex2[4]     ; 8.503 ;        ;        ; 8.503 ;
; SW[1]      ; Hex2[5]     ; 8.505 ;        ;        ; 8.505 ;
; SW[1]      ; Hex2[6]     ; 8.513 ;        ;        ; 8.513 ;
; SW[2]      ; HEX0[0]     ;       ; 8.625  ; 8.625  ;       ;
; SW[2]      ; HEX0[1]     ; 7.840 ;        ;        ; 7.840 ;
; SW[2]      ; HEX0[2]     ; 8.182 ;        ;        ; 8.182 ;
; SW[2]      ; HEX0[5]     ;       ; 9.033  ; 9.033  ;       ;
; SW[2]      ; Hex1[0]     ;       ; 8.295  ; 8.295  ;       ;
; SW[2]      ; Hex1[1]     ; 7.561 ;        ;        ; 7.561 ;
; SW[2]      ; Hex1[2]     ; 7.561 ;        ;        ; 7.561 ;
; SW[2]      ; Hex1[5]     ;       ; 8.311  ; 8.311  ;       ;
; SW[2]      ; Hex2[0]     ;       ; 9.195  ; 9.195  ;       ;
; SW[2]      ; Hex2[1]     ; 8.722 ;        ;        ; 8.722 ;
; SW[2]      ; Hex2[2]     ; 8.762 ;        ;        ; 8.762 ;
; SW[2]      ; Hex2[5]     ;       ; 9.551  ; 9.551  ;       ;
; SW[3]      ; HEX0[0]     ; 7.723 ;        ;        ; 7.723 ;
; SW[3]      ; HEX0[3]     ; 8.323 ;        ;        ; 8.323 ;
; SW[3]      ; HEX0[4]     ; 8.346 ;        ;        ; 8.346 ;
; SW[3]      ; HEX0[5]     ; 8.131 ;        ;        ; 8.131 ;
; SW[3]      ; HEX0[6]     ; 8.346 ;        ;        ; 8.346 ;
; SW[3]      ; Hex1[0]     ; 8.425 ;        ;        ; 8.425 ;
; SW[3]      ; Hex1[3]     ; 7.239 ;        ;        ; 7.239 ;
; SW[3]      ; Hex1[4]     ; 7.249 ;        ;        ; 7.249 ;
; SW[3]      ; Hex1[5]     ; 8.441 ;        ;        ; 8.441 ;
; SW[3]      ; Hex1[6]     ; 7.275 ;        ;        ; 7.275 ;
; SW[3]      ; Hex2[0]     ; 8.320 ;        ;        ; 8.320 ;
; SW[3]      ; Hex2[3]     ; 8.681 ;        ;        ; 8.681 ;
; SW[3]      ; Hex2[4]     ; 8.674 ;        ;        ; 8.674 ;
; SW[3]      ; Hex2[5]     ; 8.676 ;        ;        ; 8.676 ;
; SW[3]      ; Hex2[6]     ; 8.684 ;        ;        ; 8.684 ;
; SW[4]      ; HEX0[0]     ;       ; 8.966  ; 8.966  ;       ;
; SW[4]      ; HEX0[1]     ; 8.181 ;        ;        ; 8.181 ;
; SW[4]      ; HEX0[2]     ; 8.523 ;        ;        ; 8.523 ;
; SW[4]      ; HEX0[5]     ;       ; 9.374  ; 9.374  ;       ;
; SW[4]      ; Hex1[0]     ;       ; 9.473  ; 9.473  ;       ;
; SW[4]      ; Hex1[1]     ; 8.740 ;        ;        ; 8.740 ;
; SW[4]      ; Hex1[2]     ; 8.740 ;        ;        ; 8.740 ;
; SW[4]      ; Hex1[5]     ;       ; 9.489  ; 9.489  ;       ;
; SW[4]      ; Hex2[0]     ;       ; 8.727  ; 8.727  ;       ;
; SW[4]      ; Hex2[1]     ; 7.859 ;        ;        ; 7.859 ;
; SW[4]      ; Hex2[2]     ; 7.899 ;        ;        ; 7.899 ;
; SW[4]      ; Hex2[5]     ;       ; 9.083  ; 9.083  ;       ;
; SW[5]      ; HEX0[0]     ; 7.401 ;        ;        ; 7.401 ;
; SW[5]      ; HEX0[3]     ; 8.001 ;        ;        ; 8.001 ;
; SW[5]      ; HEX0[4]     ; 8.024 ;        ;        ; 8.024 ;
; SW[5]      ; HEX0[5]     ; 7.809 ;        ;        ; 7.809 ;
; SW[5]      ; HEX0[6]     ; 8.024 ;        ;        ; 8.024 ;
; SW[5]      ; Hex1[0]     ; 8.260 ;        ;        ; 8.260 ;
; SW[5]      ; Hex1[3]     ; 7.905 ;        ;        ; 7.905 ;
; SW[5]      ; Hex1[4]     ; 7.915 ;        ;        ; 7.915 ;
; SW[5]      ; Hex1[5]     ; 8.276 ;        ;        ; 8.276 ;
; SW[5]      ; Hex1[6]     ; 7.941 ;        ;        ; 7.941 ;
; SW[5]      ; Hex2[0]     ; 8.182 ;        ;        ; 8.182 ;
; SW[5]      ; Hex2[3]     ; 7.523 ;        ;        ; 7.523 ;
; SW[5]      ; Hex2[4]     ; 7.516 ;        ;        ; 7.516 ;
; SW[5]      ; Hex2[5]     ; 8.538 ;        ;        ; 8.538 ;
; SW[5]      ; Hex2[6]     ; 7.526 ;        ;        ; 7.526 ;
; SW[8]      ; HEX0[0]     ; 7.637 ; 7.637  ; 7.637  ; 7.637 ;
; SW[8]      ; HEX0[1]     ; 6.852 ; 6.852  ; 6.852  ; 6.852 ;
; SW[8]      ; HEX0[2]     ; 7.194 ; 7.194  ; 7.194  ; 7.194 ;
; SW[8]      ; HEX0[3]     ; 7.238 ; 7.238  ; 7.238  ; 7.238 ;
; SW[8]      ; HEX0[4]     ; 7.261 ; 7.261  ; 7.261  ; 7.261 ;
; SW[8]      ; HEX0[5]     ; 8.045 ; 8.045  ; 8.045  ; 8.045 ;
; SW[8]      ; HEX0[6]     ; 7.261 ; 7.261  ; 7.261  ; 7.261 ;
; SW[8]      ; Hex1[0]     ; 8.170 ; 8.170  ; 8.170  ; 8.170 ;
; SW[8]      ; Hex1[1]     ; 7.437 ; 7.437  ; 7.437  ; 7.437 ;
; SW[8]      ; Hex1[2]     ; 7.437 ; 7.437  ; 7.437  ; 7.437 ;
; SW[8]      ; Hex1[3]     ; 7.106 ; 7.106  ; 7.106  ; 7.106 ;
; SW[8]      ; Hex1[4]     ; 7.116 ; 7.116  ; 7.116  ; 7.116 ;
; SW[8]      ; Hex1[5]     ; 8.186 ; 8.186  ; 8.186  ; 8.186 ;
; SW[8]      ; Hex1[6]     ; 7.142 ; 7.142  ; 7.142  ; 7.142 ;
; SW[8]      ; Hex2[0]     ; 8.509 ; 8.509  ; 8.509  ; 8.509 ;
; SW[8]      ; Hex2[1]     ; 8.036 ; 8.036  ; 8.036  ; 8.036 ;
; SW[8]      ; Hex2[2]     ; 8.076 ; 8.076  ; 8.076  ; 8.076 ;
; SW[8]      ; Hex2[3]     ; 7.562 ; 7.562  ; 7.562  ; 7.562 ;
; SW[8]      ; Hex2[4]     ; 7.555 ; 7.555  ; 7.555  ; 7.555 ;
; SW[8]      ; Hex2[5]     ; 8.865 ; 8.865  ; 8.865  ; 8.865 ;
; SW[8]      ; Hex2[6]     ; 7.565 ; 7.565  ; 7.565  ; 7.565 ;
; SW[9]      ; HEX0[0]     ; 7.590 ; 6.750  ; 6.750  ; 7.590 ;
; SW[9]      ; HEX0[1]     ; 5.969 ; 6.805  ; 6.805  ; 5.969 ;
; SW[9]      ; HEX0[2]     ; 6.311 ; 7.147  ; 7.147  ; 6.311 ;
; SW[9]      ; HEX0[3]     ; 6.293 ; 7.147  ; 7.147  ; 6.293 ;
; SW[9]      ; HEX0[4]     ; 6.316 ; 7.170  ; 7.170  ; 6.316 ;
; SW[9]      ; HEX0[5]     ; 7.998 ; 7.158  ; 7.158  ; 7.998 ;
; SW[9]      ; HEX0[6]     ; 6.316 ; 7.170  ; 7.170  ; 6.316 ;
; SW[9]      ; Hex1[0]     ; 8.079 ; 7.406  ; 7.406  ; 8.079 ;
; SW[9]      ; Hex1[1]     ; 6.525 ; 7.346  ; 7.346  ; 6.525 ;
; SW[9]      ; Hex1[2]     ; 6.525 ; 7.346  ; 7.346  ; 6.525 ;
; SW[9]      ; Hex1[3]     ; 6.549 ; 7.051  ; 7.051  ; 6.549 ;
; SW[9]      ; Hex1[4]     ; 6.559 ; 7.061  ; 7.061  ; 6.559 ;
; SW[9]      ; Hex1[5]     ; 8.095 ; 7.422  ; 7.422  ; 8.095 ;
; SW[9]      ; Hex1[6]     ; 6.585 ; 7.087  ; 7.087  ; 6.585 ;
; SW[9]      ; Hex2[0]     ; 8.155 ; 7.330  ; 7.330  ; 8.155 ;
; SW[9]      ; Hex2[1]     ; 6.863 ; 7.682  ; 7.682  ; 6.863 ;
; SW[9]      ; Hex2[2]     ; 6.903 ; 7.722  ; 7.722  ; 6.903 ;
; SW[9]      ; Hex2[3]     ; 6.676 ; 7.515  ; 7.515  ; 6.676 ;
; SW[9]      ; Hex2[4]     ; 6.669 ; 7.508  ; 7.508  ; 6.669 ;
; SW[9]      ; Hex2[5]     ; 8.511 ; 7.686  ; 7.686  ; 8.511 ;
; SW[9]      ; Hex2[6]     ; 6.679 ; 7.518  ; 7.518  ; 6.679 ;
+------------+-------------+-------+--------+--------+-------+


+----------------------------------------------------------+
; Minimum Progagation Delay                                ;
+------------+-------------+-------+-------+-------+-------+
; Input Port ; Output Port ; RR    ; RF    ; FR    ; FF    ;
+------------+-------------+-------+-------+-------+-------+
; SW[0]      ; HEX0[0]     ;       ; 3.714 ; 3.714 ;       ;
; SW[0]      ; HEX0[1]     ; 3.460 ;       ;       ; 3.460 ;
; SW[0]      ; HEX0[2]     ; 3.589 ;       ;       ; 3.589 ;
; SW[0]      ; HEX0[5]     ;       ; 3.904 ; 3.904 ;       ;
; SW[0]      ; Hex1[0]     ;       ; 4.219 ; 4.219 ;       ;
; SW[0]      ; Hex1[1]     ; 3.941 ;       ;       ; 3.941 ;
; SW[0]      ; Hex1[2]     ; 3.941 ;       ;       ; 3.941 ;
; SW[0]      ; Hex1[5]     ;       ; 4.233 ; 4.233 ;       ;
; SW[0]      ; Hex2[0]     ;       ; 4.354 ; 4.354 ;       ;
; SW[0]      ; Hex2[1]     ; 4.184 ;       ;       ; 4.184 ;
; SW[0]      ; Hex2[2]     ; 4.224 ;       ;       ; 4.224 ;
; SW[0]      ; Hex2[5]     ;       ; 4.499 ; 4.499 ;       ;
; SW[1]      ; HEX0[0]     ; 3.637 ;       ;       ; 3.637 ;
; SW[1]      ; HEX0[3]     ; 3.371 ;       ;       ; 3.371 ;
; SW[1]      ; HEX0[4]     ; 3.393 ;       ;       ; 3.393 ;
; SW[1]      ; HEX0[5]     ; 3.827 ;       ;       ; 3.827 ;
; SW[1]      ; HEX0[6]     ; 3.393 ;       ;       ; 3.393 ;
; SW[1]      ; Hex1[0]     ; 3.914 ;       ;       ; 3.914 ;
; SW[1]      ; Hex1[3]     ; 3.790 ;       ;       ; 3.790 ;
; SW[1]      ; Hex1[4]     ; 3.800 ;       ;       ; 3.800 ;
; SW[1]      ; Hex1[5]     ; 3.928 ;       ;       ; 3.928 ;
; SW[1]      ; Hex1[6]     ; 3.825 ;       ;       ; 3.825 ;
; SW[1]      ; Hex2[0]     ; 3.664 ;       ;       ; 3.664 ;
; SW[1]      ; Hex2[3]     ; 3.826 ;       ;       ; 3.826 ;
; SW[1]      ; Hex2[4]     ; 3.819 ;       ;       ; 3.819 ;
; SW[1]      ; Hex2[5]     ; 3.809 ;       ;       ; 3.809 ;
; SW[1]      ; Hex2[6]     ; 3.828 ;       ;       ; 3.828 ;
; SW[2]      ; HEX0[0]     ;       ; 3.827 ; 3.827 ;       ;
; SW[2]      ; HEX0[1]     ; 3.571 ;       ;       ; 3.571 ;
; SW[2]      ; HEX0[2]     ; 3.700 ;       ;       ; 3.700 ;
; SW[2]      ; HEX0[5]     ;       ; 4.017 ; 4.017 ;       ;
; SW[2]      ; Hex1[0]     ;       ; 3.752 ; 3.752 ;       ;
; SW[2]      ; Hex1[1]     ; 3.475 ;       ;       ; 3.475 ;
; SW[2]      ; Hex1[2]     ; 3.475 ;       ;       ; 3.475 ;
; SW[2]      ; Hex1[5]     ;       ; 3.766 ; 3.766 ;       ;
; SW[2]      ; Hex2[0]     ;       ; 4.056 ; 4.056 ;       ;
; SW[2]      ; Hex2[1]     ; 3.886 ;       ;       ; 3.886 ;
; SW[2]      ; Hex2[2]     ; 3.926 ;       ;       ; 3.926 ;
; SW[2]      ; Hex2[5]     ;       ; 4.201 ; 4.201 ;       ;
; SW[3]      ; HEX0[0]     ; 3.559 ;       ;       ; 3.559 ;
; SW[3]      ; HEX0[3]     ; 3.793 ;       ;       ; 3.793 ;
; SW[3]      ; HEX0[4]     ; 3.815 ;       ;       ; 3.815 ;
; SW[3]      ; HEX0[5]     ; 3.749 ;       ;       ; 3.749 ;
; SW[3]      ; HEX0[6]     ; 3.815 ;       ;       ; 3.815 ;
; SW[3]      ; Hex1[0]     ; 3.852 ;       ;       ; 3.852 ;
; SW[3]      ; Hex1[3]     ; 3.432 ;       ;       ; 3.432 ;
; SW[3]      ; Hex1[4]     ; 3.442 ;       ;       ; 3.442 ;
; SW[3]      ; Hex1[5]     ; 3.866 ;       ;       ; 3.866 ;
; SW[3]      ; Hex1[6]     ; 3.467 ;       ;       ; 3.467 ;
; SW[3]      ; Hex2[0]     ; 3.800 ;       ;       ; 3.800 ;
; SW[3]      ; Hex2[3]     ; 3.962 ;       ;       ; 3.962 ;
; SW[3]      ; Hex2[4]     ; 3.955 ;       ;       ; 3.955 ;
; SW[3]      ; Hex2[5]     ; 3.945 ;       ;       ; 3.945 ;
; SW[3]      ; Hex2[6]     ; 3.964 ;       ;       ; 3.964 ;
; SW[4]      ; HEX0[0]     ;       ; 3.972 ; 3.972 ;       ;
; SW[4]      ; HEX0[1]     ; 3.716 ;       ;       ; 3.716 ;
; SW[4]      ; HEX0[2]     ; 3.845 ;       ;       ; 3.845 ;
; SW[4]      ; HEX0[5]     ;       ; 4.162 ; 4.162 ;       ;
; SW[4]      ; Hex1[0]     ;       ; 4.196 ; 4.196 ;       ;
; SW[4]      ; Hex1[1]     ; 3.918 ;       ;       ; 3.918 ;
; SW[4]      ; Hex1[2]     ; 3.918 ;       ;       ; 3.918 ;
; SW[4]      ; Hex1[5]     ;       ; 4.210 ; 4.210 ;       ;
; SW[4]      ; Hex2[0]     ;       ; 3.921 ; 3.921 ;       ;
; SW[4]      ; Hex2[1]     ; 3.620 ;       ;       ; 3.620 ;
; SW[4]      ; Hex2[2]     ; 3.660 ;       ;       ; 3.660 ;
; SW[4]      ; Hex2[5]     ;       ; 4.066 ; 4.066 ;       ;
; SW[5]      ; HEX0[0]     ; 3.396 ;       ;       ; 3.396 ;
; SW[5]      ; HEX0[3]     ; 3.630 ;       ;       ; 3.630 ;
; SW[5]      ; HEX0[4]     ; 3.652 ;       ;       ; 3.652 ;
; SW[5]      ; HEX0[5]     ; 3.586 ;       ;       ; 3.586 ;
; SW[5]      ; HEX0[6]     ; 3.652 ;       ;       ; 3.652 ;
; SW[5]      ; Hex1[0]     ; 3.743 ;       ;       ; 3.743 ;
; SW[5]      ; Hex1[3]     ; 3.619 ;       ;       ; 3.619 ;
; SW[5]      ; Hex1[4]     ; 3.629 ;       ;       ; 3.629 ;
; SW[5]      ; Hex1[5]     ; 3.757 ;       ;       ; 3.757 ;
; SW[5]      ; Hex1[6]     ; 3.654 ;       ;       ; 3.654 ;
; SW[5]      ; Hex2[0]     ; 3.703 ;       ;       ; 3.703 ;
; SW[5]      ; Hex2[3]     ; 3.509 ;       ;       ; 3.509 ;
; SW[5]      ; Hex2[4]     ; 3.502 ;       ;       ; 3.502 ;
; SW[5]      ; Hex2[5]     ; 3.848 ;       ;       ; 3.848 ;
; SW[5]      ; Hex2[6]     ; 3.511 ;       ;       ; 3.511 ;
; SW[8]      ; HEX0[0]     ; 3.042 ; 3.042 ; 3.042 ; 3.042 ;
; SW[8]      ; HEX0[1]     ; 3.160 ; 3.160 ; 3.160 ; 3.160 ;
; SW[8]      ; HEX0[2]     ; 3.289 ; 3.289 ; 3.289 ; 3.289 ;
; SW[8]      ; HEX0[3]     ; 3.276 ; 3.276 ; 3.276 ; 3.276 ;
; SW[8]      ; HEX0[4]     ; 3.298 ; 3.298 ; 3.298 ; 3.298 ;
; SW[8]      ; HEX0[5]     ; 3.232 ; 3.232 ; 3.232 ; 3.232 ;
; SW[8]      ; HEX0[6]     ; 3.298 ; 3.298 ; 3.298 ; 3.298 ;
; SW[8]      ; Hex1[0]     ; 3.394 ; 3.394 ; 3.394 ; 3.394 ;
; SW[8]      ; Hex1[1]     ; 3.347 ; 3.347 ; 3.347 ; 3.347 ;
; SW[8]      ; Hex1[2]     ; 3.347 ; 3.347 ; 3.347 ; 3.347 ;
; SW[8]      ; Hex1[3]     ; 3.270 ; 3.270 ; 3.270 ; 3.270 ;
; SW[8]      ; Hex1[4]     ; 3.280 ; 3.280 ; 3.280 ; 3.280 ;
; SW[8]      ; Hex1[5]     ; 3.408 ; 3.408 ; 3.408 ; 3.408 ;
; SW[8]      ; Hex1[6]     ; 3.305 ; 3.305 ; 3.305 ; 3.305 ;
; SW[8]      ; Hex2[0]     ; 3.287 ; 3.287 ; 3.287 ; 3.287 ;
; SW[8]      ; Hex2[1]     ; 3.579 ; 3.579 ; 3.579 ; 3.579 ;
; SW[8]      ; Hex2[2]     ; 3.619 ; 3.619 ; 3.619 ; 3.619 ;
; SW[8]      ; Hex2[3]     ; 3.449 ; 3.449 ; 3.449 ; 3.449 ;
; SW[8]      ; Hex2[4]     ; 3.442 ; 3.442 ; 3.442 ; 3.442 ;
; SW[8]      ; Hex2[5]     ; 3.432 ; 3.432 ; 3.432 ; 3.432 ;
; SW[8]      ; Hex2[6]     ; 3.451 ; 3.451 ; 3.451 ; 3.451 ;
; SW[9]      ; HEX0[0]     ; 3.121 ; 3.041 ; 3.041 ; 3.121 ;
; SW[9]      ; HEX0[1]     ; 2.873 ; 3.167 ; 3.167 ; 2.873 ;
; SW[9]      ; HEX0[2]     ; 3.002 ; 3.296 ; 3.296 ; 3.002 ;
; SW[9]      ; HEX0[3]     ; 2.992 ; 3.275 ; 3.275 ; 2.992 ;
; SW[9]      ; HEX0[4]     ; 3.014 ; 3.297 ; 3.297 ; 3.014 ;
; SW[9]      ; HEX0[5]     ; 3.311 ; 3.231 ; 3.231 ; 3.311 ;
; SW[9]      ; HEX0[6]     ; 3.014 ; 3.297 ; 3.297 ; 3.014 ;
; SW[9]      ; Hex1[0]     ; 3.334 ; 3.334 ; 3.334 ; 3.334 ;
; SW[9]      ; Hex1[1]     ; 3.069 ; 3.347 ; 3.347 ; 3.069 ;
; SW[9]      ; Hex1[2]     ; 3.069 ; 3.347 ; 3.347 ; 3.069 ;
; SW[9]      ; Hex1[3]     ; 3.084 ; 3.264 ; 3.264 ; 3.084 ;
; SW[9]      ; Hex1[4]     ; 3.094 ; 3.274 ; 3.274 ; 3.094 ;
; SW[9]      ; Hex1[5]     ; 3.348 ; 3.348 ; 3.348 ; 3.348 ;
; SW[9]      ; Hex1[6]     ; 3.119 ; 3.299 ; 3.299 ; 3.119 ;
; SW[9]      ; Hex2[0]     ; 3.350 ; 3.294 ; 3.294 ; 3.350 ;
; SW[9]      ; Hex2[1]     ; 3.197 ; 3.474 ; 3.474 ; 3.197 ;
; SW[9]      ; Hex2[2]     ; 3.237 ; 3.514 ; 3.514 ; 3.237 ;
; SW[9]      ; Hex2[3]     ; 3.166 ; 3.456 ; 3.456 ; 3.166 ;
; SW[9]      ; Hex2[4]     ; 3.159 ; 3.449 ; 3.449 ; 3.159 ;
; SW[9]      ; Hex2[5]     ; 3.495 ; 3.439 ; 3.439 ; 3.495 ;
; SW[9]      ; Hex2[6]     ; 3.168 ; 3.458 ; 3.458 ; 3.168 ;
+------------+-------------+-------+-------+-------+-------+


-------------------
; Clock Transfers ;
-------------------
Nothing to report.


---------------
; Report TCCS ;
---------------
No dedicated SERDES Transmitter circuitry present in device or used in design


---------------
; Report RSKM ;
---------------
No dedicated SERDES Receiver circuitry present in device or used in design


+------------------------------------------------+
; Unconstrained Paths                            ;
+---------------------------------+-------+------+
; Property                        ; Setup ; Hold ;
+---------------------------------+-------+------+
; Illegal Clocks                  ; 0     ; 0    ;
; Unconstrained Clocks            ; 0     ; 0    ;
; Unconstrained Input Ports       ; 8     ; 8    ;
; Unconstrained Input Port Paths  ; 123   ; 123  ;
; Unconstrained Output Ports      ; 21    ; 21   ;
; Unconstrained Output Port Paths ; 123   ; 123  ;
+---------------------------------+-------+------+


+------------------------------------+
; TimeQuest Timing Analyzer Messages ;
+------------------------------------+
Info: *******************************************************************
Info: Running Quartus II 64-Bit TimeQuest Timing Analyzer
    Info: Version 13.0.1 Build 232 06/12/2013 Service Pack 1 SJ Full Version
    Info: Processing started: Thu Sep 26 21:26:33 2019
Info: Command: quartus_sta part5 -c part5
Info: qsta_default_script.tcl version: #1
Info (11104): Parallel Compilation has detected 8 hyper-threaded processors. However, the extra hyper-threaded processors will not be used by default. Parallel Compilation will use 4 of the 4 physical processors detected instead.
Info (21077): Low junction temperature is 0 degrees C
Info (21077): High junction temperature is 85 degrees C
Critical Warning (332012): Synopsys Design Constraints File file not found: 'part5.sdc'. A Synopsys Design Constraints File is required by the TimeQuest Timing Analyzer to get proper timing constraints. Without it, the Compiler will not properly optimize the design.
Info (332142): No user constrained base clocks found in the design. Calling "derive_clocks -period 1.0"
Info (332096): The command derive_clocks did not find any clocks to derive.  No clocks were created or changed.
Warning (332068): No clocks defined in design.
Info: Found TIMEQUEST_REPORT_SCRIPT_INCLUDE_DEFAULT_ANALYSIS = ON
Info (332159): No clocks to report
Info: Analyzing Slow Model
Info (332140): No fmax paths to report
Info (332140): No Setup paths to report
Info (332140): No Hold paths to report
Info (332140): No Recovery paths to report
Info (332140): No Removal paths to report
Info (332140): No Minimum Pulse Width paths to report
Info (332001): The selected device family is not supported by the report_metastability command.
Info: Analyzing Fast Model
Info (332142): No user constrained base clocks found in the design. Calling "derive_clocks -period 1.0"
Info (332096): The command derive_clocks did not find any clocks to derive.  No clocks were created or changed.
Warning (332068): No clocks defined in design.
Info (332140): No Setup paths to report
Info (332140): No Hold paths to report
Info (332140): No Recovery paths to report
Info (332140): No Removal paths to report
Info (332140): No Minimum Pulse Width paths to report
Info (332001): The selected device family is not supported by the report_metastability command.
Info (332102): Design is not fully constrained for setup requirements
Info (332102): Design is not fully constrained for hold requirements
Info: Quartus II 64-Bit TimeQuest Timing Analyzer was successful. 0 errors, 3 warnings
    Info: Peak virtual memory: 4605 megabytes
    Info: Processing ended: Thu Sep 26 21:26:34 2019
    Info: Elapsed time: 00:00:01
    Info: Total CPU time (on all processors): 00:00:01


